<?xml version="1.0" encoding="UTF-8"?>
<coverage generated="1755764856493" clover="3.2.0">
  <project timestamp="1755764856493" name="All files">
    <metrics statements="4639" coveredstatements="2148" conditionals="2624" coveredconditionals="1161" methods="1339" coveredmethods="599" elements="8602" coveredelements="3908" complexity="0" loc="4639" ncloc="4639" packages="40" files="137" classes="137"/>
    <package name="app">
      <metrics statements="9" coveredstatements="9" conditionals="0" coveredconditionals="0" methods="2" coveredmethods="2"/>
      <file name="layout.tsx" path="/Users/sergeypodolskiy/CODEBASE/25 08 18 Tinder For Real Estate v3/SwipeLinkEstate/app/layout.tsx">
        <metrics statements="7" coveredstatements="7" conditionals="0" coveredconditionals="0" methods="1" coveredmethods="1"/>
        <line num="2" count="1" type="stmt"/>
        <line num="3" count="1" type="stmt"/>
        <line num="4" count="1" type="stmt"/>
        <line num="5" count="1" type="stmt"/>
        <line num="7" count="1" type="stmt"/>
        <line num="9" count="4" type="stmt"/>
        <line num="15" count="10" type="stmt"/>
      </file>
      <file name="page.tsx" path="/Users/sergeypodolskiy/CODEBASE/25 08 18 Tinder For Real Estate v3/SwipeLinkEstate/app/page.tsx">
        <metrics statements="2" coveredstatements="2" conditionals="0" coveredconditionals="0" methods="1" coveredmethods="1"/>
        <line num="1" count="1" type="stmt"/>
        <line num="3" count="4" type="stmt"/>
      </file>
    </package>
    <package name="app.(agent).analytics">
      <metrics statements="32" coveredstatements="27" conditionals="43" coveredconditionals="33" methods="10" coveredmethods="8"/>
      <file name="page.tsx" path="/Users/sergeypodolskiy/CODEBASE/25 08 18 Tinder For Real Estate v3/SwipeLinkEstate/app/(agent)/analytics/page.tsx">
        <metrics statements="32" coveredstatements="27" conditionals="43" coveredconditionals="33" methods="10" coveredmethods="8"/>
        <line num="3" count="2" type="stmt"/>
        <line num="4" count="2" type="stmt"/>
        <line num="5" count="2" type="stmt"/>
        <line num="6" count="2" type="stmt"/>
        <line num="7" count="2" type="stmt"/>
        <line num="8" count="2" type="stmt"/>
        <line num="9" count="2" type="stmt"/>
        <line num="10" count="2" type="stmt"/>
        <line num="12" count="37" type="stmt"/>
        <line num="13" count="56" type="stmt"/>
        <line num="14" count="55" type="stmt"/>
        <line num="17" count="55" type="stmt"/>
        <line num="20" count="31" type="stmt"/>
        <line num="30" count="31" type="cond" truecount="1" falsecount="1"/>
        <line num="32" count="31" type="stmt"/>
        <line num="33" count="0" type="stmt"/>
        <line num="34" count="0" type="cond" truecount="0" falsecount="2"/>
        <line num="35" count="0" type="stmt"/>
        <line num="37" count="0" type="stmt"/>
        <line num="41" count="31" type="stmt"/>
        <line num="42" count="31" type="cond" truecount="1" falsecount="0"/>
        <line num="43" count="47" type="stmt"/>
        <line num="50" count="31" type="stmt"/>
        <line num="51" count="31" type="cond" truecount="1" falsecount="0"/>
        <line num="52" count="50" type="stmt"/>
        <line num="59" count="31" type="stmt"/>
        <line num="60" count="31" type="cond" truecount="1" falsecount="0"/>
        <line num="61" count="26" type="stmt"/>
        <line num="62" count="26" type="stmt"/>
        <line num="108" count="0" type="stmt"/>
        <line num="120" count="1" type="stmt"/>
        <line num="235" count="47" type="stmt"/>
      </file>
    </package>
    <package name="app.(agent).crm">
      <metrics statements="9" coveredstatements="0" conditionals="23" coveredconditionals="0" methods="4" coveredmethods="0"/>
      <file name="page.tsx" path="/Users/sergeypodolskiy/CODEBASE/25 08 18 Tinder For Real Estate v3/SwipeLinkEstate/app/(agent)/crm/page.tsx">
        <metrics statements="9" coveredstatements="0" conditionals="23" coveredconditionals="0" methods="4" coveredmethods="0"/>
        <line num="3" count="0" type="stmt"/>
        <line num="4" count="0" type="stmt"/>
        <line num="5" count="0" type="stmt"/>
        <line num="13" count="0" type="stmt"/>
        <line num="19" count="0" type="stmt"/>
        <line num="21" count="0" type="cond" truecount="0" falsecount="1"/>
        <line num="29" count="0" type="cond" truecount="0" falsecount="1"/>
        <line num="95" count="0" type="stmt"/>
        <line num="127" count="0" type="stmt"/>
      </file>
    </package>
    <package name="app.(agent).dashboard">
      <metrics statements="55" coveredstatements="33" conditionals="40" coveredconditionals="27" methods="14" coveredmethods="3"/>
      <file name="page.tsx" path="/Users/sergeypodolskiy/CODEBASE/25 08 18 Tinder For Real Estate v3/SwipeLinkEstate/app/(agent)/dashboard/page.tsx">
        <metrics statements="55" coveredstatements="33" conditionals="40" coveredconditionals="27" methods="14" coveredmethods="3"/>
        <line num="3" count="6" type="stmt"/>
        <line num="4" count="6" type="stmt"/>
        <line num="5" count="6" type="stmt"/>
        <line num="6" count="6" type="stmt"/>
        <line num="8" count="6" type="stmt"/>
        <line num="9" count="6" type="stmt"/>
        <line num="10" count="6" type="stmt"/>
        <line num="11" count="6" type="stmt"/>
        <line num="12" count="6" type="stmt"/>
        <line num="13" count="6" type="stmt"/>
        <line num="14" count="6" type="stmt"/>
        <line num="15" count="6" type="stmt"/>
        <line num="16" count="6" type="stmt"/>
        <line num="18" count="63" type="stmt"/>
        <line num="19" count="220" type="stmt"/>
        <line num="20" count="111" type="stmt"/>
        <line num="21" count="107" type="stmt"/>
        <line num="22" count="107" type="stmt"/>
        <line num="29" count="107" type="stmt"/>
        <line num="36" count="35" type="stmt"/>
        <line num="41" count="35" type="stmt"/>
        <line num="43" count="35" type="cond" truecount="2" falsecount="0"/>
        <line num="44" count="35" type="cond" truecount="2" falsecount="0"/>
        <line num="45" count="35" type="cond" truecount="2" falsecount="0"/>
        <line num="47" count="35" type="stmt"/>
        <line num="48" count="0" type="stmt"/>
        <line num="49" count="0" type="cond" truecount="0" falsecount="2"/>
        <line num="50" count="0" type="stmt"/>
        <line num="52" count="0" type="stmt"/>
        <line num="54" count="0" type="stmt"/>
        <line num="57" count="35" type="stmt"/>
        <line num="58" count="0" type="stmt"/>
        <line num="61" count="35" type="stmt"/>
        <line num="63" count="0" type="stmt"/>
        <line num="64" count="0" type="stmt"/>
        <line num="67" count="35" type="stmt"/>
        <line num="68" count="0" type="stmt"/>
        <line num="71" count="35" type="stmt"/>
        <line num="72" count="0" type="stmt"/>
        <line num="75" count="35" type="stmt"/>
        <line num="76" count="0" type="stmt"/>
        <line num="77" count="0" type="stmt"/>
        <line num="78" count="0" type="stmt"/>
        <line num="80" count="0" type="stmt"/>
        <line num="82" count="0" type="stmt"/>
        <line num="84" count="0" type="stmt"/>
        <line num="85" count="0" type="stmt"/>
        <line num="89" count="35" type="stmt"/>
        <line num="90" count="0" type="stmt"/>
        <line num="125" count="3" type="cond" truecount="3" falsecount="0"/>
        <line num="203" count="77" type="stmt"/>
        <line num="207" count="0" type="stmt"/>
        <line num="211" count="0" type="stmt"/>
        <line num="231" count="0" type="stmt"/>
        <line num="232" count="0" type="cond" truecount="0" falsecount="2"/>
      </file>
    </package>
    <package name="app.(agent).links">
      <metrics statements="26" coveredstatements="21" conditionals="9" coveredconditionals="6" methods="9" coveredmethods="7"/>
      <file name="page.tsx" path="/Users/sergeypodolskiy/CODEBASE/25 08 18 Tinder For Real Estate v3/SwipeLinkEstate/app/(agent)/links/page.tsx">
        <metrics statements="26" coveredstatements="21" conditionals="9" coveredconditionals="6" methods="9" coveredmethods="7"/>
        <line num="3" count="2" type="stmt"/>
        <line num="4" count="2" type="stmt"/>
        <line num="5" count="2" type="stmt"/>
        <line num="6" count="2" type="stmt"/>
        <line num="7" count="2" type="stmt"/>
        <line num="10" count="16" type="stmt"/>
        <line num="11" count="46" type="stmt"/>
        <line num="12" count="45" type="stmt"/>
        <line num="15" count="45" type="cond" truecount="0" falsecount="1"/>
        <line num="17" count="37" type="stmt"/>
        <line num="18" count="6" type="stmt"/>
        <line num="19" count="6" type="stmt"/>
        <line num="21" count="6" type="stmt"/>
        <line num="23" count="6" type="stmt"/>
        <line num="26" count="37" type="stmt"/>
        <line num="27" count="1" type="stmt"/>
        <line num="30" count="37" type="stmt"/>
        <line num="31" count="0" type="stmt"/>
        <line num="32" count="0" type="stmt"/>
        <line num="34" count="0" type="stmt"/>
        <line num="36" count="0" type="stmt"/>
        <line num="40" count="37" type="cond" truecount="1" falsecount="0"/>
        <line num="78" count="7" type="stmt"/>
        <line num="90" count="8" type="stmt"/>
        <line num="105" count="0" type="stmt"/>
        <line num="135" count="3" type="stmt"/>
      </file>
    </package>
    <package name="app.api.placeholder.[...params]">
      <metrics statements="5" coveredstatements="5" conditionals="4" coveredconditionals="4" methods="1" coveredmethods="1"/>
      <file name="route.ts" path="/Users/sergeypodolskiy/CODEBASE/25 08 18 Tinder For Real Estate v3/SwipeLinkEstate/app/api/placeholder/[...params]/route.ts">
        <metrics statements="5" coveredstatements="5" conditionals="4" coveredconditionals="4" methods="1" coveredmethods="1"/>
        <line num="1" count="1" type="stmt"/>
        <line num="3" count="23" type="stmt"/>
        <line num="7" count="23" type="cond" truecount="4" falsecount="0"/>
        <line num="10" count="23" type="stmt"/>
        <line num="19" count="23" type="stmt"/>
      </file>
    </package>
    <package name="app.link.[code]">
      <metrics statements="206" coveredstatements="82" conditionals="120" coveredconditionals="42" methods="74" coveredmethods="13"/>
      <file name="ClientLinkView.tsx" path="/Users/sergeypodolskiy/CODEBASE/25 08 18 Tinder For Real Estate v3/SwipeLinkEstate/app/link/[code]/ClientLinkView.tsx">
        <metrics statements="103" coveredstatements="57" conditionals="70" coveredconditionals="33" methods="36" coveredmethods="10"/>
        <line num="14" count="1" type="stmt"/>
        <line num="15" count="1" type="stmt"/>
        <line num="16" count="1" type="stmt"/>
        <line num="17" count="1" type="stmt"/>
        <line num="18" count="1" type="stmt"/>
        <line num="19" count="1" type="stmt"/>
        <line num="20" count="1" type="stmt"/>
        <line num="32" count="10" type="stmt"/>
        <line num="39" count="13" type="stmt"/>
        <line num="40" count="13" type="stmt"/>
        <line num="41" count="13" type="stmt"/>
        <line num="42" count="13" type="stmt"/>
        <line num="43" count="13" type="stmt"/>
        <line num="46" count="13" type="stmt"/>
        <line num="47" count="13" type="stmt"/>
        <line num="48" count="13" type="stmt"/>
        <line num="49" count="13" type="stmt"/>
        <line num="50" count="13" type="stmt"/>
        <line num="53" count="13" type="stmt"/>
        <line num="62" count="13" type="stmt"/>
        <line num="73" count="13" type="stmt"/>
        <line num="83" count="13" type="stmt"/>
        <line num="91" count="13" type="stmt"/>
        <line num="92" count="10" type="stmt"/>
        <line num="93" count="10" type="stmt"/>
        <line num="94" count="10" type="stmt"/>
        <line num="96" count="10" type="stmt"/>
        <line num="97" count="70" type="stmt"/>
        <line num="98" count="70" type="stmt"/>
        <line num="99" count="70" type="stmt"/>
        <line num="102" count="70" type="stmt"/>
        <line num="109" count="10" type="stmt"/>
        <line num="113" count="16" type="stmt"/>
        <line num="134" count="13" type="stmt"/>
        <line num="135" count="0" type="cond" truecount="0" falsecount="1"/>
        <line num="137" count="0" type="cond" truecount="0" falsecount="4"/>
        <line num="138" count="0" type="stmt"/>
        <line num="139" count="0" type="cond" truecount="0" falsecount="4"/>
        <line num="140" count="0" type="stmt"/>
        <line num="141" count="0" type="cond" truecount="0" falsecount="3"/>
        <line num="142" count="0" type="stmt"/>
        <line num="146" count="13" type="stmt"/>
        <line num="147" count="0" type="cond" truecount="0" falsecount="1"/>
        <line num="149" count="0" type="cond" truecount="0" falsecount="4"/>
        <line num="150" count="0" type="stmt"/>
        <line num="151" count="0" type="cond" truecount="0" falsecount="1"/>
        <line num="152" count="0" type="stmt"/>
        <line num="157" count="13" type="stmt"/>
        <line num="158" count="0" type="stmt"/>
        <line num="160" count="0" type="stmt"/>
        <line num="164" count="13" type="stmt"/>
        <line num="165" count="0" type="stmt"/>
        <line num="166" count="0" type="stmt"/>
        <line num="170" count="13" type="stmt"/>
        <line num="171" count="0" type="stmt"/>
        <line num="172" count="0" type="stmt"/>
        <line num="175" count="13" type="stmt"/>
        <line num="177" count="0" type="stmt"/>
        <line num="184" count="0" type="stmt"/>
        <line num="185" count="0" type="stmt"/>
        <line num="187" count="0" type="stmt"/>
        <line num="191" count="13" type="stmt"/>
        <line num="192" count="1" type="stmt"/>
        <line num="195" count="13" type="stmt"/>
        <line num="196" count="1" type="stmt"/>
        <line num="199" count="13" type="stmt"/>
        <line num="200" count="1" type="stmt"/>
        <line num="204" count="13" type="stmt"/>
        <line num="205" count="0" type="cond" truecount="0" falsecount="2"/>
        <line num="206" count="0" type="stmt"/>
        <line num="207" count="0" type="cond" truecount="0" falsecount="1"/>
        <line num="208" count="0" type="stmt"/>
        <line num="212" count="13" type="stmt"/>
        <line num="213" count="0" type="stmt"/>
        <line num="214" count="0" type="stmt"/>
        <line num="215" count="0" type="stmt"/>
        <line num="216" count="0" type="cond" truecount="0" falsecount="1"/>
        <line num="217" count="0" type="stmt"/>
        <line num="220" count="0" type="stmt"/>
        <line num="224" count="13" type="stmt"/>
        <line num="226" count="0" type="stmt"/>
        <line num="230" count="13" type="cond" truecount="1" falsecount="0"/>
        <line num="231" count="5" type="stmt"/>
        <line num="235" count="8" type="cond" truecount="2" falsecount="0"/>
        <line num="236" count="8" type="cond" truecount="0" falsecount="1"/>
        <line num="241" count="8" type="cond" truecount="1" falsecount="2"/>
        <line num="246" count="0" type="stmt"/>
        <line num="252" count="8" type="cond" truecount="2" falsecount="1"/>
        <line num="253" count="0" type="stmt"/>
        <line num="256" count="8" type="stmt"/>
        <line num="259" count="8" type="stmt"/>
        <line num="260" count="0" type="stmt"/>
        <line num="261" count="0" type="stmt"/>
        <line num="262" count="0" type="stmt"/>
        <line num="315" count="0" type="stmt"/>
        <line num="338" count="0" type="stmt"/>
        <line num="349" count="2" type="stmt"/>
        <line num="378" count="0" type="stmt"/>
        <line num="380" count="0" type="stmt"/>
        <line num="384" count="0" type="stmt"/>
        <line num="394" count="0" type="stmt"/>
        <line num="399" count="0" type="stmt"/>
        <line num="400" count="0" type="stmt"/>
      </file>
      <file name="EnhancedClientView.tsx" path="/Users/sergeypodolskiy/CODEBASE/25 08 18 Tinder For Real Estate v3/SwipeLinkEstate/app/link/[code]/EnhancedClientView.tsx">
        <metrics statements="74" coveredstatements="0" conditionals="40" coveredconditionals="0" methods="35" coveredmethods="0"/>
        <line num="3" count="0" type="stmt"/>
        <line num="4" count="0" type="stmt"/>
        <line num="6" count="0" type="stmt"/>
        <line num="7" count="0" type="stmt"/>
        <line num="30" count="0" type="stmt"/>
        <line num="38" count="0" type="stmt"/>
        <line num="39" count="0" type="stmt"/>
        <line num="42" count="0" type="stmt"/>
        <line num="43" count="0" type="stmt"/>
        <line num="44" count="0" type="stmt"/>
        <line num="47" count="0" type="cond" truecount="0" falsecount="2"/>
        <line num="55" count="0" type="stmt"/>
        <line num="56" count="0" type="stmt"/>
        <line num="59" count="0" type="stmt"/>
        <line num="62" count="0" type="stmt"/>
        <line num="63" count="0" type="stmt"/>
        <line num="70" count="0" type="stmt"/>
        <line num="71" count="0" type="stmt"/>
        <line num="72" count="0" type="stmt"/>
        <line num="73" count="0" type="stmt"/>
        <line num="80" count="0" type="stmt"/>
        <line num="81" count="0" type="stmt"/>
        <line num="83" count="0" type="stmt"/>
        <line num="84" count="0" type="stmt"/>
        <line num="85" count="0" type="stmt"/>
        <line num="89" count="0" type="cond" truecount="0" falsecount="1"/>
        <line num="90" count="0" type="stmt"/>
        <line num="93" count="0" type="stmt"/>
        <line num="96" count="0" type="stmt"/>
        <line num="102" count="0" type="cond" truecount="0" falsecount="2"/>
        <line num="103" count="0" type="stmt"/>
        <line num="106" count="0" type="stmt"/>
        <line num="111" count="0" type="stmt"/>
        <line num="112" count="0" type="stmt"/>
        <line num="113" count="0" type="stmt"/>
        <line num="114" count="0" type="stmt"/>
        <line num="116" count="0" type="stmt"/>
        <line num="120" count="0" type="stmt"/>
        <line num="122" count="0" type="stmt"/>
        <line num="123" count="0" type="stmt"/>
        <line num="124" count="0" type="stmt"/>
        <line num="130" count="0" type="stmt"/>
        <line num="134" count="0" type="stmt"/>
        <line num="135" count="0" type="cond" truecount="0" falsecount="3"/>
        <line num="137" count="0" type="stmt"/>
        <line num="139" count="0" type="stmt"/>
        <line num="142" count="0" type="stmt"/>
        <line num="143" count="0" type="stmt"/>
        <line num="144" count="0" type="stmt"/>
        <line num="145" count="0" type="stmt"/>
        <line num="152" count="0" type="stmt"/>
        <line num="172" count="0" type="stmt"/>
        <line num="182" count="0" type="stmt"/>
        <line num="198" count="0" type="stmt"/>
        <line num="221" count="0" type="cond" truecount="0" falsecount="2"/>
        <line num="223" count="0" type="cond" truecount="0" falsecount="2"/>
        <line num="224" count="0" type="cond" truecount="0" falsecount="2"/>
        <line num="226" count="0" type="stmt"/>
        <line num="227" count="0" type="stmt"/>
        <line num="232" count="0" type="stmt"/>
        <line num="244" count="0" type="cond" truecount="0" falsecount="4"/>
        <line num="245" count="0" type="stmt"/>
        <line num="246" count="0" type="cond" truecount="0" falsecount="3"/>
        <line num="247" count="0" type="stmt"/>
        <line num="262" count="0" type="stmt"/>
        <line num="291" count="0" type="stmt"/>
        <line num="298" count="0" type="stmt"/>
        <line num="314" count="0" type="stmt"/>
        <line num="315" count="0" type="stmt"/>
        <line num="317" count="0" type="stmt"/>
        <line num="318" count="0" type="stmt"/>
        <line num="329" count="0" type="stmt"/>
        <line num="330" count="0" type="stmt"/>
        <line num="347" count="0" type="stmt"/>
      </file>
      <file name="page.server.tsx" path="/Users/sergeypodolskiy/CODEBASE/25 08 18 Tinder For Real Estate v3/SwipeLinkEstate/app/link/[code]/page.server.tsx">
        <metrics statements="27" coveredstatements="25" conditionals="10" coveredconditionals="9" methods="3" coveredmethods="3"/>
        <line num="12" count="1" type="stmt"/>
        <line num="13" count="1" type="stmt"/>
        <line num="14" count="1" type="stmt"/>
        <line num="24" count="1" type="stmt"/>
        <line num="27" count="1" type="stmt"/>
        <line num="30" count="1" type="stmt"/>
        <line num="36" count="10" type="stmt"/>
        <line num="37" count="10" type="stmt"/>
        <line num="40" count="10" type="cond" truecount="4" falsecount="0"/>
        <line num="41" count="4" type="stmt"/>
        <line num="44" count="10" type="stmt"/>
        <line num="45" count="10" type="stmt"/>
        <line num="47" count="10" type="stmt"/>
        <line num="49" count="10" type="stmt"/>
        <line num="51" count="9" type="cond" truecount="1" falsecount="0"/>
        <line num="52" count="1" type="stmt"/>
        <line num="56" count="9" type="cond" truecount="3" falsecount="0"/>
        <line num="57" count="1" type="stmt"/>
        <line num="61" count="8" type="cond" truecount="1" falsecount="0"/>
        <line num="62" count="1" type="stmt"/>
        <line num="65" count="2" type="stmt"/>
        <line num="67" count="2" type="stmt"/>
        <line num="71" count="10" type="stmt"/>
        <line num="89" count="10" type="cond" truecount="0" falsecount="1"/>
        <line num="90" count="0" type="stmt"/>
        <line num="91" count="0" type="stmt"/>
        <line num="94" count="10" type="stmt"/>
      </file>
      <file name="page.tsx" path="/Users/sergeypodolskiy/CODEBASE/25 08 18 Tinder For Real Estate v3/SwipeLinkEstate/app/link/[code]/page.tsx">
        <metrics statements="2" coveredstatements="0" conditionals="0" coveredconditionals="0" methods="0" coveredmethods="0"/>
        <line num="11" count="0" type="stmt"/>
        <line num="12" count="0" type="stmt"/>
      </file>
    </package>
    <package name="app.link.[code].components">
      <metrics statements="7" coveredstatements="5" conditionals="2" coveredconditionals="2" methods="7" coveredmethods="5"/>
      <file name="CompletionView.tsx" path="/Users/sergeypodolskiy/CODEBASE/25 08 18 Tinder For Real Estate v3/SwipeLinkEstate/app/link/[code]/components/CompletionView.tsx">
        <metrics statements="4" coveredstatements="4" conditionals="2" coveredconditionals="2" methods="4" coveredmethods="4"/>
        <line num="14" count="7" type="stmt"/>
        <line num="15" count="24" type="stmt"/>
        <line num="16" count="24" type="stmt"/>
        <line num="17" count="24" type="stmt"/>
      </file>
      <file name="EmptyView.tsx" path="/Users/sergeypodolskiy/CODEBASE/25 08 18 Tinder For Real Estate v3/SwipeLinkEstate/app/link/[code]/components/EmptyView.tsx">
        <metrics statements="1" coveredstatements="0" conditionals="0" coveredconditionals="0" methods="1" coveredmethods="0"/>
        <line num="6" count="0" type="stmt"/>
      </file>
      <file name="ErrorView.tsx" path="/Users/sergeypodolskiy/CODEBASE/25 08 18 Tinder For Real Estate v3/SwipeLinkEstate/app/link/[code]/components/ErrorView.tsx">
        <metrics statements="1" coveredstatements="0" conditionals="0" coveredconditionals="0" methods="1" coveredmethods="0"/>
        <line num="10" count="0" type="stmt"/>
      </file>
      <file name="LoadingView.tsx" path="/Users/sergeypodolskiy/CODEBASE/25 08 18 Tinder For Real Estate v3/SwipeLinkEstate/app/link/[code]/components/LoadingView.tsx">
        <metrics statements="1" coveredstatements="1" conditionals="0" coveredconditionals="0" methods="1" coveredmethods="1"/>
        <line num="6" count="5" type="stmt"/>
      </file>
    </package>
    <package name="app.link.[code].hooks">
      <metrics statements="57" coveredstatements="46" conditionals="36" coveredconditionals="34" methods="18" coveredmethods="13"/>
      <file name="useSwipeSession.ts" path="/Users/sergeypodolskiy/CODEBASE/25 08 18 Tinder For Real Estate v3/SwipeLinkEstate/app/link/[code]/hooks/useSwipeSession.ts">
        <metrics statements="57" coveredstatements="46" conditionals="36" coveredconditionals="34" methods="18" coveredmethods="13"/>
        <line num="12" count="1" type="stmt"/>
        <line num="13" count="1" type="stmt"/>
        <line num="32" count="27" type="stmt"/>
        <line num="39" count="27" type="stmt"/>
        <line num="40" count="27" type="stmt"/>
        <line num="41" count="27" type="stmt"/>
        <line num="44" count="27" type="stmt"/>
        <line num="45" count="15" type="stmt"/>
        <line num="46" count="15" type="cond" truecount="4" falsecount="0"/>
        <line num="48" count="10" type="stmt"/>
        <line num="49" count="10" type="stmt"/>
        <line num="50" count="10" type="stmt"/>
        <line num="52" count="10" type="stmt"/>
        <line num="58" count="6" type="stmt"/>
        <line num="60" count="4" type="stmt"/>
        <line num="61" count="4" type="stmt"/>
        <line num="63" count="10" type="stmt"/>
        <line num="67" count="15" type="stmt"/>
        <line num="71" count="27" type="stmt"/>
        <line num="72" count="16" type="cond" truecount="4" falsecount="0"/>
        <line num="74" count="3" type="stmt"/>
        <line num="75" count="0" type="stmt"/>
        <line num="76" count="0" type="stmt"/>
        <line num="79" count="3" type="stmt"/>
        <line num="83" count="27" type="stmt"/>
        <line num="84" count="15" type="cond" truecount="4" falsecount="0"/>
        <line num="87" count="4" type="stmt"/>
        <line num="88" count="4" type="cond" truecount="1" falsecount="0"/>
        <line num="89" count="2" type="stmt"/>
        <line num="90" count="2" type="stmt"/>
        <line num="92" count="2" type="cond" truecount="2" falsecount="0"/>
        <line num="96" count="2" type="stmt"/>
        <line num="102" count="0" type="stmt"/>
        <line num="107" count="27" type="stmt"/>
        <line num="108" count="15" type="cond" truecount="4" falsecount="0"/>
        <line num="110" count="4" type="stmt"/>
        <line num="111" count="4" type="cond" truecount="1" falsecount="0"/>
        <line num="112" count="4" type="stmt"/>
        <line num="116" count="0" type="stmt"/>
        <line num="121" count="27" type="stmt"/>
        <line num="122" count="14" type="cond" truecount="4" falsecount="0"/>
        <line num="124" count="2" type="stmt"/>
        <line num="126" count="2" type="stmt"/>
        <line num="127" count="2" type="stmt"/>
        <line num="128" count="2" type="stmt"/>
        <line num="129" count="0" type="stmt"/>
        <line num="133" count="27" type="stmt"/>
        <line num="138" count="1" type="cond" truecount="4" falsecount="0"/>
        <line num="140" count="0" type="stmt"/>
        <line num="141" count="0" type="stmt"/>
        <line num="149" count="0" type="stmt"/>
        <line num="153" count="27" type="stmt"/>
        <line num="154" count="1" type="cond" truecount="4" falsecount="0"/>
        <line num="156" count="0" type="stmt"/>
        <line num="157" count="0" type="stmt"/>
        <line num="163" count="0" type="stmt"/>
        <line num="167" count="27" type="stmt"/>
      </file>
    </package>
    <package name="app.properties">
      <metrics statements="38" coveredstatements="34" conditionals="13" coveredconditionals="9" methods="17" coveredmethods="13"/>
      <file name="PropertiesFilterBar.tsx" path="/Users/sergeypodolskiy/CODEBASE/25 08 18 Tinder For Real Estate v3/SwipeLinkEstate/app/properties/PropertiesFilterBar.tsx">
        <metrics statements="1" coveredstatements="1" conditionals="0" coveredconditionals="0" methods="1" coveredmethods="1"/>
        <line num="10" count="21" type="stmt"/>
      </file>
      <file name="PropertiesHeader.tsx" path="/Users/sergeypodolskiy/CODEBASE/25 08 18 Tinder For Real Estate v3/SwipeLinkEstate/app/properties/PropertiesHeader.tsx">
        <metrics statements="2" coveredstatements="2" conditionals="0" coveredconditionals="0" methods="1" coveredmethods="1"/>
        <line num="6" count="1" type="stmt"/>
        <line num="8" count="21" type="stmt"/>
      </file>
      <file name="PropertyDetailModal.tsx" path="/Users/sergeypodolskiy/CODEBASE/25 08 18 Tinder For Real Estate v3/SwipeLinkEstate/app/properties/PropertyDetailModal.tsx">
        <metrics statements="3" coveredstatements="3" conditionals="9" coveredconditionals="5" methods="2" coveredmethods="2"/>
        <line num="13" count="21" type="stmt"/>
        <line num="14" count="21" type="cond" truecount="1" falsecount="0"/>
        <line num="23" count="1" type="stmt"/>
      </file>
      <file name="page.tsx" path="/Users/sergeypodolskiy/CODEBASE/25 08 18 Tinder For Real Estate v3/SwipeLinkEstate/app/properties/page.tsx">
        <metrics statements="32" coveredstatements="28" conditionals="4" coveredconditionals="4" methods="13" coveredmethods="9"/>
        <line num="13" count="1" type="stmt"/>
        <line num="14" count="1" type="stmt"/>
        <line num="15" count="1" type="stmt"/>
        <line num="16" count="1" type="stmt"/>
        <line num="17" count="1" type="stmt"/>
        <line num="18" count="1" type="stmt"/>
        <line num="20" count="10" type="stmt"/>
        <line num="21" count="22" type="stmt"/>
        <line num="22" count="21" type="stmt"/>
        <line num="23" count="21" type="stmt"/>
        <line num="24" count="21" type="stmt"/>
        <line num="26" count="21" type="stmt"/>
        <line num="27" count="10" type="stmt"/>
        <line num="30" count="10" type="stmt"/>
        <line num="33" count="0" type="stmt"/>
        <line num="37" count="21" type="stmt"/>
        <line num="38" count="10" type="stmt"/>
        <line num="39" count="0" type="stmt"/>
        <line num="40" count="0" type="stmt"/>
        <line num="43" count="10" type="stmt"/>
        <line num="46" count="21" type="stmt"/>
        <line num="47" count="10" type="stmt"/>
        <line num="48" count="10" type="stmt"/>
        <line num="49" count="9" type="stmt"/>
        <line num="51" count="1" type="stmt"/>
        <line num="53" count="10" type="stmt"/>
        <line num="57" count="21" type="stmt"/>
        <line num="58" count="3" type="stmt"/>
        <line num="60" count="3" type="stmt"/>
        <line num="68" count="0" type="stmt"/>
        <line num="119" count="18" type="stmt"/>
        <line num="131" count="2" type="stmt"/>
      </file>
    </package>
    <package name="components.agent">
      <metrics statements="125" coveredstatements="61" conditionals="71" coveredconditionals="29" methods="27" coveredmethods="10"/>
      <file name="LinkCreationModal.tsx" path="/Users/sergeypodolskiy/CODEBASE/25 08 18 Tinder For Real Estate v3/SwipeLinkEstate/components/agent/LinkCreationModal.tsx">
        <metrics statements="59" coveredstatements="18" conditionals="12" coveredconditionals="1" methods="13" coveredmethods="1"/>
        <line num="13" count="6" type="stmt"/>
        <line num="14" count="6" type="stmt"/>
        <line num="16" count="6" type="stmt"/>
        <line num="17" count="6" type="stmt"/>
        <line num="32" count="6" type="stmt"/>
        <line num="38" count="30" type="stmt"/>
        <line num="39" count="30" type="stmt"/>
        <line num="40" count="30" type="stmt"/>
        <line num="41" count="30" type="stmt"/>
        <line num="44" count="30" type="stmt"/>
        <line num="45" count="0" type="cond" truecount="0" falsecount="1"/>
        <line num="48" count="0" type="stmt"/>
        <line num="49" count="0" type="stmt"/>
        <line num="51" count="0" type="stmt"/>
        <line num="52" count="0" type="cond" truecount="0" falsecount="1"/>
        <line num="53" count="0" type="stmt"/>
        <line num="57" count="0" type="stmt"/>
        <line num="60" count="30" type="stmt"/>
        <line num="61" count="0" type="stmt"/>
        <line num="62" count="0" type="stmt"/>
        <line num="63" count="0" type="stmt"/>
        <line num="64" count="0" type="stmt"/>
        <line num="65" count="0" type="stmt"/>
        <line num="66" count="0" type="stmt"/>
        <line num="67" count="0" type="stmt"/>
        <line num="70" count="0" type="stmt"/>
        <line num="72" count="0" type="stmt"/>
        <line num="74" count="0" type="stmt"/>
        <line num="76" count="0" type="stmt"/>
        <line num="80" count="30" type="stmt"/>
        <line num="81" count="0" type="stmt"/>
        <line num="82" count="0" type="stmt"/>
        <line num="83" count="0" type="stmt"/>
        <line num="84" count="0" type="stmt"/>
        <line num="87" count="0" type="stmt"/>
        <line num="88" count="0" type="stmt"/>
        <line num="89" count="0" type="stmt"/>
        <line num="91" count="0" type="stmt"/>
        <line num="93" count="0" type="stmt"/>
        <line num="97" count="30" type="stmt"/>
        <line num="98" count="0" type="cond" truecount="0" falsecount="1"/>
        <line num="99" count="0" type="stmt"/>
        <line num="101" count="0" type="stmt"/>
        <line num="105" count="30" type="stmt"/>
        <line num="106" count="0" type="cond" truecount="0" falsecount="1"/>
        <line num="107" count="0" type="stmt"/>
        <line num="108" count="0" type="stmt"/>
        <line num="109" count="0" type="stmt"/>
        <line num="113" count="30" type="stmt"/>
        <line num="114" count="0" type="cond" truecount="0" falsecount="1"/>
        <line num="115" count="0" type="stmt"/>
        <line num="116" count="0" type="stmt"/>
        <line num="120" count="30" type="stmt"/>
        <line num="121" count="0" type="cond" truecount="0" falsecount="1"/>
        <line num="122" count="0" type="stmt"/>
        <line num="126" count="30" type="cond" truecount="1" falsecount="0"/>
        <line num="141" count="0" type="stmt"/>
        <line num="168" count="0" type="cond" truecount="0" falsecount="2"/>
        <line num="171" count="31" type="stmt"/>
      </file>
      <file name="PropertyCard.original.tsx" path="/Users/sergeypodolskiy/CODEBASE/25 08 18 Tinder For Real Estate v3/SwipeLinkEstate/components/agent/PropertyCard.original.tsx">
        <metrics statements="22" coveredstatements="0" conditionals="29" coveredconditionals="0" methods="5" coveredmethods="0"/>
        <line num="3" count="0" type="stmt"/>
        <line num="5" count="0" type="stmt"/>
        <line num="14" count="0" type="stmt"/>
        <line num="20" count="0" type="stmt"/>
        <line num="21" count="0" type="cond" truecount="0" falsecount="1"/>
        <line num="22" count="0" type="stmt"/>
        <line num="26" count="0" type="stmt"/>
        <line num="27" count="0" type="stmt"/>
        <line num="28" count="0" type="cond" truecount="0" falsecount="1"/>
        <line num="29" count="0" type="stmt"/>
        <line num="33" count="0" type="stmt"/>
        <line num="34" count="0" type="cond" truecount="0" falsecount="5"/>
        <line num="36" count="0" type="stmt"/>
        <line num="38" count="0" type="stmt"/>
        <line num="40" count="0" type="stmt"/>
        <line num="42" count="0" type="stmt"/>
        <line num="44" count="0" type="stmt"/>
        <line num="49" count="0" type="cond" truecount="0" falsecount="2"/>
        <line num="52" count="0" type="cond" truecount="0" falsecount="2"/>
        <line num="56" count="0" type="stmt"/>
        <line num="57" count="0" type="stmt"/>
        <line num="125" count="0" type="stmt"/>
      </file>
      <file name="PropertyCard.tsx" path="/Users/sergeypodolskiy/CODEBASE/25 08 18 Tinder For Real Estate v3/SwipeLinkEstate/components/agent/PropertyCard.tsx">
        <metrics statements="44" coveredstatements="43" conditionals="30" coveredconditionals="28" methods="9" coveredmethods="9"/>
        <line num="7" count="6" type="stmt"/>
        <line num="8" count="6" type="stmt"/>
        <line num="10" count="6" type="stmt"/>
        <line num="19" count="317" type="stmt"/>
        <line num="25" count="318" type="stmt"/>
        <line num="27" count="318" type="stmt"/>
        <line num="28" count="37" type="cond" truecount="1" falsecount="0"/>
        <line num="29" count="37" type="stmt"/>
        <line num="33" count="318" type="stmt"/>
        <line num="34" count="2" type="stmt"/>
        <line num="35" count="2" type="cond" truecount="1" falsecount="0"/>
        <line num="36" count="2" type="stmt"/>
        <line num="40" count="318" type="stmt"/>
        <line num="41" count="1" type="stmt"/>
        <line num="44" count="318" type="stmt"/>
        <line num="45" count="318" type="cond" truecount="5" falsecount="0"/>
        <line num="47" count="313" type="stmt"/>
        <line num="49" count="1" type="stmt"/>
        <line num="51" count="1" type="stmt"/>
        <line num="53" count="2" type="stmt"/>
        <line num="55" count="1" type="stmt"/>
        <line num="60" count="318" type="stmt"/>
        <line num="62" count="211" type="stmt"/>
        <line num="63" count="422" type="cond" truecount="1" falsecount="0"/>
        <line num="64" count="405" type="stmt"/>
        <line num="66" count="17" type="cond" truecount="2" falsecount="1"/>
        <line num="67" count="0" type="stmt"/>
        <line num="69" count="17" type="stmt"/>
        <line num="70" count="17" type="stmt"/>
        <line num="72" count="2" type="stmt"/>
        <line num="76" count="211" type="cond" truecount="2" falsecount="0"/>
        <line num="77" count="211" type="cond" truecount="2" falsecount="0"/>
        <line num="80" count="211" type="stmt"/>
        <line num="82" count="211" type="cond" truecount="1" falsecount="0"/>
        <line num="83" count="210" type="cond" truecount="2" falsecount="0"/>
        <line num="84" count="206" type="stmt"/>
        <line num="85" count="4" type="cond" truecount="1" falsecount="0"/>
        <line num="86" count="1" type="stmt"/>
        <line num="90" count="211" type="stmt"/>
        <line num="98" count="318" type="stmt"/>
        <line num="99" count="211" type="stmt"/>
        <line num="100" count="211" type="stmt"/>
        <line num="102" count="211" type="stmt"/>
        <line num="181" count="475" type="stmt"/>
      </file>
    </package>
    <package name="components.agent.LinkCreationModal">
      <metrics statements="8" coveredstatements="1" conditionals="10" coveredconditionals="0" methods="7" coveredmethods="0"/>
      <file name="DetailsView.tsx" path="/Users/sergeypodolskiy/CODEBASE/25 08 18 Tinder For Real Estate v3/SwipeLinkEstate/components/agent/LinkCreationModal/DetailsView.tsx">
        <metrics statements="5" coveredstatements="1" conditionals="4" coveredconditionals="0" methods="4" coveredmethods="0"/>
        <line num="6" count="6" type="stmt"/>
        <line num="25" count="0" type="stmt"/>
        <line num="62" count="0" type="stmt"/>
        <line num="70" count="0" type="stmt"/>
        <line num="72" count="0" type="stmt"/>
      </file>
      <file name="PropertyPreview.tsx" path="/Users/sergeypodolskiy/CODEBASE/25 08 18 Tinder For Real Estate v3/SwipeLinkEstate/components/agent/LinkCreationModal/PropertyPreview.tsx">
        <metrics statements="2" coveredstatements="0" conditionals="4" coveredconditionals="0" methods="2" coveredmethods="0"/>
        <line num="16" count="0" type="stmt"/>
        <line num="25" count="0" type="stmt"/>
      </file>
      <file name="SuccessView.tsx" path="/Users/sergeypodolskiy/CODEBASE/25 08 18 Tinder For Real Estate v3/SwipeLinkEstate/components/agent/LinkCreationModal/SuccessView.tsx">
        <metrics statements="1" coveredstatements="0" conditionals="2" coveredconditionals="0" methods="1" coveredmethods="0"/>
        <line num="14" count="0" type="stmt"/>
      </file>
    </package>
    <package name="components.analytics">
      <metrics statements="80" coveredstatements="78" conditionals="67" coveredconditionals="62" methods="18" coveredmethods="18"/>
      <file name="ActivityFeed.tsx" path="/Users/sergeypodolskiy/CODEBASE/25 08 18 Tinder For Real Estate v3/SwipeLinkEstate/components/analytics/ActivityFeed.tsx">
        <metrics statements="37" coveredstatements="36" conditionals="32" coveredconditionals="31" methods="4" coveredmethods="4"/>
        <line num="1" count="2" type="stmt"/>
        <line num="11" count="2" type="stmt"/>
        <line num="21" count="2" type="stmt"/>
        <line num="32" count="50" type="stmt"/>
        <line num="33" count="50" type="stmt"/>
        <line num="34" count="50" type="stmt"/>
        <line num="36" count="50" type="cond" truecount="1" falsecount="0"/>
        <line num="37" count="1" type="stmt"/>
        <line num="40" count="49" type="stmt"/>
        <line num="41" count="49" type="cond" truecount="1" falsecount="0"/>
        <line num="42" count="29" type="stmt"/>
        <line num="45" count="20" type="stmt"/>
        <line num="46" count="20" type="cond" truecount="1" falsecount="0"/>
        <line num="47" count="19" type="stmt"/>
        <line num="50" count="1" type="stmt"/>
        <line num="51" count="1" type="cond" truecount="0" falsecount="1"/>
        <line num="52" count="0" type="stmt"/>
        <line num="55" count="1" type="stmt"/>
        <line num="59" count="50" type="stmt"/>
        <line num="60" count="50" type="cond" truecount="2" falsecount="0"/>
        <line num="61" count="50" type="cond" truecount="3" falsecount="0"/>
        <line num="63" count="50" type="cond" truecount="7" falsecount="0"/>
        <line num="65" count="23" type="stmt"/>
        <line num="67" count="12" type="stmt"/>
        <line num="69" count="10" type="stmt"/>
        <line num="71" count="1" type="stmt"/>
        <line num="73" count="1" type="stmt"/>
        <line num="75" count="1" type="stmt"/>
        <line num="77" count="2" type="stmt"/>
        <line num="81" count="21" type="stmt"/>
        <line num="87" count="21" type="stmt"/>
        <line num="89" count="21" type="cond" truecount="1" falsecount="0"/>
        <line num="114" count="50" type="cond" truecount="2" falsecount="0"/>
        <line num="115" count="50" type="cond" truecount="2" falsecount="0"/>
        <line num="116" count="50" type="stmt"/>
        <line num="118" count="50" type="stmt"/>
        <line num="180" count="2" type="stmt"/>
      </file>
      <file name="AnalyticsChart.tsx" path="/Users/sergeypodolskiy/CODEBASE/25 08 18 Tinder For Real Estate v3/SwipeLinkEstate/components/analytics/AnalyticsChart.tsx">
        <metrics statements="19" coveredstatements="18" conditionals="16" coveredconditionals="12" methods="10" coveredmethods="10"/>
        <line num="1" count="2" type="stmt"/>
        <line num="15" count="18" type="cond" truecount="2" falsecount="0"/>
        <line num="16" count="34" type="stmt"/>
        <line num="21" count="25" type="stmt"/>
        <line num="43" count="18" type="stmt"/>
        <line num="44" count="6" type="stmt"/>
        <line num="45" count="2" type="cond" truecount="0" falsecount="1"/>
        <line num="59" count="6" type="stmt"/>
        <line num="60" count="6" type="stmt"/>
        <line num="80" count="18" type="stmt"/>
        <line num="86" count="3" type="stmt"/>
        <line num="108" count="3" type="stmt"/>
        <line num="117" count="18" type="stmt"/>
        <line num="118" count="13" type="cond" truecount="4" falsecount="1"/>
        <line num="120" count="10" type="stmt"/>
        <line num="123" count="2" type="stmt"/>
        <line num="125" count="1" type="stmt"/>
        <line num="127" count="0" type="stmt"/>
        <line num="145" count="2" type="stmt"/>
      </file>
      <file name="MetricsCard.tsx" path="/Users/sergeypodolskiy/CODEBASE/25 08 18 Tinder For Real Estate v3/SwipeLinkEstate/components/analytics/MetricsCard.tsx">
        <metrics statements="24" coveredstatements="24" conditionals="19" coveredconditionals="19" methods="4" coveredmethods="4"/>
        <line num="1" count="2" type="stmt"/>
        <line num="17" count="32" type="stmt"/>
        <line num="26" count="32" type="stmt"/>
        <line num="27" count="30" type="cond" truecount="1" falsecount="0"/>
        <line num="28" count="28" type="cond" truecount="1" falsecount="0"/>
        <line num="29" count="4" type="stmt"/>
        <line num="31" count="24" type="cond" truecount="1" falsecount="0"/>
        <line num="32" count="3" type="stmt"/>
        <line num="34" count="21" type="stmt"/>
        <line num="36" count="2" type="stmt"/>
        <line num="39" count="32" type="stmt"/>
        <line num="40" count="9" type="cond" truecount="4" falsecount="0"/>
        <line num="42" count="5" type="stmt"/>
        <line num="44" count="2" type="stmt"/>
        <line num="46" count="1" type="stmt"/>
        <line num="48" count="1" type="stmt"/>
        <line num="52" count="32" type="stmt"/>
        <line num="53" count="9" type="cond" truecount="4" falsecount="0"/>
        <line num="55" count="5" type="stmt"/>
        <line num="57" count="2" type="stmt"/>
        <line num="59" count="1" type="stmt"/>
        <line num="61" count="1" type="stmt"/>
        <line num="65" count="32" type="cond" truecount="1" falsecount="0"/>
        <line num="121" count="2" type="stmt"/>
      </file>
    </package>
    <package name="components.client">
      <metrics statements="489" coveredstatements="366" conditionals="458" coveredconditionals="360" methods="185" coveredmethods="133"/>
      <file name="BucketManager.tsx" path="/Users/sergeypodolskiy/CODEBASE/25 08 18 Tinder For Real Estate v3/SwipeLinkEstate/components/client/BucketManager.tsx">
        <metrics statements="122" coveredstatements="80" conditionals="106" coveredconditionals="74" methods="52" coveredmethods="35"/>
        <line num="1" count="1" type="stmt"/>
        <line num="23" count="1" type="stmt"/>
        <line num="34" count="42" type="stmt"/>
        <line num="35" count="42" type="stmt"/>
        <line num="36" count="42" type="stmt"/>
        <line num="37" count="42" type="stmt"/>
        <line num="38" count="42" type="stmt"/>
        <line num="39" count="42" type="stmt"/>
        <line num="42" count="42" type="stmt"/>
        <line num="43" count="37" type="cond" truecount="1" falsecount="0"/>
        <line num="44" count="11" type="stmt"/>
        <line num="46" count="26" type="cond" truecount="1" falsecount="1"/>
        <line num="47" count="175" type="stmt"/>
        <line num="51" count="42" type="stmt"/>
        <line num="52" count="37" type="cond" truecount="1" falsecount="0"/>
        <line num="53" count="2" type="stmt"/>
        <line num="61" count="157" type="stmt"/>
        <line num="63" count="35" type="stmt"/>
        <line num="64" count="157" type="cond" truecount="2" falsecount="0"/>
        <line num="65" count="157" type="stmt"/>
        <line num="68" count="157" type="stmt"/>
        <line num="70" count="35" type="stmt"/>
        <line num="71" count="157" type="cond" truecount="2" falsecount="0"/>
        <line num="72" count="157" type="cond" truecount="2" falsecount="0"/>
        <line num="73" count="157" type="stmt"/>
        <line num="76" count="35" type="stmt"/>
        <line num="85" count="42" type="stmt"/>
        <line num="86" count="38" type="stmt"/>
        <line num="87" count="328" type="cond" truecount="3" falsecount="1"/>
        <line num="89" count="1" type="cond" truecount="1" falsecount="1"/>
        <line num="91" count="0" type="cond" truecount="0" falsecount="2"/>
        <line num="97" count="327" type="cond" truecount="1" falsecount="1"/>
        <line num="102" count="38" type="stmt"/>
        <line num="106" count="42" type="stmt"/>
        <line num="107" count="3" type="stmt"/>
        <line num="111" count="42" type="stmt"/>
        <line num="112" count="1" type="stmt"/>
        <line num="116" count="42" type="stmt"/>
        <line num="117" count="1" type="stmt"/>
        <line num="121" count="42" type="stmt"/>
        <line num="122" count="1" type="stmt"/>
        <line num="123" count="1" type="stmt"/>
        <line num="127" count="42" type="stmt"/>
        <line num="128" count="1" type="stmt"/>
        <line num="129" count="1" type="stmt"/>
        <line num="130" count="1" type="stmt"/>
        <line num="134" count="42" type="stmt"/>
        <line num="135" count="0" type="stmt"/>
        <line num="136" count="0" type="stmt"/>
        <line num="140" count="42" type="stmt"/>
        <line num="141" count="0" type="stmt"/>
        <line num="142" count="0" type="stmt"/>
        <line num="146" count="42" type="stmt"/>
        <line num="147" count="0" type="stmt"/>
        <line num="148" count="0" type="stmt"/>
        <line num="149" count="0" type="stmt"/>
        <line num="153" count="42" type="stmt"/>
        <line num="154" count="0" type="stmt"/>
        <line num="155" count="0" type="stmt"/>
        <line num="157" count="0" type="cond" truecount="0" falsecount="3"/>
        <line num="158" count="0" type="stmt"/>
        <line num="163" count="42" type="stmt"/>
        <line num="164" count="1" type="stmt"/>
        <line num="168" count="42" type="stmt"/>
        <line num="169" count="280" type="cond" truecount="1" falsecount="0"/>
        <line num="170" count="240" type="cond" truecount="2" falsecount="0"/>
        <line num="174" count="42" type="stmt"/>
        <line num="175" count="200" type="stmt"/>
        <line num="178" count="42" type="cond" truecount="1" falsecount="0"/>
        <line num="184" count="8" type="stmt"/>
        <line num="189" count="12" type="stmt"/>
        <line num="213" count="0" type="stmt"/>
        <line num="215" count="1" type="cond" truecount="3" falsecount="1"/>
        <line num="216" count="0" type="stmt"/>
        <line num="217" count="0" type="stmt"/>
        <line num="218" count="1" type="cond" truecount="1" falsecount="1"/>
        <line num="219" count="1" type="stmt"/>
        <line num="220" count="1" type="stmt"/>
        <line num="221" count="0" type="cond" truecount="0" falsecount="1"/>
        <line num="222" count="0" type="stmt"/>
        <line num="223" count="0" type="stmt"/>
        <line num="226" count="0" type="stmt"/>
        <line num="228" count="0" type="stmt"/>
        <line num="229" count="0" type="cond" truecount="0" falsecount="1"/>
        <line num="230" count="0" type="stmt"/>
        <line num="244" count="2" type="stmt"/>
        <line num="246" count="1" type="cond" truecount="2" falsecount="2"/>
        <line num="247" count="1" type="stmt"/>
        <line num="248" count="1" type="stmt"/>
        <line num="249" count="0" type="cond" truecount="0" falsecount="2"/>
        <line num="250" count="0" type="stmt"/>
        <line num="251" count="0" type="stmt"/>
        <line num="252" count="0" type="cond" truecount="0" falsecount="1"/>
        <line num="253" count="0" type="stmt"/>
        <line num="254" count="0" type="stmt"/>
        <line num="257" count="0" type="stmt"/>
        <line num="259" count="0" type="stmt"/>
        <line num="260" count="0" type="cond" truecount="0" falsecount="1"/>
        <line num="261" count="0" type="stmt"/>
        <line num="275" count="0" type="stmt"/>
        <line num="276" count="0" type="stmt"/>
        <line num="278" count="0" type="stmt"/>
        <line num="279" count="0" type="cond" truecount="0" falsecount="1"/>
        <line num="280" count="0" type="stmt"/>
        <line num="293" count="0" type="stmt"/>
        <line num="314" count="36" type="stmt"/>
        <line num="330" count="58" type="stmt"/>
        <line num="333" count="64" type="stmt"/>
        <line num="348" count="1" type="stmt"/>
        <line num="389" count="72" type="stmt"/>
        <line num="394" count="96" type="cond" truecount="1" falsecount="1"/>
        <line num="396" count="1" type="stmt"/>
        <line num="398" count="0" type="stmt"/>
        <line num="422" count="1" type="stmt"/>
        <line num="423" count="1" type="stmt"/>
        <line num="478" count="1" type="stmt"/>
        <line num="486" count="1" type="stmt"/>
        <line num="503" count="1" type="stmt"/>
        <line num="509" count="0" type="stmt"/>
        <line num="527" count="0" type="stmt"/>
        <line num="533" count="0" type="stmt"/>
        <line num="557" count="38" type="stmt"/>
      </file>
      <file name="CollectionOverview.tsx" path="/Users/sergeypodolskiy/CODEBASE/25 08 18 Tinder For Real Estate v3/SwipeLinkEstate/components/client/CollectionOverview.tsx">
        <metrics statements="81" coveredstatements="68" conditionals="96" coveredconditionals="76" methods="38" coveredmethods="30"/>
        <line num="1" count="1" type="stmt"/>
        <line num="54" count="1" type="stmt"/>
        <line num="69" count="56" type="stmt"/>
        <line num="70" count="56" type="stmt"/>
        <line num="71" count="56" type="stmt"/>
        <line num="72" count="56" type="stmt"/>
        <line num="75" count="56" type="cond" truecount="1" falsecount="1"/>
        <line num="77" count="56" type="stmt"/>
        <line num="78" count="52" type="stmt"/>
        <line num="79" count="52" type="cond" truecount="1" falsecount="0"/>
        <line num="80" count="52" type="stmt"/>
        <line num="81" count="52" type="stmt"/>
        <line num="86" count="56" type="stmt"/>
        <line num="87" count="56" type="cond" truecount="2" falsecount="0"/>
        <line num="90" count="56" type="stmt"/>
        <line num="91" count="53" type="cond" truecount="3" falsecount="0"/>
        <line num="92" count="3" type="stmt"/>
        <line num="93" count="1" type="stmt"/>
        <line num="95" count="3" type="stmt"/>
        <line num="100" count="56" type="stmt"/>
        <line num="101" count="52" type="cond" truecount="1" falsecount="0"/>
        <line num="102" count="1" type="stmt"/>
        <line num="112" count="282" type="cond" truecount="4" falsecount="0"/>
        <line num="114" count="281" type="cond" truecount="1" falsecount="1"/>
        <line num="115" count="843" type="cond" truecount="1" falsecount="1"/>
        <line num="116" count="281" type="cond" truecount="1" falsecount="1"/>
        <line num="117" count="281" type="cond" truecount="1" falsecount="1"/>
        <line num="118" count="281" type="cond" truecount="1" falsecount="1"/>
        <line num="120" count="51" type="stmt"/>
        <line num="121" count="282" type="cond" truecount="1" falsecount="0"/>
        <line num="122" count="281" type="cond" truecount="2" falsecount="0"/>
        <line num="124" count="282" type="stmt"/>
        <line num="127" count="51" type="stmt"/>
        <line num="130" count="281" type="stmt"/>
        <line num="138" count="56" type="stmt"/>
        <line num="139" count="52" type="cond" truecount="4" falsecount="0"/>
        <line num="140" count="52" type="cond" truecount="0" falsecount="1"/>
        <line num="142" count="0" type="stmt"/>
        <line num="144" count="52" type="stmt"/>
        <line num="148" count="56" type="stmt"/>
        <line num="149" count="0" type="cond" truecount="0" falsecount="1"/>
        <line num="150" count="0" type="stmt"/>
        <line num="153" count="0" type="stmt"/>
        <line num="154" count="0" type="cond" truecount="0" falsecount="1"/>
        <line num="155" count="0" type="stmt"/>
        <line num="160" count="56" type="stmt"/>
        <line num="161" count="0" type="cond" truecount="0" falsecount="1"/>
        <line num="162" count="0" type="stmt"/>
        <line num="167" count="56" type="stmt"/>
        <line num="168" count="2" type="stmt"/>
        <line num="171" count="2" type="stmt"/>
        <line num="172" count="2" type="cond" truecount="1" falsecount="0"/>
        <line num="173" count="2" type="stmt"/>
        <line num="178" count="56" type="stmt"/>
        <line num="179" count="1" type="cond" truecount="1" falsecount="1"/>
        <line num="182" count="56" type="stmt"/>
        <line num="183" count="52" type="stmt"/>
        <line num="184" count="1" type="cond" truecount="3" falsecount="0"/>
        <line num="185" count="1" type="stmt"/>
        <line num="189" count="52" type="cond" truecount="1" falsecount="0"/>
        <line num="190" count="4" type="stmt"/>
        <line num="191" count="4" type="stmt"/>
        <line num="196" count="56" type="cond" truecount="1" falsecount="0"/>
        <line num="216" count="55" type="cond" truecount="1" falsecount="0"/>
        <line num="233" count="12" type="stmt"/>
        <line num="243" count="9" type="stmt"/>
        <line num="257" count="52" type="cond" truecount="1" falsecount="0"/>
        <line num="274" count="51" type="cond" truecount="1" falsecount="0"/>
        <line num="290" count="50" type="cond" truecount="4" falsecount="0"/>
        <line num="368" count="0" type="stmt"/>
        <line num="413" count="151" type="stmt"/>
        <line num="485" count="149" type="stmt"/>
        <line num="489" count="2" type="stmt"/>
        <line num="493" count="0" type="cond" truecount="0" falsecount="3"/>
        <line num="494" count="0" type="stmt"/>
        <line num="495" count="0" type="stmt"/>
        <line num="532" count="148" type="stmt"/>
        <line num="536" count="0" type="stmt"/>
        <line num="590" count="1" type="stmt"/>
        <line num="631" count="1" type="stmt"/>
        <line num="670" count="54" type="stmt"/>
      </file>
      <file name="PropertyCarousel.tsx" path="/Users/sergeypodolskiy/CODEBASE/25 08 18 Tinder For Real Estate v3/SwipeLinkEstate/components/client/PropertyCarousel.tsx">
        <metrics statements="79" coveredstatements="50" conditionals="58" coveredconditionals="39" methods="18" coveredmethods="12"/>
        <line num="1" count="1" type="stmt"/>
        <line num="15" count="1" type="stmt"/>
        <line num="25" count="59" type="stmt"/>
        <line num="26" count="59" type="stmt"/>
        <line num="27" count="59" type="stmt"/>
        <line num="28" count="59" type="stmt"/>
        <line num="29" count="59" type="stmt"/>
        <line num="32" count="59" type="stmt"/>
        <line num="35" count="59" type="stmt"/>
        <line num="36" count="6" type="cond" truecount="0" falsecount="1"/>
        <line num="38" count="6" type="stmt"/>
        <line num="39" count="6" type="stmt"/>
        <line num="42" count="6" type="stmt"/>
        <line num="43" count="0" type="stmt"/>
        <line num="48" count="59" type="stmt"/>
        <line num="49" count="3" type="cond" truecount="3" falsecount="1"/>
        <line num="50" count="0" type="stmt"/>
        <line num="51" count="3" type="cond" truecount="3" falsecount="0"/>
        <line num="52" count="2" type="stmt"/>
        <line num="57" count="59" type="stmt"/>
        <line num="58" count="0" type="stmt"/>
        <line num="59" count="0" type="stmt"/>
        <line num="61" count="0" type="cond" truecount="0" falsecount="1"/>
        <line num="62" count="0" type="cond" truecount="0" falsecount="2"/>
        <line num="63" count="0" type="stmt"/>
        <line num="65" count="0" type="cond" truecount="0" falsecount="3"/>
        <line num="66" count="0" type="stmt"/>
        <line num="71" count="0" type="stmt"/>
        <line num="72" count="0" type="stmt"/>
        <line num="76" count="59" type="stmt"/>
        <line num="77" count="0" type="cond" truecount="0" falsecount="1"/>
        <line num="78" count="0" type="stmt"/>
        <line num="79" count="0" type="stmt"/>
        <line num="82" count="59" type="stmt"/>
        <line num="83" count="0" type="cond" truecount="0" falsecount="3"/>
        <line num="85" count="0" type="stmt"/>
        <line num="86" count="0" type="stmt"/>
        <line num="89" count="0" type="stmt"/>
        <line num="90" count="0" type="stmt"/>
        <line num="92" count="0" type="stmt"/>
        <line num="95" count="59" type="stmt"/>
        <line num="96" count="0" type="cond" truecount="0" falsecount="1"/>
        <line num="97" count="0" type="stmt"/>
        <line num="98" count="0" type="stmt"/>
        <line num="101" count="0" type="stmt"/>
        <line num="102" count="0" type="stmt"/>
        <line num="105" count="0" type="stmt"/>
        <line num="106" count="0" type="stmt"/>
        <line num="110" count="59" type="stmt"/>
        <line num="113" count="59" type="stmt"/>
        <line num="114" count="27" type="cond" truecount="3" falsecount="0"/>
        <line num="115" count="26" type="stmt"/>
        <line num="116" count="26" type="stmt"/>
        <line num="121" count="59" type="stmt"/>
        <line num="128" count="59" type="cond" truecount="1" falsecount="0"/>
        <line num="134" count="12" type="stmt"/>
        <line num="153" count="55" type="cond" truecount="1" falsecount="0"/>
        <line num="161" count="54" type="stmt"/>
        <line num="194" count="1" type="stmt"/>
        <line num="204" count="2" type="stmt"/>
        <line num="214" count="156" type="stmt"/>
        <line num="216" count="156" type="cond" truecount="2" falsecount="0"/>
        <line num="217" count="13" type="stmt"/>
        <line num="218" count="143" type="cond" truecount="2" falsecount="0"/>
        <line num="219" count="54" type="stmt"/>
        <line num="220" count="89" type="cond" truecount="2" falsecount="0"/>
        <line num="221" count="48" type="stmt"/>
        <line num="223" count="41" type="stmt"/>
        <line num="227" count="156" type="stmt"/>
        <line num="228" count="156" type="cond" truecount="1" falsecount="0"/>
        <line num="229" count="2" type="stmt"/>
        <line num="232" count="156" type="stmt"/>
        <line num="237" count="1" type="stmt"/>
        <line num="278" count="162" type="stmt"/>
        <line num="285" count="0" type="stmt"/>
        <line num="286" count="0" type="stmt"/>
        <line num="302" count="156" type="stmt"/>
        <line num="310" count="1" type="stmt"/>
        <line num="320" count="27" type="stmt"/>
      </file>
      <file name="PropertyModal.tsx" path="/Users/sergeypodolskiy/CODEBASE/25 08 18 Tinder For Real Estate v3/SwipeLinkEstate/components/client/PropertyModal.tsx">
        <metrics statements="56" coveredstatements="51" conditionals="67" coveredconditionals="61" methods="24" coveredmethods="20"/>
        <line num="1" count="1" type="stmt"/>
        <line num="16" count="1" type="stmt"/>
        <line num="27" count="92" type="stmt"/>
        <line num="28" count="92" type="stmt"/>
        <line num="29" count="92" type="stmt"/>
        <line num="30" count="92" type="stmt"/>
        <line num="31" count="92" type="stmt"/>
        <line num="32" count="92" type="stmt"/>
        <line num="35" count="92" type="cond" truecount="2" falsecount="0"/>
        <line num="41" count="92" type="stmt"/>
        <line num="42" count="44" type="cond" truecount="1" falsecount="0"/>
        <line num="43" count="43" type="stmt"/>
        <line num="44" count="43" type="stmt"/>
        <line num="45" count="43" type="stmt"/>
        <line num="46" count="43" type="stmt"/>
        <line num="51" count="92" type="stmt"/>
        <line num="52" count="3" type="cond" truecount="1" falsecount="1"/>
        <line num="53" count="0" type="stmt"/>
        <line num="54" count="3" type="cond" truecount="4" falsecount="0"/>
        <line num="56" count="1" type="cond" truecount="1" falsecount="0"/>
        <line num="57" count="1" type="stmt"/>
        <line num="59" count="2" type="cond" truecount="2" falsecount="2"/>
        <line num="61" count="0" type="cond" truecount="0" falsecount="1"/>
        <line num="62" count="0" type="stmt"/>
        <line num="64" count="2" type="cond" truecount="5" falsecount="0"/>
        <line num="66" count="1" type="stmt"/>
        <line num="67" count="1" type="cond" truecount="2" falsecount="2"/>
        <line num="69" count="0" type="stmt"/>
        <line num="74" count="92" type="stmt"/>
        <line num="75" count="44" type="stmt"/>
        <line num="76" count="5" type="cond" truecount="3" falsecount="0"/>
        <line num="77" count="1" type="stmt"/>
        <line num="81" count="44" type="cond" truecount="1" falsecount="0"/>
        <line num="82" count="43" type="stmt"/>
        <line num="83" count="43" type="stmt"/>
        <line num="88" count="92" type="stmt"/>
        <line num="89" count="44" type="cond" truecount="3" falsecount="0"/>
        <line num="90" count="42" type="stmt"/>
        <line num="91" count="42" type="stmt"/>
        <line num="92" count="42" type="stmt"/>
        <line num="97" count="92" type="stmt"/>
        <line num="105" count="92" type="cond" truecount="2" falsecount="0"/>
        <line num="106" count="92" type="cond" truecount="2" falsecount="0"/>
        <line num="109" count="92" type="cond" truecount="3" falsecount="0"/>
        <line num="160" count="1" type="stmt"/>
        <line num="169" count="1" type="stmt"/>
        <line num="193" count="1" type="stmt"/>
        <line num="205" count="0" type="stmt"/>
        <line num="213" count="1" type="stmt"/>
        <line num="239" count="340" type="stmt"/>
        <line num="242" count="1" type="stmt"/>
        <line num="282" count="1" type="stmt"/>
        <line num="342" count="356" type="stmt"/>
        <line num="345" count="1" type="stmt"/>
        <line num="358" count="1" type="stmt"/>
        <line num="371" count="44" type="stmt"/>
      </file>
      <file name="VisitBooking.tsx" path="/Users/sergeypodolskiy/CODEBASE/25 08 18 Tinder For Real Estate v3/SwipeLinkEstate/components/client/VisitBooking.tsx">
        <metrics statements="141" coveredstatements="117" conditionals="123" coveredconditionals="110" methods="49" coveredmethods="36"/>
        <line num="1" count="1" type="stmt"/>
        <line num="82" count="1" type="stmt"/>
        <line num="100" count="781" type="stmt"/>
        <line num="101" count="781" type="stmt"/>
        <line num="102" count="781" type="stmt"/>
        <line num="108" count="781" type="stmt"/>
        <line num="114" count="781" type="stmt"/>
        <line num="120" count="781" type="stmt"/>
        <line num="121" count="781" type="stmt"/>
        <line num="122" count="781" type="stmt"/>
        <line num="125" count="781" type="stmt"/>
        <line num="126" count="781" type="stmt"/>
        <line num="129" count="781" type="stmt"/>
        <line num="130" count="48" type="cond" truecount="3" falsecount="0"/>
        <line num="131" count="44" type="stmt"/>
        <line num="136" count="781" type="stmt"/>
        <line num="137" count="48" type="cond" truecount="1" falsecount="0"/>
        <line num="138" count="47" type="stmt"/>
        <line num="143" count="781" type="stmt"/>
        <line num="144" count="48" type="stmt"/>
        <line num="145" count="801" type="cond" truecount="1" falsecount="0"/>
        <line num="146" count="1" type="stmt"/>
        <line num="150" count="48" type="cond" truecount="1" falsecount="0"/>
        <line num="151" count="47" type="stmt"/>
        <line num="152" count="47" type="stmt"/>
        <line num="156" count="781" type="stmt"/>
        <line num="157" count="44" type="stmt"/>
        <line num="158" count="44" type="stmt"/>
        <line num="159" count="44" type="stmt"/>
        <line num="160" count="44" type="stmt"/>
        <line num="166" count="44" type="stmt"/>
        <line num="172" count="44" type="stmt"/>
        <line num="173" count="44" type="stmt"/>
        <line num="174" count="44" type="stmt"/>
        <line num="178" count="781" type="stmt"/>
        <line num="179" count="18" type="stmt"/>
        <line num="180" count="18" type="stmt"/>
        <line num="181" count="18" type="stmt"/>
        <line num="184" count="18" type="stmt"/>
        <line num="185" count="18" type="cond" truecount="1" falsecount="0"/>
        <line num="186" count="18" type="stmt"/>
        <line num="191" count="18" type="stmt"/>
        <line num="196" count="781" type="stmt"/>
        <line num="197" count="53" type="stmt"/>
        <line num="198" count="53" type="cond" truecount="1" falsecount="0"/>
        <line num="199" count="4" type="stmt"/>
        <line num="201" count="49" type="stmt"/>
        <line num="205" count="781" type="stmt"/>
        <line num="206" count="2" type="stmt"/>
        <line num="208" count="2" type="cond" truecount="1" falsecount="0"/>
        <line num="209" count="1" type="stmt"/>
        <line num="212" count="2" type="cond" truecount="2" falsecount="0"/>
        <line num="213" count="1" type="stmt"/>
        <line num="214" count="1" type="cond" truecount="0" falsecount="1"/>
        <line num="215" count="0" type="stmt"/>
        <line num="218" count="2" type="cond" truecount="2" falsecount="0"/>
        <line num="219" count="1" type="stmt"/>
        <line num="220" count="1" type="cond" truecount="0" falsecount="1"/>
        <line num="221" count="0" type="stmt"/>
        <line num="224" count="2" type="stmt"/>
        <line num="225" count="2" type="stmt"/>
        <line num="229" count="781" type="stmt"/>
        <line num="230" count="3" type="cond" truecount="5" falsecount="0"/>
        <line num="232" count="1" type="stmt"/>
        <line num="238" count="2" type="cond" truecount="1" falsecount="0"/>
        <line num="240" count="1" type="stmt"/>
        <line num="248" count="1" type="stmt"/>
        <line num="253" count="781" type="cond" truecount="1" falsecount="0"/>
        <line num="254" count="662" type="cond" truecount="2" falsecount="0"/>
        <line num="255" count="162" type="stmt"/>
        <line num="259" count="500" type="cond" truecount="1" falsecount="1"/>
        <line num="260" count="500" type="stmt"/>
        <line num="261" count="0" type="cond" truecount="0" falsecount="1"/>
        <line num="262" count="0" type="stmt"/>
        <line num="266" count="662" type="cond" truecount="0" falsecount="1"/>
        <line num="267" count="0" type="stmt"/>
        <line num="268" count="0" type="stmt"/>
        <line num="269" count="0" type="stmt"/>
        <line num="270" count="0" type="stmt"/>
        <line num="276" count="781" type="stmt"/>
        <line num="277" count="1" type="cond" truecount="0" falsecount="1"/>
        <line num="279" count="1" type="stmt"/>
        <line num="280" count="1" type="stmt"/>
        <line num="282" count="1" type="stmt"/>
        <line num="284" count="1" type="stmt"/>
        <line num="288" count="781" type="stmt"/>
        <line num="289" count="3082" type="stmt"/>
        <line num="290" count="3082" type="cond" truecount="1" falsecount="0"/>
        <line num="291" count="2310" type="cond" truecount="1" falsecount="0"/>
        <line num="292" count="1540" type="cond" truecount="1" falsecount="0"/>
        <line num="293" count="770" type="cond" truecount="1" falsecount="0"/>
        <line num="294" count="0" type="stmt"/>
        <line num="298" count="781" type="stmt"/>
        <line num="299" count="3082" type="stmt"/>
        <line num="303" count="781" type="stmt"/>
        <line num="304" count="3082" type="cond" truecount="2" falsecount="0"/>
        <line num="307" count="781" type="cond" truecount="1" falsecount="0"/>
        <line num="308" count="1" type="stmt"/>
        <line num="312" count="780" type="cond" truecount="3" falsecount="0"/>
        <line num="361" count="0" type="stmt"/>
        <line num="386" count="1" type="cond" truecount="1" falsecount="0"/>
        <line num="387" count="1" type="stmt"/>
        <line num="398" count="43" type="stmt"/>
        <line num="500" count="3082" type="stmt"/>
        <line num="501" count="3082" type="stmt"/>
        <line num="502" count="3082" type="cond" truecount="2" falsecount="0"/>
        <line num="504" count="3082" type="stmt"/>
        <line num="514" count="18" type="stmt"/>
        <line num="516" count="1" type="cond" truecount="1" falsecount="1"/>
        <line num="517" count="1" type="stmt"/>
        <line num="518" count="1" type="stmt"/>
        <line num="519" count="1" type="stmt"/>
        <line num="520" count="0" type="cond" truecount="0" falsecount="1"/>
        <line num="521" count="0" type="stmt"/>
        <line num="522" count="0" type="stmt"/>
        <line num="523" count="0" type="stmt"/>
        <line num="543" count="2" type="stmt"/>
        <line num="552" count="8" type="stmt"/>
        <line num="554" count="4" type="stmt"/>
        <line num="560" count="2" type="cond" truecount="1" falsecount="1"/>
        <line num="561" count="2" type="stmt"/>
        <line num="563" count="0" type="stmt"/>
        <line num="611" count="32" type="stmt"/>
        <line num="629" count="77" type="stmt"/>
        <line num="631" count="5" type="cond" truecount="3" falsecount="0"/>
        <line num="632" count="1" type="stmt"/>
        <line num="652" count="53" type="stmt"/>
        <line num="654" count="4" type="cond" truecount="3" falsecount="0"/>
        <line num="655" count="1" type="stmt"/>
        <line num="675" count="0" type="stmt"/>
        <line num="698" count="500" type="stmt"/>
        <line num="699" count="500" type="stmt"/>
        <line num="716" count="0" type="stmt"/>
        <line num="727" count="0" type="stmt"/>
        <line num="738" count="0" type="stmt"/>
        <line num="756" count="0" type="stmt"/>
        <line num="767" count="0" type="stmt"/>
        <line num="778" count="0" type="stmt"/>
        <line num="792" count="0" type="stmt"/>
        <line num="793" count="0" type="stmt"/>
        <line num="846" count="49" type="stmt"/>
      </file>
      <file name="index.ts" path="/Users/sergeypodolskiy/CODEBASE/25 08 18 Tinder For Real Estate v3/SwipeLinkEstate/components/client/index.ts">
        <metrics statements="6" coveredstatements="0" conditionals="0" coveredconditionals="0" methods="0" coveredmethods="0"/>
        <line num="4" count="0" type="stmt"/>
        <line num="5" count="0" type="stmt"/>
        <line num="6" count="0" type="stmt"/>
        <line num="7" count="0" type="stmt"/>
        <line num="8" count="0" type="stmt"/>
        <line num="11" count="0" type="stmt"/>
      </file>
      <file name="types.ts" path="/Users/sergeypodolskiy/CODEBASE/25 08 18 Tinder For Real Estate v3/SwipeLinkEstate/components/client/types.ts">
        <metrics statements="4" coveredstatements="0" conditionals="8" coveredconditionals="0" methods="4" coveredmethods="0"/>
        <line num="23" count="0" type="cond" truecount="0" falsecount="2"/>
        <line num="32" count="0" type="cond" truecount="0" falsecount="2"/>
        <line num="139" count="0" type="cond" truecount="0" falsecount="2"/>
        <line num="182" count="0" type="cond" truecount="0" falsecount="2"/>
      </file>
    </package>
    <package name="components.crm">
      <metrics statements="343" coveredstatements="80" conditionals="213" coveredconditionals="40" methods="70" coveredmethods="18"/>
      <file name="client.service.ts" path="/Users/sergeypodolskiy/CODEBASE/25 08 18 Tinder For Real Estate v3/SwipeLinkEstate/components/crm/client.service.ts">
        <metrics statements="96" coveredstatements="0" conditionals="54" coveredconditionals="0" methods="23" coveredmethods="0"/>
        <line num="3" count="0" type="stmt"/>
        <line num="11" count="0" type="stmt"/>
        <line num="20" count="0" type="stmt"/>
        <line num="22" count="0" type="cond" truecount="0" falsecount="1"/>
        <line num="24" count="0" type="stmt"/>
        <line num="44" count="0" type="stmt"/>
        <line num="46" count="0" type="cond" truecount="0" falsecount="1"/>
        <line num="48" count="0" type="stmt"/>
        <line num="52" count="0" type="stmt"/>
        <line num="65" count="0" type="stmt"/>
        <line num="67" count="0" type="cond" truecount="0" falsecount="1"/>
        <line num="68" count="0" type="stmt"/>
        <line num="76" count="0" type="stmt"/>
        <line num="77" count="0" type="stmt"/>
        <line num="78" count="0" type="stmt"/>
        <line num="80" count="0" type="stmt"/>
        <line num="100" count="0" type="stmt"/>
        <line num="102" count="0" type="stmt"/>
        <line num="103" count="0" type="stmt"/>
        <line num="104" count="0" type="stmt"/>
        <line num="108" count="0" type="stmt"/>
        <line num="119" count="0" type="stmt"/>
        <line num="128" count="0" type="stmt"/>
        <line num="129" count="0" type="cond" truecount="0" falsecount="2"/>
        <line num="132" count="0" type="stmt"/>
        <line num="133" count="0" type="stmt"/>
        <line num="136" count="0" type="cond" truecount="0" falsecount="4"/>
        <line num="137" count="0" type="cond" truecount="0" falsecount="2"/>
        <line num="139" count="0" type="stmt"/>
        <line num="147" count="0" type="cond" truecount="0" falsecount="3"/>
        <line num="163" count="0" type="cond" truecount="0" falsecount="2"/>
        <line num="178" count="0" type="stmt"/>
        <line num="215" count="0" type="stmt"/>
        <line num="232" count="0" type="stmt"/>
        <line num="246" count="0" type="stmt"/>
        <line num="247" count="0" type="cond" truecount="0" falsecount="2"/>
        <line num="250" count="0" type="stmt"/>
        <line num="251" count="0" type="cond" truecount="0" falsecount="4"/>
        <line num="253" count="0" type="stmt"/>
        <line num="261" count="0" type="stmt"/>
        <line num="264" count="0" type="cond" truecount="0" falsecount="2"/>
        <line num="265" count="0" type="stmt"/>
        <line num="266" count="0" type="cond" truecount="0" falsecount="2"/>
        <line num="267" count="0" type="stmt"/>
        <line num="269" count="0" type="stmt"/>
        <line num="273" count="0" type="cond" truecount="0" falsecount="2"/>
        <line num="274" count="0" type="stmt"/>
        <line num="275" count="0" type="cond" truecount="0" falsecount="1"/>
        <line num="276" count="0" type="stmt"/>
        <line num="280" count="0" type="cond" truecount="0" falsecount="1"/>
        <line num="281" count="0" type="stmt"/>
        <line num="284" count="0" type="cond" truecount="0" falsecount="1"/>
        <line num="285" count="0" type="stmt"/>
        <line num="288" count="0" type="stmt"/>
        <line num="292" count="0" type="stmt"/>
        <line num="295" count="0" type="cond" truecount="0" falsecount="3"/>
        <line num="297" count="0" type="stmt"/>
        <line num="298" count="0" type="stmt"/>
        <line num="299" count="0" type="stmt"/>
        <line num="301" count="0" type="stmt"/>
        <line num="302" count="0" type="stmt"/>
        <line num="303" count="0" type="stmt"/>
        <line num="305" count="0" type="stmt"/>
        <line num="306" count="0" type="stmt"/>
        <line num="307" count="0" type="stmt"/>
        <line num="311" count="0" type="cond" truecount="0" falsecount="1"/>
        <line num="312" count="0" type="stmt"/>
        <line num="313" count="0" type="stmt"/>
        <line num="317" count="0" type="cond" truecount="0" falsecount="3"/>
        <line num="318" count="0" type="stmt"/>
        <line num="321" count="0" type="stmt"/>
        <line num="325" count="0" type="stmt"/>
        <line num="328" count="0" type="cond" truecount="0" falsecount="2"/>
        <line num="329" count="0" type="stmt"/>
        <line num="330" count="0" type="stmt"/>
        <line num="331" count="0" type="stmt"/>
[...]
        <line num="2" count="3" type="stmt"/>
        <line num="3" count="3" type="stmt"/>
        <line num="7" count="7" type="stmt"/>
        <line num="8" count="7" type="stmt"/>
        <line num="10" count="3" type="stmt"/>
        <line num="16" count="3" type="stmt"/>
        <line num="17" count="3" type="stmt"/>
        <line num="19" count="1" type="stmt"/>
        <line num="26" count="4" type="stmt"/>
        <line num="27" count="4" type="stmt"/>
        <line num="29" count="4" type="stmt"/>
        <line num="30" count="2" type="stmt"/>
        <line num="33" count="1" type="stmt"/>
        <line num="38" count="1" type="stmt"/>
        <line num="47" count="0" type="stmt"/>
        <line num="48" count="0" type="stmt"/>
        <line num="50" count="0" type="stmt"/>
        <line num="52" count="0" type="stmt"/>
        <line num="55" count="0" type="stmt"/>
        <line num="61" count="0" type="stmt"/>
        <line num="69" count="0" type="stmt"/>
        <line num="70" count="0" type="stmt"/>
        <line num="72" count="0" type="stmt"/>
        <line num="73" count="0" type="stmt"/>
        <line num="76" count="0" type="stmt"/>
        <line num="81" count="0" type="stmt"/>
        <line num="89" count="0" type="cond" truecount="0" falsecount="1"/>
        <line num="96" count="0" type="stmt"/>
        <line num="98" count="0" type="stmt"/>
        <line num="105" count="0" type="stmt"/>
        <line num="106" count="0" type="stmt"/>
        <line num="108" count="0" type="stmt"/>
        <line num="115" count="0" type="stmt"/>
        <line num="116" count="0" type="stmt"/>
        <line num="118" count="0" type="stmt"/>
        <line num="124" count="0" type="stmt"/>
        <line num="125" count="0" type="stmt"/>
        <line num="127" count="0" type="stmt"/>
      </file>
      <file name="useSwipeQuery.ts" path="/Users/sergeypodolskiy/CODEBASE/25 08 18 Tinder For Real Estate v3/SwipeLinkEstate/lib/query/useSwipeQuery.ts">
        <metrics statements="24" coveredstatements="14" conditionals="4" coveredconditionals="2" methods="14" coveredmethods="7"/>
        <line num="1" count="1" type="stmt"/>
        <line num="2" count="1" type="stmt"/>
        <line num="6" count="1" type="stmt"/>
        <line num="9" count="1" type="stmt"/>
        <line num="24" count="0" type="stmt"/>
        <line num="39" count="2" type="stmt"/>
        <line num="49" count="0" type="stmt"/>
        <line num="59" count="4" type="stmt"/>
        <line num="60" count="4" type="stmt"/>
        <line num="62" count="1" type="stmt"/>
        <line num="69" count="0" type="stmt"/>
        <line num="70" count="0" type="stmt"/>
        <line num="72" count="0" type="stmt"/>
        <line num="73" count="0" type="stmt"/>
        <line num="76" count="0" type="stmt"/>
        <line num="85" count="4" type="stmt"/>
        <line num="86" count="4" type="stmt"/>
        <line num="88" count="4" type="stmt"/>
        <line num="90" count="2" type="stmt"/>
        <line num="93" count="2" type="stmt"/>
        <line num="99" count="2" type="stmt"/>
        <line num="108" count="0" type="stmt"/>
        <line num="109" count="0" type="stmt"/>
        <line num="111" count="0" type="stmt"/>
      </file>
    </package>
    <package name="lib.supabase">
      <metrics statements="91" coveredstatements="52" conditionals="57" coveredconditionals="16" methods="15" coveredmethods="9"/>
      <file name="client.ts" path="/Users/sergeypodolskiy/CODEBASE/25 08 18 Tinder For Real Estate v3/SwipeLinkEstate/lib/supabase/client.ts">
        <metrics statements="12" coveredstatements="0" conditionals="3" coveredconditionals="0" methods="2" coveredmethods="0"/>
        <line num="1" count="0" type="stmt"/>
        <line num="6" count="0" type="stmt"/>
        <line num="7" count="0" type="stmt"/>
        <line num="9" count="0" type="cond" truecount="0" falsecount="3"/>
        <line num="10" count="0" type="stmt"/>
        <line num="13" count="0" type="stmt"/>
        <line num="17" count="0" type="stmt"/>
        <line num="20" count="0" type="stmt"/>
        <line num="23" count="0" type="stmt"/>
        <line num="24" count="0" type="stmt"/>
        <line num="28" count="0" type="stmt"/>
        <line num="29" count="0" type="stmt"/>
      </file>
      <file name="property.service.ts" path="/Users/sergeypodolskiy/CODEBASE/25 08 18 Tinder For Real Estate v3/SwipeLinkEstate/lib/supabase/property.service.ts">
        <metrics statements="79" coveredstatements="52" conditionals="54" coveredconditionals="16" methods="13" coveredmethods="9"/>
        <line num="1" count="6" type="stmt"/>
        <line num="3" count="6" type="stmt"/>
        <line num="5" count="28" type="stmt"/>
        <line num="10" count="4" type="stmt"/>
        <line num="11" count="4" type="stmt"/>
        <line num="17" count="4" type="cond" truecount="1" falsecount="0"/>
        <line num="18" count="2" type="stmt"/>
        <line num="21" count="2" type="cond" truecount="1" falsecount="1"/>
        <line num="23" count="2" type="stmt"/>
        <line num="24" count="2" type="stmt"/>
        <line num="32" count="2" type="stmt"/>
        <line num="38" count="2" type="cond" truecount="1" falsecount="0"/>
        <line num="39" count="1" type="cond" truecount="0" falsecount="1"/>
        <line num="40" count="0" type="stmt"/>
        <line num="42" count="1" type="stmt"/>
        <line num="45" count="1" type="stmt"/>
        <line num="52" count="3" type="stmt"/>
        <line num="58" count="3" type="cond" truecount="1" falsecount="0"/>
        <line num="59" count="1" type="stmt"/>
        <line num="62" count="2" type="stmt"/>
        <line num="69" count="2" type="stmt"/>
        <line num="76" count="2" type="cond" truecount="1" falsecount="0"/>
        <line num="77" count="1" type="cond" truecount="0" falsecount="1"/>
        <line num="78" count="0" type="stmt"/>
        <line num="80" count="1" type="stmt"/>
        <line num="83" count="1" type="stmt"/>
        <line num="91" count="5" type="stmt"/>
        <line num="97" count="5" type="cond" truecount="1" falsecount="0"/>
        <line num="98" count="1" type="cond" truecount="0" falsecount="1"/>
        <line num="99" count="0" type="stmt"/>
        <line num="101" count="1" type="stmt"/>
        <line num="105" count="4" type="cond" truecount="2" falsecount="0"/>
        <line num="108" count="4" type="stmt"/>
        <line num="115" count="4" type="cond" truecount="1" falsecount="0"/>
        <line num="116" count="1" type="stmt"/>
        <line num="119" count="3" type="stmt"/>
        <line num="126" count="4" type="cond" truecount="1" falsecount="0"/>
        <line num="128" count="3" type="stmt"/>
        <line num="129" count="5" type="stmt"/>
        <line num="131" count="5" type="stmt"/>
        <line num="135" count="5" type="cond" truecount="1" falsecount="0"/>
        <line num="136" count="1" type="stmt"/>
        <line num="140" count="4" type="stmt"/>
        <line num="144" count="4" type="stmt"/>
        <line num="147" count="3" type="stmt"/>
        <line num="154" count="3" type="cond" truecount="1" falsecount="0"/>
        <line num="156" count="2" type="stmt"/>
        <line num="162" count="2" type="cond" truecount="1" falsecount="0"/>
        <line num="163" count="1" type="stmt"/>
        <line num="166" count="1" type="cond" truecount="1" falsecount="1"/>
        <line num="173" count="5" type="cond" truecount="0" falsecount="1"/>
        <line num="175" count="5" type="stmt"/>
        <line num="182" count="5" type="cond" truecount="1" falsecount="0"/>
        <line num="183" count="1" type="stmt"/>
        <line num="186" count="4" type="cond" truecount="1" falsecount="1"/>
        <line num="193" count="0" type="stmt"/>
        <line num="198" count="0" type="cond" truecount="0" falsecount="1"/>
        <line num="199" count="0" type="stmt"/>
        <line num="223" count="0" type="stmt"/>
        <line num="225" count="0" type="stmt"/>
        <line num="226" count="0" type="stmt"/>
        <line num="228" count="0" type="stmt"/>
        <line num="235" count="0" type="stmt"/>
        <line num="237" count="0" type="cond" truecount="0" falsecount="1"/>
        <line num="238" count="0" type="stmt"/>
        <line num="241" count="0" type="stmt"/>
        <line num="252" count="0" type="cond" truecount="0" falsecount="1"/>
        <line num="254" count="0" type="stmt"/>
        <line num="260" count="0" type="cond" truecount="0" falsecount="1"/>
        <line num="261" count="0" type="stmt"/>
        <line num="264" count="0" type="cond" truecount="0" falsecount="2"/>
        <line num="276" count="0" type="stmt"/>
        <line num="291" count="0" type="cond" truecount="0" falsecount="4"/>
        <line num="292" count="0" type="cond" truecount="0" falsecount="3"/>
        <line num="293" count="0" type="stmt"/>
        <line num="296" count="0" type="cond" truecount="0" falsecount="2"/>
        <line num="297" count="0" type="cond" truecount="0" falsecount="2"/>
        <line num="298" count="0" type="cond" truecount="0" falsecount="2"/>
        <line num="300" count="0" type="stmt"/>
      </file>
    </package>
    <package name="lib.utils">
      <metrics statements="78" coveredstatements="78" conditionals="61" coveredconditionals="60" methods="14" coveredmethods="14"/>
      <file name="formatters.ts" path="/Users/sergeypodolskiy/CODEBASE/25 08 18 Tinder For Real Estate v3/SwipeLinkEstate/lib/utils/formatters.ts">
        <metrics statements="37" coveredstatements="37" conditionals="30" coveredconditionals="29" methods="9" coveredmethods="9"/>
        <line num="4" count="236" type="stmt"/>
        <line num="5" count="236" type="cond" truecount="1" falsecount="0"/>
        <line num="7" count="232" type="stmt"/>
        <line num="18" count="236" type="stmt"/>
        <line num="19" count="236" type="cond" truecount="1" falsecount="0"/>
        <line num="21" count="233" type="stmt"/>
        <line num="27" count="240" type="stmt"/>
        <line num="28" count="240" type="cond" truecount="4" falsecount="0"/>
        <line num="29" count="240" type="cond" truecount="4" falsecount="0"/>
        <line num="31" count="240" type="cond" truecount="3" falsecount="0"/>
        <line num="32" count="234" type="stmt"/>
        <line num="35" count="6" type="cond" truecount="3" falsecount="0"/>
        <line num="41" count="237" type="stmt"/>
        <line num="42" count="237" type="cond" truecount="3" falsecount="0"/>
        <line num="44" count="235" type="stmt"/>
        <line num="46" count="578" type="stmt"/>
        <line num="48" count="635" type="stmt"/>
        <line num="56" count="1" type="stmt"/>
        <line num="57" count="2" type="stmt"/>
        <line num="58" count="2" type="stmt"/>
        <line num="68" count="7" type="stmt"/>
        <line num="69" count="7" type="stmt"/>
        <line num="70" count="7" type="stmt"/>
        <line num="71" count="7" type="stmt"/>
        <line num="72" count="7" type="stmt"/>
        <line num="73" count="7" type="stmt"/>
        <line num="74" count="7" type="stmt"/>
        <line num="76" count="7" type="cond" truecount="1" falsecount="0"/>
        <line num="77" count="6" type="cond" truecount="3" falsecount="0"/>
        <line num="78" count="4" type="cond" truecount="3" falsecount="0"/>
        <line num="79" count="2" type="cond" truecount="2" falsecount="1"/>
        <line num="81" count="1" type="stmt"/>
        <line num="87" count="235" type="stmt"/>
        <line num="88" count="235" type="stmt"/>
        <line num="89" count="235" type="cond" truecount="1" falsecount="0"/>
        <line num="90" count="52" type="stmt"/>
        <line num="92" count="183" type="stmt"/>
      </file>
      <file name="validators.ts" path="/Users/sergeypodolskiy/CODEBASE/25 08 18 Tinder For Real Estate v3/SwipeLinkEstate/lib/utils/validators.ts">
        <metrics statements="41" coveredstatements="41" conditionals="31" coveredconditionals="31" methods="5" coveredmethods="5"/>
        <line num="6" count="12" type="stmt"/>
        <line num="10" count="12" type="stmt"/>
        <line num="13" count="12" type="cond" truecount="3" falsecount="0"/>
        <line num="14" count="2" type="stmt"/>
        <line num="18" count="12" type="cond" truecount="3" falsecount="0"/>
        <line num="19" count="12" type="cond" truecount="1" falsecount="0"/>
        <line num="20" count="2" type="stmt"/>
        <line num="22" count="12" type="cond" truecount="1" falsecount="0"/>
        <line num="23" count="1" type="stmt"/>
        <line num="28" count="12" type="cond" truecount="3" falsecount="0"/>
        <line num="29" count="12" type="cond" truecount="3" falsecount="0"/>
        <line num="30" count="3" type="stmt"/>
        <line num="35" count="12" type="cond" truecount="3" falsecount="0"/>
        <line num="36" count="11" type="cond" truecount="3" falsecount="0"/>
        <line num="37" count="2" type="stmt"/>
        <line num="42" count="12" type="cond" truecount="3" falsecount="0"/>
        <line num="43" count="11" type="cond" truecount="3" falsecount="0"/>
        <line num="44" count="2" type="stmt"/>
        <line num="49" count="12" type="cond" truecount="3" falsecount="0"/>
        <line num="50" count="1" type="stmt"/>
        <line num="53" count="12" type="stmt"/>
        <line num="62" count="7" type="stmt"/>
        <line num="63" count="7" type="stmt"/>
        <line num="64" count="7" type="stmt"/>
        <line num="70" count="8" type="stmt"/>
        <line num="71" count="8" type="stmt"/>
        <line num="72" count="8" type="stmt"/>
        <line num="78" count="4" type="stmt"/>
        <line num="79" count="4" type="stmt"/>
        <line num="80" count="4" type="stmt"/>
        <line num="81" count="4" type="stmt"/>
        <line num="82" count="32" type="stmt"/>
        <line num="84" count="4" type="stmt"/>
        <line num="90" count="4" type="stmt"/>
        <line num="94" count="4" type="stmt"/>
        <line num="95" count="4" type="stmt"/>
        <line num="97" count="4" type="cond" truecount="1" falsecount="0"/>
        <line num="98" count="1" type="stmt"/>
        <line num="104" count="3" type="cond" truecount="1" falsecount="0"/>
        <line num="105" count="1" type="stmt"/>
        <line num="111" count="2" type="stmt"/>
      </file>
    </package>
    <package name="stores">
      <metrics statements="90" coveredstatements="82" conditionals="14" coveredconditionals="13" methods="60" coveredmethods="52"/>
      <file name="usePropertiesStore.ts" path="/Users/sergeypodolskiy/CODEBASE/25 08 18 Tinder For Real Estate v3/SwipeLinkEstate/stores/usePropertiesStore.ts">
        <metrics statements="27" coveredstatements="20" conditionals="4" coveredconditionals="4" methods="23" coveredmethods="16"/>
        <line num="1" count="1" type="stmt"/>
        <line num="2" count="1" type="stmt"/>
        <line num="35" count="1" type="stmt"/>
        <line num="42" count="41" type="stmt"/>
        <line num="44" count="1" type="stmt"/>
        <line num="49" count="8" type="stmt"/>
        <line num="53" count="1" type="stmt"/>
        <line num="54" count="1" type="stmt"/>
        <line num="63" count="1" type="stmt"/>
        <line num="64" count="1" type="stmt"/>
        <line num="66" count="2" type="cond" truecount="2" falsecount="0"/>
        <line num="77" count="0" type="stmt"/>
        <line num="78" count="0" type="stmt"/>
        <line num="79" count="0" type="stmt"/>
        <line num="80" count="0" type="stmt"/>
        <line num="88" count="7" type="stmt"/>
        <line num="89" count="7" type="stmt"/>
        <line num="91" count="1" type="stmt"/>
        <line num="100" count="1" type="stmt"/>
        <line num="104" count="0" type="stmt"/>
        <line num="108" count="3" type="stmt"/>
        <line num="112" count="3" type="stmt"/>
        <line num="116" count="2" type="stmt"/>
        <line num="117" count="3" type="stmt"/>
        <line num="122" count="0" type="stmt"/>
        <line num="123" count="0" type="stmt"/>
        <line num="128" count="12" type="stmt"/>
      </file>
      <file name="useSwipeStore.ts" path="/Users/sergeypodolskiy/CODEBASE/25 08 18 Tinder For Real Estate v3/SwipeLinkEstate/stores/useSwipeStore.ts">
        <metrics statements="38" coveredstatements="37" conditionals="8" coveredconditionals="7" methods="17" coveredmethods="16"/>
        <line num="1" count="1" type="stmt"/>
        <line num="2" count="1" type="stmt"/>
        <line num="38" count="1" type="stmt"/>
        <line num="51" count="40" type="stmt"/>
        <line num="53" count="1" type="stmt"/>
        <line num="58" count="5" type="stmt"/>
        <line num="70" count="3" type="stmt"/>
        <line num="74" count="2" type="stmt"/>
        <line num="78" count="6" type="stmt"/>
        <line num="80" count="6" type="stmt"/>
        <line num="83" count="6" type="cond" truecount="3" falsecount="1"/>
        <line num="85" count="3" type="cond" truecount="1" falsecount="0"/>
        <line num="86" count="3" type="stmt"/>
        <line num="88" count="3" type="stmt"/>
        <line num="90" count="2" type="cond" truecount="1" falsecount="0"/>
        <line num="91" count="2" type="stmt"/>
        <line num="93" count="2" type="stmt"/>
        <line num="95" count="1" type="cond" truecount="1" falsecount="0"/>
        <line num="96" count="1" type="stmt"/>
        <line num="98" count="1" type="stmt"/>
        <line num="101" count="0" type="stmt"/>
        <line num="105" count="6" type="cond" truecount="1" falsecount="0"/>
        <line num="106" count="6" type="stmt"/>
        <line num="109" count="6" type="stmt"/>
        <line num="120" count="1" type="stmt"/>
        <line num="122" count="1" type="stmt"/>
        <line num="125" count="1" type="stmt"/>
        <line num="126" count="1" type="stmt"/>
        <line num="127" count="1" type="stmt"/>
        <line num="128" count="2" type="stmt"/>
        <line num="130" count="1" type="stmt"/>
        <line num="141" count="3" type="stmt"/>
        <line num="145" count="3" type="stmt"/>
        <line num="149" count="1" type="stmt"/>
        <line num="150" count="1" type="stmt"/>
        <line num="159" count="2" type="stmt"/>
        <line num="160" count="2" type="stmt"/>
        <line num="165" count="12" type="stmt"/>
      </file>
      <file name="useUIStore.ts" path="/Users/sergeypodolskiy/CODEBASE/25 08 18 Tinder For Real Estate v3/SwipeLinkEstate/stores/useUIStore.ts">
        <metrics statements="25" coveredstatements="25" conditionals="2" coveredconditionals="2" methods="20" coveredmethods="20"/>
        <line num="1" count="4" type="stmt"/>
        <line num="2" count="4" type="stmt"/>
        <line num="47" count="4" type="stmt"/>
        <line num="58" count="140" type="stmt"/>
        <line num="61" count="4" type="stmt"/>
        <line num="66" count="2" type="stmt"/>
        <line num="69" count="2" type="stmt"/>
        <line num="70" count="2" type="stmt"/>
        <line num="79" count="2" type="stmt"/>
        <line num="82" count="2" type="stmt"/>
        <line num="83" count="2" type="stmt"/>
        <line num="92" count="7" type="stmt"/>
        <line num="93" count="7" type="stmt"/>
        <line num="104" count="1" type="stmt"/>
        <line num="105" count="1" type="stmt"/>
        <line num="116" count="1" type="stmt"/>
        <line num="130" count="7" type="stmt"/>
        <line num="131" count="7" type="stmt"/>
        <line num="139" count="1" type="stmt"/>
        <line num="140" count="1" type="stmt"/>
        <line num="142" count="2" type="stmt"/>
        <line num="150" count="1" type="stmt"/>
        <line num="154" count="12" type="stmt"/>
        <line num="155" count="12" type="stmt"/>
        <line num="161" count="38" type="stmt"/>
      </file>
    </package>
  </project>
</coverage>
