TN:
SF:app/layout.tsx
FN:15,RootLayout
FNF:1
FNH:1
FNDA:10,RootLayout
DA:2,1
DA:3,1
DA:4,1
DA:5,1
DA:7,1
DA:9,4
DA:15,10
LF:7
LH:7
BRF:0
BRH:0
end_of_record
TN:
SF:app/page.tsx
FN:3,HomePage
FNF:1
FNH:1
FNDA:4,HomePage
DA:1,1
DA:3,4
LF:2
LH:2
BRF:0
BRH:0
end_of_record
TN:
SF:app/(agent)/analytics/page.tsx
FN:12,AnalyticsPage
FN:32,(anonymous_3)
FN:41,(anonymous_4)
FN:43,(anonymous_5)
FN:50,(anonymous_6)
FN:52,(anonymous_7)
FN:59,(anonymous_8)
FN:108,(anonymous_9)
FN:120,(anonymous_10)
FN:234,(anonymous_11)
FNF:10
FNH:8
FNDA:56,AnalyticsPage
FNDA:0,(anonymous_3)
FNDA:31,(anonymous_4)
FNDA:47,(anonymous_5)
FNDA:31,(anonymous_6)
FNDA:50,(anonymous_7)
FNDA:31,(anonymous_8)
FNDA:0,(anonymous_9)
FNDA:1,(anonymous_10)
FNDA:47,(anonymous_11)
DA:3,2
DA:4,2
DA:5,2
DA:6,2
DA:7,2
DA:8,2
DA:9,2
DA:10,2
DA:12,37
DA:13,56
DA:14,55
DA:17,55
DA:20,31
DA:30,31
DA:32,31
DA:33,0
DA:34,0
DA:35,0
DA:37,0
DA:41,31
DA:42,31
DA:43,47
DA:50,31
DA:51,31
DA:52,50
DA:59,31
DA:60,31
DA:61,26
DA:62,26
DA:108,0
DA:120,1
DA:235,47
LF:32
LH:27
BRDA:18,0,0,0
BRDA:18,0,1,55
BRDA:21,1,0,31
BRDA:21,1,1,0
BRDA:30,2,0,0
BRDA:30,2,1,31
BRDA:34,3,0,0
BRDA:34,3,1,0
BRDA:42,4,0,6
BRDA:46,5,0,47
BRDA:46,5,1,0
BRDA:46,6,0,0
BRDA:46,6,1,0
BRDA:51,7,0,6
BRDA:53,8,0,50
BRDA:53,8,1,0
BRDA:60,9,0,5
BRDA:96,10,0,31
BRDA:124,11,0,3
BRDA:124,11,1,28
BRDA:129,12,0,31
BRDA:138,13,0,1
BRDA:138,13,1,1
BRDA:149,14,0,31
BRDA:149,14,1,5
BRDA:156,15,0,31
BRDA:156,15,1,6
BRDA:157,16,0,31
BRDA:157,16,1,6
BRDA:163,17,0,31
BRDA:163,17,1,6
BRDA:164,18,0,31
BRDA:164,18,1,6
BRDA:170,19,0,31
BRDA:170,19,1,6
BRDA:200,20,0,31
BRDA:200,20,1,6
BRDA:207,21,0,31
BRDA:207,21,1,25
BRDA:242,22,0,47
BRDA:242,22,1,0
BRDA:271,23,0,31
BRDA:271,23,1,5
BRF:43
BRH:33
end_of_record
TN:
SF:app/(agent)/crm/page.tsx
FN:13,CRMDashboard
FN:94,(anonymous_3)
FN:116,SummaryCard
FN:157,HotLeadCard
FNF:4
FNH:0
FNDA:0,CRMDashboard
FNDA:0,(anonymous_3)
FNDA:0,SummaryCard
FNDA:0,HotLeadCard
DA:3,0
DA:4,0
DA:5,0
DA:13,0
DA:19,0
DA:21,0
DA:29,0
DA:95,0
DA:127,0
LF:9
LH:0
BRDA:21,0,0,0
BRDA:29,1,0,0
BRDA:49,2,0,0
BRDA:49,2,1,0
BRDA:55,3,0,0
BRDA:55,3,1,0
BRDA:61,4,0,0
BRDA:61,4,1,0
BRDA:66,5,0,0
BRDA:66,5,1,0
BRDA:94,6,0,0
BRDA:120,7,0,0
BRDA:140,8,0,0
BRDA:142,9,0,0
BRDA:142,9,1,0
BRDA:143,10,0,0
BRDA:143,10,1,0
BRDA:146,11,0,0
BRDA:146,11,1,0
BRDA:146,12,0,0
BRDA:146,12,1,0
BRDA:161,13,0,0
BRDA:161,13,1,0
BRF:23
BRH:0
end_of_record
TN:
SF:app/(agent)/dashboard/page.tsx
FN:18,AgentDashboard
FN:47,(anonymous_3)
FN:57,(anonymous_4)
FN:61,(anonymous_5)
FN:67,(anonymous_6)
FN:71,(anonymous_7)
FN:75,(anonymous_8)
FN:89,(anonymous_9)
FN:125,(anonymous_10)
FN:202,(anonymous_11)
FN:207,(anonymous_12)
FN:209,(anonymous_13)
FN:230,(anonymous_14)
FN:231,(anonymous_15)
FNF:14
FNH:3
FNDA:220,AgentDashboard
FNDA:0,(anonymous_3)
FNDA:0,(anonymous_4)
FNDA:0,(anonymous_5)
FNDA:0,(anonymous_6)
FNDA:0,(anonymous_7)
FNDA:0,(anonymous_8)
FNDA:0,(anonymous_9)
FNDA:3,(anonymous_10)
FNDA:77,(anonymous_11)
FNDA:0,(anonymous_12)
FNDA:0,(anonymous_13)
FNDA:0,(anonymous_14)
FNDA:0,(anonymous_15)
DA:3,6
DA:4,6
DA:5,6
DA:6,6
DA:8,6
DA:9,6
DA:10,6
DA:11,6
DA:12,6
DA:13,6
DA:14,6
DA:15,6
DA:16,6
DA:18,63
DA:19,220
DA:20,111
DA:21,107
DA:22,107
DA:29,107
DA:36,35
DA:41,35
DA:43,35
DA:44,35
DA:45,35
DA:47,35
DA:48,0
DA:49,0
DA:50,0
DA:52,0
DA:54,0
DA:57,35
DA:58,0
DA:61,35
DA:63,0
DA:64,0
DA:67,35
DA:68,0
DA:71,35
DA:72,0
DA:75,35
DA:76,0
DA:77,0
DA:78,0
DA:80,0
DA:82,0
DA:84,0
DA:85,0
DA:89,35
DA:90,0
DA:125,3
DA:203,77
DA:207,0
DA:211,0
DA:231,0
DA:232,0
LF:55
LH:33
BRDA:43,0,0,35
BRDA:43,0,1,3
BRDA:44,1,0,35
BRDA:44,1,1,4
BRDA:45,2,0,35
BRDA:45,2,1,33
BRDA:49,3,0,0
BRDA:49,3,1,0
BRDA:122,4,0,35
BRDA:122,4,1,10
BRDA:125,5,0,35
BRDA:125,5,1,10
BRDA:125,5,2,5
BRDA:131,6,0,31
BRDA:131,6,1,31
BRDA:131,6,2,30
BRDA:137,7,0,31
BRDA:137,7,1,31
BRDA:143,8,0,31
BRDA:143,8,1,31
BRDA:146,9,0,31
BRDA:146,9,1,31
BRDA:155,10,0,31
BRDA:161,11,0,0
BRDA:161,11,1,0
BRDA:169,12,0,0
BRDA:169,12,1,0
BRDA:169,13,0,0
BRDA:169,13,1,0
BRDA:187,14,0,2
BRDA:191,15,0,3
BRDA:199,16,0,0
BRDA:199,16,1,26
BRDA:208,17,0,0
BRDA:208,17,1,77
BRDA:208,18,0,77
BRDA:208,18,1,0
BRDA:219,19,0,31
BRDA:232,20,0,0
BRDA:232,20,1,0
BRF:40
BRH:27
end_of_record
TN:
SF:app/(agent)/links/page.tsx
FN:10,LinksPage
FN:17,(anonymous_3)
FN:18,(anonymous_4)
FN:26,(anonymous_5)
FN:30,(anonymous_6)
FN:78,(anonymous_7)
FN:89,(anonymous_8)
FN:105,(anonymous_9)
FN:135,(anonymous_10)
FNF:9
FNH:7
FNDA:46,LinksPage
FNDA:6,(anonymous_3)
FNDA:6,(anonymous_4)
FNDA:1,(anonymous_5)
FNDA:0,(anonymous_6)
FNDA:7,(anonymous_7)
FNDA:8,(anonymous_8)
FNDA:0,(anonymous_9)
FNDA:3,(anonymous_10)
DA:3,2
DA:4,2
DA:5,2
DA:6,2
DA:7,2
DA:10,16
DA:11,46
DA:12,45
DA:15,45
DA:17,37
DA:18,6
DA:19,6
DA:21,6
DA:23,6
DA:26,37
DA:27,1
DA:30,37
DA:31,0
DA:32,0
DA:34,0
DA:36,0
DA:40,37
DA:78,7
DA:90,8
DA:105,0
DA:135,3
LF:26
LH:21
BRDA:15,0,0,0
BRDA:40,1,0,10
BRDA:87,2,0,7
BRDA:86,3,0,27
BRDA:86,3,1,26
BRDA:94,4,0,8
BRDA:94,4,1,0
BRDA:97,5,0,8
BRDA:97,5,1,0
BRF:9
BRH:6
end_of_record
TN:
SF:app/api/placeholder/[...params]/route.ts
FN:3,GET
FNF:1
FNH:1
FNDA:23,GET
DA:1,1
DA:3,23
DA:7,23
DA:10,23
DA:19,23
LF:5
LH:5
BRDA:7,0,0,3
BRDA:7,1,0,4
BRDA:7,2,0,23
BRDA:7,2,1,2
BRF:4
BRH:4
end_of_record
TN:
SF:app/link/[code]/ClientLinkView.tsx
FN:32,ClientLinkView
FN:62,(anonymous_2)
FN:73,(anonymous_3)
FN:83,(anonymous_4)
FN:91,(anonymous_5)
FN:113,(anonymous_6)
FN:134,(anonymous_7)
FN:146,(anonymous_8)
FN:157,(anonymous_9)
FN:158,(anonymous_10)
FN:160,(anonymous_11)
FN:164,(anonymous_12)
FN:170,(anonymous_13)
FN:175,(anonymous_14)
FN:177,(anonymous_15)
FN:191,(anonymous_16)
FN:195,(anonymous_17)
FN:199,(anonymous_18)
FN:204,(anonymous_19)
FN:208,(anonymous_20)
FN:212,(anonymous_21)
FN:213,(anonymous_22)
FN:215,(anonymous_23)
FN:224,(anonymous_24)
FN:246,(anonymous_25)
FN:260,(anonymous_26)
FN:261,(anonymous_27)
FN:262,(anonymous_28)
FN:315,(anonymous_29)
FN:338,(anonymous_30)
FN:349,(anonymous_31)
FN:378,(anonymous_32)
FN:380,(anonymous_33)
FN:384,(anonymous_34)
FN:394,(anonymous_35)
FN:398,(anonymous_36)
FNF:36
FNH:10
FNDA:13,ClientLinkView
FNDA:10,(anonymous_2)
FNDA:10,(anonymous_3)
FNDA:10,(anonymous_4)
FNDA:10,(anonymous_5)
FNDA:16,(anonymous_6)
FNDA:0,(anonymous_7)
FNDA:0,(anonymous_8)
FNDA:0,(anonymous_9)
FNDA:0,(anonymous_10)
FNDA:0,(anonymous_11)
FNDA:0,(anonymous_12)
FNDA:0,(anonymous_13)
FNDA:0,(anonymous_14)
FNDA:0,(anonymous_15)
FNDA:1,(anonymous_16)
FNDA:1,(anonymous_17)
FNDA:1,(anonymous_18)
FNDA:0,(anonymous_19)
FNDA:0,(anonymous_20)
FNDA:0,(anonymous_21)
FNDA:0,(anonymous_22)
FNDA:0,(anonymous_23)
FNDA:0,(anonymous_24)
FNDA:0,(anonymous_25)
FNDA:0,(anonymous_26)
FNDA:0,(anonymous_27)
FNDA:0,(anonymous_28)
FNDA:0,(anonymous_29)
FNDA:0,(anonymous_30)
FNDA:2,(anonymous_31)
FNDA:0,(anonymous_32)
FNDA:0,(anonymous_33)
FNDA:0,(anonymous_34)
FNDA:0,(anonymous_35)
FNDA:0,(anonymous_36)
DA:14,1
DA:15,1
DA:16,1
DA:17,1
DA:18,1
DA:19,1
DA:20,1
DA:32,10
DA:39,13
DA:40,13
DA:41,13
DA:42,13
DA:43,13
DA:46,13
DA:47,13
DA:48,13
DA:49,13
DA:50,13
DA:53,13
DA:62,13
DA:73,13
DA:83,13
DA:91,13
DA:92,10
DA:93,10
DA:94,10
DA:96,10
DA:97,70
DA:98,70
DA:99,70
DA:102,70
DA:109,10
DA:113,16
DA:134,13
DA:135,0
DA:137,0
DA:138,0
DA:139,0
DA:140,0
DA:141,0
DA:142,0
DA:146,13
DA:147,0
DA:149,0
DA:150,0
DA:151,0
DA:152,0
DA:157,13
DA:158,0
DA:160,0
DA:164,13
DA:165,0
DA:166,0
DA:170,13
DA:171,0
DA:172,0
DA:175,13
DA:177,0
DA:184,0
DA:185,0
DA:187,0
DA:191,13
DA:192,1
DA:195,13
DA:196,1
DA:199,13
DA:200,1
DA:204,13
DA:205,0
DA:206,0
DA:207,0
DA:208,0
DA:212,13
DA:213,0
DA:214,0
DA:215,0
DA:216,0
DA:217,0
DA:220,0
DA:224,13
DA:226,0
DA:230,13
DA:231,5
DA:235,8
DA:236,8
DA:241,8
DA:246,0
DA:252,8
DA:253,0
DA:256,8
DA:259,8
DA:260,0
DA:261,0
DA:262,0
DA:315,0
DA:338,0
DA:349,2
DA:378,0
DA:380,0
DA:384,0
DA:394,0
DA:399,0
DA:400,0
LF:103
LH:57
BRDA:74,0,0,10
BRDA:74,0,1,0
BRDA:75,1,0,10
BRDA:75,1,1,0
BRDA:85,2,0,10
BRDA:85,2,1,1
BRDA:116,3,0,16
BRDA:116,3,1,0
BRDA:117,4,0,16
BRDA:117,4,1,0
BRDA:118,5,0,16
BRDA:118,5,1,0
BRDA:119,6,0,16
BRDA:119,6,1,0
BRDA:120,7,0,16
BRDA:120,7,1,0
BRDA:121,8,0,16
BRDA:121,8,1,0
BRDA:122,9,0,16
BRDA:122,9,1,0
BRDA:123,10,0,16
BRDA:123,10,1,0
BRDA:127,11,0,16
BRDA:127,11,1,16
BRDA:128,12,0,16
BRDA:128,12,1,16
BRDA:135,13,0,0
BRDA:137,14,0,0
BRDA:137,14,1,0
BRDA:137,15,0,0
BRDA:137,15,1,0
BRDA:139,16,0,0
BRDA:139,16,1,0
BRDA:139,17,0,0
BRDA:139,17,1,0
BRDA:141,18,0,0
BRDA:141,19,0,0
BRDA:141,19,1,0
BRDA:147,20,0,0
BRDA:149,21,0,0
BRDA:149,21,1,0
BRDA:149,22,0,0
BRDA:149,22,1,0
BRDA:151,23,0,0
BRDA:205,24,0,0
BRDA:205,24,1,0
BRDA:207,25,0,0
BRDA:216,26,0,0
BRDA:230,27,0,5
BRDA:235,28,0,8
BRDA:235,28,1,8
BRDA:236,29,0,0
BRDA:241,30,0,0
BRDA:241,31,0,8
BRDA:241,31,1,0
BRDA:252,32,0,0
BRDA:252,33,0,8
BRDA:252,33,1,8
BRDA:284,34,0,1
BRDA:284,34,1,7
BRDA:295,35,0,1
BRDA:295,35,1,7
BRDA:306,36,0,6
BRDA:306,36,1,2
BRDA:328,37,0,8
BRDA:346,38,0,8
BRDA:360,39,0,8
BRDA:374,40,0,8
BRDA:389,41,0,8
BRDA:389,41,1,0
BRF:70
BRH:33
end_of_record
TN:
SF:app/link/[code]/EnhancedClientView.tsx
FN:30,EnhancedClientView
FN:62,(anonymous_5)
FN:70,(anonymous_6)
FN:80,(anonymous_7)
FN:81,(anonymous_8)
FN:84,(anonymous_9)
FN:85,(anonymous_10)
FN:103,(anonymous_11)
FN:111,(anonymous_12)
FN:116,(anonymous_13)
FN:120,(anonymous_14)
FN:134,(anonymous_15)
FN:142,(anonymous_16)
FN:152,(anonymous_17)
FN:172,(anonymous_18)
FN:182,(anonymous_19)
FN:198,(anonymous_20)
FN:221,(anonymous_21)
FN:223,(anonymous_22)
FN:224,(anonymous_23)
FN:226,(anonymous_24)
FN:227,(anonymous_25)
FN:232,(anonymous_26)
FN:243,(anonymous_27)
FN:245,(anonymous_28)
FN:247,(anonymous_29)
FN:262,(anonymous_30)
FN:291,(anonymous_31)
FN:298,(anonymous_32)
FN:313,(anonymous_33)
FN:317,(anonymous_34)
FN:318,(anonymous_35)
FN:328,(anonymous_36)
FN:340,ErrorFallback
FN:347,(anonymous_38)
FNF:35
FNH:0
FNDA:0,EnhancedClientView
FNDA:0,(anonymous_5)
FNDA:0,(anonymous_6)
FNDA:0,(anonymous_7)
FNDA:0,(anonymous_8)
FNDA:0,(anonymous_9)
FNDA:0,(anonymous_10)
FNDA:0,(anonymous_11)
FNDA:0,(anonymous_12)
FNDA:0,(anonymous_13)
FNDA:0,(anonymous_14)
FNDA:0,(anonymous_15)
FNDA:0,(anonymous_16)
FNDA:0,(anonymous_17)
FNDA:0,(anonymous_18)
FNDA:0,(anonymous_19)
FNDA:0,(anonymous_20)
FNDA:0,(anonymous_21)
FNDA:0,(anonymous_22)
FNDA:0,(anonymous_23)
FNDA:0,(anonymous_24)
FNDA:0,(anonymous_25)
FNDA:0,(anonymous_26)
FNDA:0,(anonymous_27)
FNDA:0,(anonymous_28)
FNDA:0,(anonymous_29)
FNDA:0,(anonymous_30)
FNDA:0,(anonymous_31)
FNDA:0,(anonymous_32)
FNDA:0,(anonymous_33)
FNDA:0,(anonymous_34)
FNDA:0,(anonymous_35)
FNDA:0,(anonymous_36)
FNDA:0,ErrorFallback
FNDA:0,(anonymous_38)
DA:3,0
DA:4,0
DA:6,0
DA:7,0
DA:30,0
DA:38,0
DA:39,0
DA:42,0
DA:43,0
DA:44,0
DA:47,0
DA:55,0
DA:56,0
DA:59,0
DA:62,0
DA:63,0
DA:70,0
DA:71,0
DA:72,0
DA:73,0
DA:80,0
DA:81,0
DA:83,0
DA:84,0
DA:85,0
DA:89,0
DA:90,0
DA:93,0
DA:96,0
DA:102,0
DA:103,0
DA:106,0
DA:111,0
DA:112,0
DA:113,0
DA:114,0
DA:116,0
DA:120,0
DA:122,0
DA:123,0
DA:124,0
DA:130,0
DA:134,0
DA:135,0
DA:137,0
DA:139,0
DA:142,0
DA:143,0
DA:144,0
DA:145,0
DA:152,0
DA:172,0
DA:182,0
DA:198,0
DA:221,0
DA:223,0
DA:224,0
DA:226,0
DA:227,0
DA:232,0
DA:244,0
DA:245,0
DA:246,0
DA:247,0
DA:262,0
DA:291,0
DA:298,0
DA:314,0
DA:315,0
DA:317,0
DA:318,0
DA:329,0
DA:330,0
DA:347,0
LF:74
LH:0
BRDA:47,0,0,0
BRDA:47,0,1,0
BRDA:89,1,0,0
BRDA:102,2,0,0
BRDA:102,2,1,0
BRDA:135,3,0,0
BRDA:135,4,0,0
BRDA:135,4,1,0
BRDA:166,5,0,0
BRDA:174,6,0,0
BRDA:174,6,1,0
BRDA:184,7,0,0
BRDA:184,7,1,0
BRDA:196,8,0,0
BRDA:213,9,0,0
BRDA:213,9,1,0
BRDA:216,10,0,0
BRDA:216,10,1,0
BRDA:219,11,0,0
BRDA:219,11,1,0
BRDA:221,12,0,0
BRDA:221,12,1,0
BRDA:223,13,0,0
BRDA:223,13,1,0
BRDA:224,14,0,0
BRDA:224,14,1,0
BRDA:237,15,0,0
BRDA:244,16,0,0
BRDA:244,16,1,0
BRDA:244,17,0,0
BRDA:244,17,1,0
BRDA:246,18,0,0
BRDA:246,19,0,0
BRDA:246,19,1,0
BRDA:255,20,0,0
BRDA:267,21,0,0
BRDA:296,22,0,0
BRDA:310,23,0,0
BRDA:310,23,1,0
BRDA:323,24,0,0
BRF:40
BRH:0
end_of_record
TN:
SF:app/link/[code]/page.server.tsx
FN:27,generateStaticParams
FN:36,LinkPage
FN:87,generateSessionId
FNF:3
FNH:3
FNDA:1,generateStaticParams
FNDA:10,LinkPage
FNDA:10,generateSessionId
DA:12,1
DA:13,1
DA:14,1
DA:24,1
DA:27,1
DA:30,1
DA:36,10
DA:37,10
DA:40,10
DA:41,4
DA:44,10
DA:45,10
DA:47,10
DA:49,10
DA:51,9
DA:52,1
DA:56,9
DA:57,1
DA:61,8
DA:62,1
DA:65,2
DA:67,2
DA:71,10
DA:89,10
DA:90,0
DA:91,0
DA:94,10
LF:27
LH:25
BRDA:40,0,0,4
BRDA:40,1,0,10
BRDA:40,1,1,9
BRDA:40,1,2,9
BRDA:51,2,0,1
BRDA:56,3,0,1
BRDA:56,4,0,9
BRDA:56,4,1,1
BRDA:61,5,0,1
BRDA:89,6,0,0
BRF:10
BRH:9
end_of_record
TN:
SF:app/link/[code]/page.tsx
FNF:0
FNH:0
DA:11,0
DA:12,0
LF:2
LH:0
BRF:0
BRH:0
end_of_record
TN:
SF:app/link/[code]/components/CompletionView.tsx
FN:14,CompletionView
FN:15,(anonymous_2)
FN:16,(anonymous_3)
FN:17,(anonymous_4)
FNF:4
FNH:4
FNDA:7,CompletionView
FNDA:24,(anonymous_2)
FNDA:24,(anonymous_3)
FNDA:24,(anonymous_4)
DA:14,7
DA:15,24
DA:16,24
DA:17,24
LF:4
LH:4
BRDA:44,0,0,7
BRDA:44,0,1,1
BRF:2
BRH:2
end_of_record
TN:
SF:app/link/[code]/components/EmptyView.tsx
FN:6,EmptyView
FNF:1
FNH:0
FNDA:0,EmptyView
DA:6,0
LF:1
LH:0
BRF:0
BRH:0
end_of_record
TN:
SF:app/link/[code]/components/ErrorView.tsx
FN:10,ErrorView
FNF:1
FNH:0
FNDA:0,ErrorView
DA:10,0
LF:1
LH:0
BRF:0
BRH:0
end_of_record
TN:
SF:app/link/[code]/components/LoadingView.tsx
FN:6,LoadingView
FNF:1
FNH:1
FNDA:5,LoadingView
DA:6,5
LF:1
LH:1
BRF:0
BRH:0
end_of_record
TN:
SF:app/link/[code]/hooks/useSwipeSession.ts
FN:32,useSwipeSession
FN:44,(anonymous_2)
FN:45,(anonymous_3)
FN:71,(anonymous_4)
FN:74,(anonymous_5)
FN:76,(anonymous_6)
FN:79,(anonymous_7)
FN:83,(anonymous_8)
FN:102,(anonymous_9)
FN:107,(anonymous_10)
FN:116,(anonymous_11)
FN:121,(anonymous_12)
FN:126,(anonymous_13)
FN:127,(anonymous_14)
FN:128,(anonymous_15)
FN:129,(anonymous_16)
FN:133,(anonymous_17)
FN:153,(anonymous_18)
FNF:18
FNH:13
FNDA:27,useSwipeSession
FNDA:15,(anonymous_2)
FNDA:15,(anonymous_3)
FNDA:16,(anonymous_4)
FNDA:0,(anonymous_5)
FNDA:0,(anonymous_6)
FNDA:3,(anonymous_7)
FNDA:15,(anonymous_8)
FNDA:0,(anonymous_9)
FNDA:15,(anonymous_10)
FNDA:0,(anonymous_11)
FNDA:14,(anonymous_12)
FNDA:2,(anonymous_13)
FNDA:2,(anonymous_14)
FNDA:2,(anonymous_15)
FNDA:0,(anonymous_16)
FNDA:1,(anonymous_17)
FNDA:1,(anonymous_18)
DA:12,1
DA:13,1
DA:32,27
DA:39,27
DA:40,27
DA:41,27
DA:44,27
DA:45,15
DA:46,15
DA:48,10
DA:49,10
DA:50,10
DA:52,10
DA:58,6
DA:60,4
DA:61,4
DA:63,10
DA:67,15
DA:71,27
DA:72,16
DA:74,3
DA:75,0
DA:76,0
DA:79,3
DA:83,27
DA:84,15
DA:87,4
DA:88,4
DA:89,2
DA:90,2
DA:92,2
DA:96,2
DA:102,0
DA:107,27
DA:108,15
DA:110,4
DA:111,4
DA:112,4
DA:116,0
DA:121,27
DA:122,14
DA:124,2
DA:126,2
DA:127,2
DA:128,2
DA:129,0
DA:133,27
DA:138,1
DA:140,0
DA:141,0
DA:149,0
DA:153,27
DA:154,1
DA:156,0
DA:157,0
DA:163,0
DA:167,27
LF:57
LH:46
BRDA:46,0,0,5
BRDA:46,1,0,15
BRDA:46,1,1,14
BRDA:46,1,2,14
BRDA:72,2,0,13
BRDA:72,3,0,16
BRDA:72,3,1,16
BRDA:72,3,2,4
BRDA:84,4,0,11
BRDA:84,5,0,15
BRDA:84,5,1,14
BRDA:84,5,2,14
BRDA:88,6,0,2
BRDA:92,7,0,1
BRDA:92,7,1,1
BRDA:93,8,0,1
BRDA:93,8,1,0
BRDA:108,9,0,11
BRDA:108,10,0,15
BRDA:108,10,1,14
BRDA:108,10,2,14
BRDA:111,11,0,4
BRDA:122,12,0,12
BRDA:122,13,0,14
BRDA:122,13,1,2
BRDA:122,13,2,2
BRDA:125,14,0,2
BRDA:125,14,1,0
BRDA:138,15,0,1
BRDA:138,16,0,1
BRDA:138,16,1,1
BRDA:138,16,2,1
BRDA:154,17,0,1
BRDA:154,18,0,1
BRDA:154,18,1,1
BRDA:154,18,2,1
BRF:36
BRH:34
end_of_record
TN:
SF:app/properties/PropertiesFilterBar.tsx
FN:10,PropertiesFilterBar
FNF:1
FNH:1
FNDA:21,PropertiesFilterBar
DA:10,21
LF:1
LH:1
BRF:0
BRH:0
end_of_record
TN:
SF:app/properties/PropertiesHeader.tsx
FN:8,PropertiesHeader
FNF:1
FNH:1
FNDA:21,PropertiesHeader
DA:6,1
DA:8,21
LF:2
LH:2
BRF:0
BRH:0
end_of_record
TN:
SF:app/properties/PropertyDetailModal.tsx
FN:13,PropertyDetailModal
FN:23,(anonymous_2)
FNF:2
FNH:2
FNDA:21,PropertyDetailModal
FNDA:1,(anonymous_2)
DA:13,21
DA:14,21
DA:23,1
LF:3
LH:3
BRDA:14,0,0,18
BRDA:39,1,0,3
BRDA:39,1,1,0
BRDA:44,2,0,3
BRDA:44,2,1,0
BRDA:48,3,0,3
BRDA:48,3,1,0
BRDA:53,4,0,3
BRDA:53,4,1,0
BRF:9
BRH:5
end_of_record
TN:
SF:app/properties/page.tsx
FN:20,PropertiesPage
FN:24,(anonymous_2)
FN:26,(anonymous_3)
FN:33,(anonymous_4)
FN:37,(anonymous_5)
FN:38,(anonymous_6)
FN:40,(anonymous_7)
FN:43,(anonymous_8)
FN:46,(anonymous_9)
FN:57,(anonymous_10)
FN:68,(anonymous_11)
FN:118,(anonymous_12)
FN:131,(anonymous_13)
FNF:13
FNH:9
FNDA:22,PropertiesPage
FNDA:10,(anonymous_2)
FNDA:10,(anonymous_3)
FNDA:0,(anonymous_4)
FNDA:10,(anonymous_5)
FNDA:0,(anonymous_6)
FNDA:0,(anonymous_7)
FNDA:10,(anonymous_8)
FNDA:10,(anonymous_9)
FNDA:3,(anonymous_10)
FNDA:0,(anonymous_11)
FNDA:18,(anonymous_12)
FNDA:2,(anonymous_13)
DA:13,1
DA:14,1
DA:15,1
DA:16,1
DA:17,1
DA:18,1
DA:20,10
DA:21,22
DA:22,21
DA:23,21
DA:24,21
DA:26,21
DA:27,10
DA:30,10
DA:33,0
DA:37,21
DA:38,10
DA:39,0
DA:40,0
DA:43,10
DA:46,21
DA:47,10
DA:48,10
DA:49,9
DA:51,1
DA:53,10
DA:57,21
DA:58,3
DA:60,3
DA:68,0
DA:119,18
DA:131,2
LF:32
LH:28
BRDA:94,0,0,10
BRDA:94,0,1,11
BRDA:106,1,0,10
BRDA:112,2,0,2
BRF:4
BRH:4
end_of_record
TN:
SF:components/agent/LinkCreationModal.tsx
FN:32,(anonymous_4)
FN:44,(anonymous_5)
FN:48,(anonymous_6)
FN:52,(anonymous_7)
FN:60,(anonymous_8)
FN:65,(anonymous_9)
FN:80,(anonymous_10)
FN:84,(anonymous_11)
FN:97,(anonymous_12)
FN:105,(anonymous_13)
FN:113,(anonymous_14)
FN:120,(anonymous_15)
FN:141,(anonymous_16)
FNF:13
FNH:1
FNDA:30,(anonymous_4)
FNDA:0,(anonymous_5)
FNDA:0,(anonymous_6)
FNDA:0,(anonymous_7)
FNDA:0,(anonymous_8)
FNDA:0,(anonymous_9)
FNDA:0,(anonymous_10)
FNDA:0,(anonymous_11)
FNDA:0,(anonymous_12)
FNDA:0,(anonymous_13)
FNDA:0,(anonymous_14)
FNDA:0,(anonymous_15)
FNDA:0,(anonymous_16)
DA:13,6
DA:14,6
DA:16,6
DA:17,6
DA:32,6
DA:38,30
DA:39,30
DA:40,30
DA:41,30
DA:44,30
DA:45,0
DA:48,0
DA:49,0
DA:51,0
DA:52,0
DA:53,0
DA:57,0
DA:60,30
DA:61,0
DA:62,0
DA:63,0
DA:64,0
DA:65,0
DA:66,0
DA:67,0
DA:70,0
DA:72,0
DA:74,0
DA:76,0
DA:80,30
DA:81,0
DA:82,0
DA:83,0
DA:84,0
DA:87,0
DA:88,0
DA:89,0
DA:91,0
DA:93,0
DA:97,30
DA:98,0
DA:99,0
DA:101,0
DA:105,30
DA:106,0
DA:107,0
DA:108,0
DA:109,0
DA:113,30
DA:114,0
DA:115,0
DA:116,0
DA:120,30
DA:121,0
DA:122,0
DA:126,30
DA:141,0
DA:168,0
DA:171,31
LF:59
LH:18
BRDA:45,0,0,0
BRDA:52,1,0,0
BRDA:85,2,0,0
BRDA:85,2,1,0
BRDA:98,3,0,0
BRDA:106,4,0,0
BRDA:114,5,0,0
BRDA:121,6,0,0
BRDA:126,7,0,30
BRDA:144,8,0,0
BRDA:168,9,0,0
BRDA:168,9,1,0
BRF:12
BRH:1
end_of_record
TN:
SF:components/agent/PropertyCard.original.tsx
FN:14,PropertyCard
FN:20,(anonymous_3)
FN:26,(anonymous_4)
FN:33,(anonymous_5)
FN:124,(anonymous_6)
FNF:5
FNH:0
FNDA:0,PropertyCard
FNDA:0,(anonymous_3)
FNDA:0,(anonymous_4)
FNDA:0,(anonymous_5)
FNDA:0,(anonymous_6)
DA:3,0
DA:5,0
DA:14,0
DA:20,0
DA:21,0
DA:22,0
DA:26,0
DA:27,0
DA:28,0
DA:29,0
DA:33,0
DA:34,0
DA:36,0
DA:38,0
DA:40,0
DA:42,0
DA:44,0
DA:49,0
DA:52,0
DA:56,0
DA:57,0
DA:125,0
LF:22
LH:0
BRDA:16,0,0,0
BRDA:21,1,0,0
BRDA:28,2,0,0
BRDA:34,3,0,0
BRDA:34,3,1,0
BRDA:34,3,2,0
BRDA:34,3,3,0
BRDA:34,3,4,0
BRDA:49,4,0,0
BRDA:49,4,1,0
BRDA:51,5,0,0
BRDA:51,5,1,0
BRDA:52,6,0,0
BRDA:52,6,1,0
BRDA:54,7,0,0
BRDA:54,7,1,0
BRDA:61,8,0,0
BRDA:61,8,1,0
BRDA:65,9,0,0
BRDA:65,9,1,0
BRDA:66,10,0,0
BRDA:66,10,1,0
BRDA:72,11,0,0
BRDA:72,11,1,0
BRDA:72,11,2,0
BRDA:96,12,0,0
BRDA:122,13,0,0
BRDA:132,14,0,0
BRDA:141,15,0,0
BRF:29
BRH:0
end_of_record
TN:
SF:components/agent/PropertyCard.tsx
FN:19,PropertyCard
FN:27,(anonymous_3)
FN:33,(anonymous_4)
FN:40,(anonymous_5)
FN:44,(anonymous_6)
FN:60,(anonymous_7)
FN:62,(anonymous_8)
FN:98,(anonymous_9)
FN:180,(anonymous_10)
FNF:9
FNH:9
FNDA:318,PropertyCard
FNDA:37,(anonymous_3)
FNDA:2,(anonymous_4)
FNDA:1,(anonymous_5)
FNDA:318,(anonymous_6)
FNDA:211,(anonymous_7)
FNDA:422,(anonymous_8)
FNDA:211,(anonymous_9)
FNDA:475,(anonymous_10)
DA:7,6
DA:8,6
DA:10,6
DA:19,317
DA:25,318
DA:27,318
DA:28,37
DA:29,37
DA:33,318
DA:34,2
DA:35,2
DA:36,2
DA:40,318
DA:41,1
DA:44,318
DA:45,318
DA:47,313
DA:49,1
DA:51,1
DA:53,2
DA:55,1
DA:60,318
DA:62,211
DA:63,422
DA:64,405
DA:66,17
DA:67,0
DA:69,17
DA:70,17
DA:72,2
DA:76,211
DA:77,211
DA:80,211
DA:82,211
DA:83,210
DA:84,206
DA:85,4
DA:86,1
DA:90,211
DA:98,318
DA:99,211
DA:100,211
DA:102,211
DA:181,475
LF:44
LH:43
BRDA:21,0,0,32
BRDA:28,1,0,37
BRDA:35,2,0,2
BRDA:45,3,0,313
BRDA:45,3,1,1
BRDA:45,3,2,1
BRDA:45,3,3,2
BRDA:45,3,4,1
BRDA:63,4,0,405
BRDA:66,5,0,0
BRDA:66,6,0,17
BRDA:66,6,1,17
BRDA:76,7,0,211
BRDA:76,7,1,49
BRDA:77,8,0,211
BRDA:77,8,1,50
BRDA:82,9,0,210
BRDA:83,10,0,206
BRDA:83,10,1,4
BRDA:85,11,0,1
BRDA:113,12,0,318
BRDA:113,12,1,0
BRDA:117,13,0,60
BRDA:117,13,1,258
BRDA:118,14,0,2
BRDA:118,14,1,316
BRDA:152,15,0,318
BRDA:178,16,0,318
BRDA:188,17,0,201
BRDA:197,18,0,318
BRF:30
BRH:28
end_of_record
TN:
SF:components/agent/LinkCreationModal/DetailsView.tsx
FN:25,DetailsView
FN:62,(anonymous_2)
FN:69,(anonymous_3)
FN:72,(anonymous_4)
FNF:4
FNH:0
FNDA:0,DetailsView
FNDA:0,(anonymous_2)
FNDA:0,(anonymous_3)
FNDA:0,(anonymous_4)
DA:6,6
DA:25,0
DA:62,0
DA:70,0
DA:72,0
LF:5
LH:1
BRDA:95,0,0,0
BRDA:95,0,1,0
BRDA:102,1,0,0
BRDA:102,1,1,0
BRF:4
BRH:0
end_of_record
TN:
SF:components/agent/LinkCreationModal/PropertyPreview.tsx
FN:16,PropertyPreview
FN:24,(anonymous_2)
FNF:2
FNH:0
FNDA:0,PropertyPreview
FNDA:0,(anonymous_2)
DA:16,0
DA:25,0
LF:2
LH:0
BRDA:21,0,0,0
BRDA:21,0,1,0
BRDA:30,1,0,0
BRDA:30,1,1,0
BRF:4
BRH:0
end_of_record
TN:
SF:components/agent/LinkCreationModal/SuccessView.tsx
FN:14,SuccessView
FNF:1
FNH:0
FNDA:0,SuccessView
DA:14,0
LF:1
LH:0
BRDA:42,0,0,0
BRDA:42,0,1,0
BRF:2
BRH:0
end_of_record
TN:
SF:components/analytics/ActivityFeed.tsx
FN:31,formatTimeAgo
FN:58,getActionDescription
FN:81,ActivityFeed
FN:113,(anonymous_7)
FNF:4
FNH:4
FNDA:50,formatTimeAgo
FNDA:50,getActionDescription
FNDA:21,ActivityFeed
FNDA:50,(anonymous_7)
DA:1,2
DA:11,2
DA:21,2
DA:32,50
DA:33,50
DA:34,50
DA:36,50
DA:37,1
DA:40,49
DA:41,49
DA:42,29
DA:45,20
DA:46,20
DA:47,19
DA:50,1
DA:51,1
DA:52,0
DA:55,1
DA:59,50
DA:60,50
DA:61,50
DA:63,50
DA:65,23
DA:67,12
DA:69,10
DA:71,1
DA:73,1
DA:75,1
DA:77,2
DA:81,21
DA:87,21
DA:89,21
DA:114,50
DA:115,50
DA:116,50
DA:118,50
DA:180,2
LF:37
LH:36
BRDA:36,0,0,1
BRDA:41,1,0,29
BRDA:46,2,0,19
BRDA:51,3,0,0
BRDA:60,4,0,50
BRDA:60,4,1,1
BRDA:61,5,0,50
BRDA:61,5,1,41
BRDA:61,5,2,32
BRDA:63,6,0,23
BRDA:63,6,1,12
BRDA:63,6,2,10
BRDA:63,6,3,1
BRDA:63,6,4,1
BRDA:63,6,5,1
BRDA:63,6,6,2
BRDA:83,7,0,19
BRDA:84,8,0,19
BRDA:85,9,0,20
BRDA:89,10,0,2
BRDA:105,11,0,19
BRDA:114,12,0,50
BRDA:114,12,1,2
BRDA:115,13,0,50
BRDA:115,13,1,2
BRDA:132,14,0,50
BRDA:134,15,0,18
BRDA:134,15,1,9
BRDA:138,16,0,50
BRDA:145,17,0,50
BRDA:145,17,1,1
BRDA:169,18,0,19
BRF:32
BRH:31
end_of_record
TN:
SF:components/analytics/AnalyticsChart.tsx
FN:15,AnalyticsChart
FN:16,(anonymous_5)
FN:20,(anonymous_7)
FN:43,(anonymous_8)
FN:44,(anonymous_9)
FN:58,(anonymous_10)
FN:80,(anonymous_11)
FN:85,(anonymous_12)
FN:107,(anonymous_13)
FN:117,(anonymous_14)
FNF:10
FNH:10
FNDA:18,AnalyticsChart
FNDA:34,(anonymous_5)
FNDA:25,(anonymous_7)
FNDA:2,(anonymous_8)
FNDA:6,(anonymous_9)
FNDA:6,(anonymous_10)
FNDA:1,(anonymous_11)
FNDA:3,(anonymous_12)
FNDA:3,(anonymous_13)
FNDA:13,(anonymous_14)
DA:1,2
DA:15,18
DA:16,34
DA:21,25
DA:43,18
DA:44,6
DA:45,2
DA:59,6
DA:60,6
DA:80,18
DA:86,3
DA:108,3
DA:117,18
DA:118,13
DA:120,10
DA:123,2
DA:125,1
DA:127,0
DA:145,2
LF:19
LH:18
BRDA:15,0,0,17
BRDA:15,1,0,18
BRDA:29,2,0,25
BRDA:29,2,1,5
BRDA:45,3,0,0
BRDA:64,4,0,6
BRDA:64,4,1,0
BRDA:93,5,0,3
BRDA:93,5,1,0
BRDA:118,6,0,10
BRDA:118,6,1,1
BRDA:118,6,2,2
BRDA:118,6,3,1
BRDA:118,6,4,0
BRDA:134,7,0,5
BRDA:134,7,1,13
BRF:16
BRH:12
end_of_record
TN:
SF:components/analytics/MetricsCard.tsx
FN:17,MetricsCard
FN:26,(anonymous_5)
FN:39,(anonymous_6)
FN:52,(anonymous_7)
FNF:4
FNH:4
FNDA:32,MetricsCard
FNDA:30,(anonymous_5)
FNDA:9,(anonymous_6)
FNDA:9,(anonymous_7)
DA:1,2
DA:17,32
DA:26,32
DA:27,30
DA:28,28
DA:29,4
DA:31,24
DA:32,3
DA:34,21
DA:36,2
DA:39,32
DA:40,9
DA:42,5
DA:44,2
DA:46,1
DA:48,1
DA:52,32
DA:53,9
DA:55,5
DA:57,2
DA:59,1
DA:61,1
DA:65,32
DA:121,2
LF:24
LH:24
BRDA:23,0,0,30
BRDA:24,1,0,29
BRDA:27,2,0,28
BRDA:28,3,0,4
BRDA:31,4,0,3
BRDA:40,5,0,5
BRDA:40,5,1,2
BRDA:40,5,2,1
BRDA:40,5,3,1
BRDA:53,6,0,5
BRDA:53,6,1,2
BRDA:53,6,2,1
BRDA:53,6,3,1
BRDA:65,7,0,2
BRDA:71,8,0,2
BRDA:84,9,0,30
BRDA:96,10,0,30
BRDA:106,11,0,30
BRDA:112,12,0,30
BRF:19
BRH:19
end_of_record
TN:
SF:components/client/BucketManager.tsx
FN:23,(anonymous_4)
FN:42,(anonymous_5)
FN:47,(anonymous_6)
FN:51,(anonymous_7)
FN:61,(anonymous_8)
FN:63,(anonymous_9)
FN:68,(anonymous_10)
FN:70,(anonymous_11)
FN:85,(anonymous_12)
FN:86,(anonymous_13)
FN:106,(anonymous_14)
FN:111,(anonymous_15)
FN:116,(anonymous_16)
FN:121,(anonymous_17)
FN:127,(anonymous_18)
FN:134,(anonymous_19)
FN:140,(anonymous_20)
FN:146,(anonymous_21)
FN:153,(anonymous_22)
FN:163,(anonymous_23)
FN:168,(anonymous_24)
FN:174,(anonymous_25)
FN:175,(anonymous_26)
FN:183,(anonymous_27)
FN:188,(anonymous_28)
FN:213,(anonymous_29)
FN:214,(anonymous_30)
FN:226,(anonymous_31)
FN:227,(anonymous_32)
FN:244,(anonymous_33)
FN:245,(anonymous_34)
FN:257,(anonymous_35)
FN:258,(anonymous_36)
FN:275,(anonymous_37)
FN:276,(anonymous_38)
FN:277,(anonymous_39)
FN:293,(anonymous_40)
FN:313,(anonymous_41)
FN:330,(anonymous_42)
FN:332,(anonymous_43)
FN:348,(anonymous_44)
FN:388,(anonymous_45)
FN:394,(anonymous_46)
FN:396,(anonymous_47)
FN:398,(anonymous_48)
FN:421,(anonymous_49)
FN:478,(anonymous_50)
FN:486,(anonymous_51)
FN:503,(anonymous_52)
FN:509,(anonymous_53)
FN:527,(anonymous_54)
FN:533,(anonymous_55)
FNF:52
FNH:35
FNDA:42,(anonymous_4)
FNDA:37,(anonymous_5)
FNDA:175,(anonymous_6)
FNDA:37,(anonymous_7)
FNDA:157,(anonymous_8)
FNDA:157,(anonymous_9)
FNDA:157,(anonymous_10)
FNDA:157,(anonymous_11)
FNDA:38,(anonymous_12)
FNDA:328,(anonymous_13)
FNDA:3,(anonymous_14)
FNDA:1,(anonymous_15)
FNDA:1,(anonymous_16)
FNDA:1,(anonymous_17)
FNDA:1,(anonymous_18)
FNDA:0,(anonymous_19)
FNDA:0,(anonymous_20)
FNDA:0,(anonymous_21)
FNDA:0,(anonymous_22)
FNDA:1,(anonymous_23)
FNDA:280,(anonymous_24)
FNDA:200,(anonymous_25)
FNDA:3,(anonymous_26)
FNDA:8,(anonymous_27)
FNDA:12,(anonymous_28)
FNDA:0,(anonymous_29)
FNDA:1,(anonymous_30)
FNDA:0,(anonymous_31)
FNDA:0,(anonymous_32)
FNDA:2,(anonymous_33)
FNDA:1,(anonymous_34)
FNDA:0,(anonymous_35)
FNDA:0,(anonymous_36)
FNDA:0,(anonymous_37)
FNDA:0,(anonymous_38)
FNDA:0,(anonymous_39)
FNDA:0,(anonymous_40)
FNDA:36,(anonymous_41)
FNDA:58,(anonymous_42)
FNDA:64,(anonymous_43)
FNDA:1,(anonymous_44)
FNDA:72,(anonymous_45)
FNDA:96,(anonymous_46)
FNDA:1,(anonymous_47)
FNDA:0,(anonymous_48)
FNDA:1,(anonymous_49)
FNDA:1,(anonymous_50)
FNDA:1,(anonymous_51)
FNDA:1,(anonymous_52)
FNDA:0,(anonymous_53)
FNDA:0,(anonymous_54)
FNDA:0,(anonymous_55)
DA:1,1
DA:23,1
DA:34,42
DA:35,42
DA:36,42
DA:37,42
DA:38,42
DA:39,42
DA:42,42
DA:43,37
DA:44,11
DA:46,26
DA:47,175
DA:51,42
DA:52,37
DA:53,2
DA:61,157
DA:63,35
DA:64,157
DA:65,157
DA:68,157
DA:70,35
DA:71,157
DA:72,157
DA:73,157
DA:76,35
DA:85,42
DA:86,38
DA:87,328
DA:89,1
DA:91,0
DA:97,327
DA:102,38
DA:106,42
DA:107,3
DA:111,42
DA:112,1
DA:116,42
DA:117,1
DA:121,42
DA:122,1
DA:123,1
DA:127,42
DA:128,1
DA:129,1
DA:130,1
DA:134,42
DA:135,0
DA:136,0
DA:140,42
DA:141,0
DA:142,0
DA:146,42
DA:147,0
DA:148,0
DA:149,0
DA:153,42
DA:154,0
DA:155,0
DA:157,0
DA:158,0
DA:163,42
DA:164,1
DA:168,42
DA:169,280
DA:170,240
DA:174,42
DA:175,200
DA:178,42
DA:184,8
DA:189,12
DA:213,0
DA:215,1
DA:216,0
DA:217,0
DA:218,1
DA:219,1
DA:220,1
DA:221,0
DA:222,0
DA:223,0
DA:226,0
DA:228,0
DA:229,0
DA:230,0
DA:244,2
DA:246,1
DA:247,1
DA:248,1
DA:249,0
DA:250,0
DA:251,0
DA:252,0
DA:253,0
DA:254,0
DA:257,0
DA:259,0
DA:260,0
DA:261,0
DA:275,0
DA:276,0
DA:278,0
DA:279,0
DA:280,0
DA:293,0
DA:314,36
DA:330,58
DA:333,64
DA:348,1
DA:389,72
DA:394,96
DA:396,1
DA:398,0
DA:422,1
DA:423,1
DA:478,1
DA:486,1
DA:503,1
DA:509,0
DA:527,0
DA:533,0
DA:557,38
LF:122
LH:80
BRDA:27,0,0,6
BRDA:32,1,0,0
BRDA:43,2,0,11
BRDA:46,3,0,26
BRDA:46,3,1,0
BRDA:52,4,0,2
BRDA:64,5,0,157
BRDA:64,5,1,50
BRDA:71,6,0,157
BRDA:71,6,1,62
BRDA:72,7,0,157
BRDA:72,7,1,60
BRDA:87,8,0,1
BRDA:87,8,1,0
BRDA:87,8,2,327
BRDA:87,8,3,327
BRDA:89,9,0,1
BRDA:89,9,1,0
BRDA:91,10,0,0
BRDA:91,10,1,0
BRDA:97,11,0,327
BRDA:97,11,1,0
BRDA:157,12,0,0
BRDA:157,13,0,0
BRDA:157,13,1,0
BRDA:169,14,0,40
BRDA:170,15,0,240
BRDA:170,15,1,28
BRDA:178,16,0,2
BRDA:207,17,0,0
BRDA:207,17,1,40
BRDA:212,18,0,31
BRDA:212,18,1,9
BRDA:212,19,0,38
BRDA:212,19,1,2
BRDA:215,20,0,0
BRDA:215,20,1,1
BRDA:215,21,0,1
BRDA:215,21,1,1
BRDA:218,22,0,1
BRDA:218,22,1,0
BRDA:221,23,0,0
BRDA:229,24,0,0
BRDA:243,25,0,0
BRDA:243,25,1,40
BRDA:243,26,0,34
BRDA:243,26,1,6
BRDA:246,27,0,1
BRDA:246,27,1,0
BRDA:246,28,0,1
BRDA:246,28,1,0
BRDA:249,29,0,0
BRDA:249,29,1,0
BRDA:252,30,0,0
BRDA:260,31,0,0
BRDA:274,32,0,0
BRDA:274,32,1,40
BRDA:274,33,0,34
BRDA:274,33,1,6
BRDA:279,34,0,0
BRDA:292,35,0,9
BRDA:292,35,1,31
BRDA:303,36,0,40
BRDA:303,36,1,38
BRDA:378,37,0,38
BRDA:380,38,0,1
BRDA:380,38,1,37
BRDA:382,39,0,38
BRDA:388,40,0,1
BRDA:388,40,1,37
BRDA:394,41,0,72
BRDA:394,41,1,0
BRDA:395,42,0,1
BRDA:395,42,1,71
BRDA:395,43,0,0
BRDA:395,43,1,72
BRDA:417,44,0,72
BRDA:427,45,0,1
BRDA:427,45,1,55
BRDA:431,46,0,72
BRDA:442,47,0,1
BRDA:442,47,1,1
BRDA:442,48,0,2
BRDA:442,48,1,1
BRDA:444,49,0,1
BRDA:444,49,1,0
BRDA:445,50,0,0
BRDA:445,50,1,0
BRDA:450,51,0,1
BRDA:450,51,1,1
BRDA:450,52,0,2
BRDA:450,52,1,1
BRDA:456,53,0,1
BRDA:456,53,1,1
BRDA:456,54,0,2
BRDA:456,54,1,1
BRDA:465,55,0,40
BRDA:465,55,1,38
BRDA:494,56,0,40
BRDA:519,57,0,40
BRDA:549,58,0,40
BRDA:549,58,1,31
BRDA:550,59,0,31
BRDA:550,59,1,0
BRDA:550,60,0,0
BRDA:550,60,1,0
BRF:106
BRH:74
end_of_record
TN:
SF:components/client/CollectionOverview.tsx
FN:54,(anonymous_4)
FN:77,(anonymous_5)
FN:78,(anonymous_6)
FN:81,(anonymous_7)
FN:90,(anonymous_8)
FN:92,(anonymous_9)
FN:95,(anonymous_10)
FN:100,(anonymous_11)
FN:112,(anonymous_12)
FN:114,(anonymous_13)
FN:115,(anonymous_14)
FN:115,(anonymous_15)
FN:116,(anonymous_16)
FN:117,(anonymous_17)
FN:118,(anonymous_18)
FN:120,(anonymous_19)
FN:130,(anonymous_20)
FN:138,(anonymous_21)
FN:148,(anonymous_22)
FN:150,(anonymous_23)
FN:160,(anonymous_24)
FN:162,(anonymous_25)
FN:167,(anonymous_26)
FN:178,(anonymous_27)
FN:182,(anonymous_28)
FN:183,(anonymous_29)
FN:191,(anonymous_30)
FN:232,(anonymous_31)
FN:242,(anonymous_32)
FN:368,(anonymous_33)
FN:412,(anonymous_34)
FN:484,(anonymous_35)
FN:489,(anonymous_36)
FN:492,(anonymous_37)
FN:531,(anonymous_38)
FN:536,(anonymous_39)
FN:590,(anonymous_40)
FN:631,(anonymous_41)
FNF:38
FNH:30
FNDA:56,(anonymous_4)
FNDA:52,(anonymous_5)
FNDA:0,(anonymous_6)
FNDA:52,(anonymous_7)
FNDA:53,(anonymous_8)
FNDA:1,(anonymous_9)
FNDA:3,(anonymous_10)
FNDA:52,(anonymous_11)
FNDA:282,(anonymous_12)
FNDA:281,(anonymous_13)
FNDA:281,(anonymous_14)
FNDA:843,(anonymous_15)
FNDA:281,(anonymous_16)
FNDA:281,(anonymous_17)
FNDA:281,(anonymous_18)
FNDA:282,(anonymous_19)
FNDA:281,(anonymous_20)
FNDA:52,(anonymous_21)
FNDA:0,(anonymous_22)
FNDA:0,(anonymous_23)
FNDA:0,(anonymous_24)
FNDA:0,(anonymous_25)
FNDA:2,(anonymous_26)
FNDA:1,(anonymous_27)
FNDA:52,(anonymous_28)
FNDA:1,(anonymous_29)
FNDA:4,(anonymous_30)
FNDA:12,(anonymous_31)
FNDA:9,(anonymous_32)
FNDA:0,(anonymous_33)
FNDA:151,(anonymous_34)
FNDA:149,(anonymous_35)
FNDA:2,(anonymous_36)
FNDA:0,(anonymous_37)
FNDA:148,(anonymous_38)
FNDA:0,(anonymous_39)
FNDA:1,(anonymous_40)
FNDA:1,(anonymous_41)
DA:1,1
DA:54,1
DA:69,56
DA:70,56
DA:71,56
DA:72,56
DA:75,56
DA:77,56
DA:78,52
DA:79,52
DA:80,52
DA:81,52
DA:86,56
DA:87,56
DA:90,56
DA:91,53
DA:92,3
DA:93,1
DA:95,3
DA:100,56
DA:101,52
DA:102,1
DA:112,282
DA:114,281
DA:115,843
DA:116,281
DA:117,281
DA:118,281
DA:120,51
DA:121,282
DA:122,281
DA:124,282
DA:127,51
DA:130,281
DA:138,56
DA:139,52
DA:140,52
DA:142,0
DA:144,52
DA:148,56
DA:149,0
DA:150,0
DA:153,0
DA:154,0
DA:155,0
DA:160,56
DA:161,0
DA:162,0
DA:167,56
DA:168,2
DA:171,2
DA:172,2
DA:173,2
DA:178,56
DA:179,1
DA:182,56
DA:183,52
DA:184,1
DA:185,1
DA:189,52
DA:190,4
DA:191,4
DA:196,56
DA:216,55
DA:233,12
DA:243,9
DA:257,52
DA:274,51
DA:290,50
DA:368,0
DA:413,151
DA:485,149
DA:489,2
DA:493,0
DA:494,0
DA:495,0
DA:532,148
DA:536,0
DA:590,1
DA:631,1
DA:670,54
LF:81
LH:68
BRDA:64,0,0,0
BRDA:65,1,0,0
BRDA:75,2,0,56
BRDA:75,2,1,0
BRDA:79,3,0,52
BRDA:87,4,0,56
BRDA:87,4,1,54
BRDA:91,5,0,3
BRDA:91,6,0,53
BRDA:91,6,1,50
BRDA:101,7,0,1
BRDA:112,8,0,282
BRDA:112,8,1,281
BRDA:112,8,2,281
BRDA:112,8,3,281
BRDA:114,9,0,281
BRDA:114,9,1,0
BRDA:115,10,0,281
BRDA:115,10,1,0
BRDA:116,11,0,281
BRDA:116,11,1,0
BRDA:117,12,0,281
BRDA:117,12,1,0
BRDA:118,13,0,281
BRDA:118,13,1,0
BRDA:121,14,0,281
BRDA:122,15,0,281
BRDA:122,15,1,153
BRDA:129,16,0,51
BRDA:129,16,1,1
BRDA:129,17,0,51
BRDA:129,17,1,1
BRDA:139,18,0,2
BRDA:139,18,1,50
BRDA:139,19,0,12
BRDA:139,19,1,38
BRDA:140,20,0,0
BRDA:149,21,0,0
BRDA:154,22,0,0
BRDA:161,23,0,0
BRDA:172,24,0,2
BRDA:179,25,0,0
BRDA:179,25,1,1
BRDA:184,26,0,1
BRDA:184,27,0,1
BRDA:184,27,1,1
BRDA:189,28,0,4
BRDA:196,29,0,1
BRDA:216,30,0,3
BRDA:257,31,0,1
BRDA:274,32,0,1
BRDA:290,33,0,2
BRDA:290,33,1,48
BRDA:290,34,0,10
BRDA:290,34,1,38
BRDA:311,35,0,50
BRDA:314,36,0,50
BRDA:362,37,0,2
BRDA:362,37,1,48
BRDA:362,38,0,50
BRDA:362,38,1,2
BRDA:364,39,0,50
BRDA:371,40,0,0
BRDA:371,40,1,2
BRDA:376,41,0,2
BRDA:376,41,1,48
BRDA:376,42,0,50
BRDA:376,42,1,2
BRDA:392,43,0,0
BRDA:392,43,1,50
BRDA:401,44,0,0
BRDA:401,44,1,50
BRDA:450,45,0,2
BRDA:450,45,1,48
BRDA:450,46,0,0
BRDA:450,46,1,50
BRDA:478,47,0,50
BRDA:493,48,0,0
BRDA:493,49,0,0
BRDA:493,49,1,0
BRDA:504,50,0,99
BRDA:504,50,1,50
BRDA:508,51,0,149
BRDA:535,52,0,50
BRDA:535,52,1,98
BRDA:543,53,0,50
BRDA:553,54,0,4
BRDA:553,54,1,1
BRDA:566,55,0,50
BRDA:566,55,1,49
BRDA:567,56,0,50
BRDA:567,56,1,49
BRDA:568,57,0,50
BRDA:568,57,1,49
BRDA:598,58,0,50
BRDA:637,59,0,5
BRF:96
BRH:76
end_of_record
TN:
SF:components/client/PropertyCarousel.tsx
FN:15,(anonymous_4)
FN:35,(anonymous_5)
FN:42,(anonymous_6)
FN:48,(anonymous_7)
FN:57,(anonymous_8)
FN:76,(anonymous_9)
FN:82,(anonymous_10)
FN:95,(anonymous_11)
FN:113,(anonymous_12)
FN:133,(anonymous_13)
FN:194,(anonymous_14)
FN:204,(anonymous_15)
FN:213,(anonymous_16)
FN:237,(anonymous_17)
FN:277,(anonymous_18)
FN:284,(anonymous_19)
FN:301,(anonymous_20)
FN:310,(anonymous_21)
FNF:18
FNH:12
FNDA:59,(anonymous_4)
FNDA:6,(anonymous_5)
FNDA:0,(anonymous_6)
FNDA:3,(anonymous_7)
FNDA:0,(anonymous_8)
FNDA:0,(anonymous_9)
FNDA:0,(anonymous_10)
FNDA:0,(anonymous_11)
FNDA:27,(anonymous_12)
FNDA:12,(anonymous_13)
FNDA:1,(anonymous_14)
FNDA:2,(anonymous_15)
FNDA:156,(anonymous_16)
FNDA:1,(anonymous_17)
FNDA:162,(anonymous_18)
FNDA:0,(anonymous_19)
FNDA:156,(anonymous_20)
FNDA:1,(anonymous_21)
DA:1,1
DA:15,1
DA:25,59
DA:26,59
DA:27,59
DA:28,59
DA:29,59
DA:32,59
DA:35,59
DA:36,6
DA:38,6
DA:39,6
DA:42,6
DA:43,0
DA:48,59
DA:49,3
DA:50,0
DA:51,3
DA:52,2
DA:57,59
DA:58,0
DA:59,0
DA:61,0
DA:62,0
DA:63,0
DA:65,0
DA:66,0
DA:71,0
DA:72,0
DA:76,59
DA:77,0
DA:78,0
DA:79,0
DA:82,59
DA:83,0
DA:85,0
DA:86,0
DA:89,0
DA:90,0
DA:92,0
DA:95,59
DA:96,0
DA:97,0
DA:98,0
DA:101,0
DA:102,0
DA:105,0
DA:106,0
DA:110,59
DA:113,59
DA:114,27
DA:115,26
DA:116,26
DA:121,59
DA:128,59
DA:134,12
DA:153,55
DA:161,54
DA:194,1
DA:204,2
DA:214,156
DA:216,156
DA:217,13
DA:218,143
DA:219,54
DA:220,89
DA:221,48
DA:223,41
DA:227,156
DA:228,156
DA:229,2
DA:232,156
DA:237,1
DA:278,162
DA:285,0
DA:286,0
DA:302,156
DA:310,1
DA:320,27
LF:79
LH:50
BRDA:21,0,0,0
BRDA:22,1,0,0
BRDA:23,2,0,59
BRDA:36,3,0,0
BRDA:49,4,0,0
BRDA:49,4,1,3
BRDA:49,5,0,3
BRDA:49,5,1,1
BRDA:51,6,0,2
BRDA:51,7,0,3
BRDA:51,7,1,2
BRDA:61,8,0,0
BRDA:62,9,0,0
BRDA:62,9,1,0
BRDA:65,10,0,0
BRDA:65,11,0,0
BRDA:65,11,1,0
BRDA:77,12,0,0
BRDA:83,13,0,0
BRDA:83,14,0,0
BRDA:83,14,1,0
BRDA:96,15,0,0
BRDA:114,16,0,26
BRDA:114,17,0,27
BRDA:114,17,1,26
BRDA:128,18,0,4
BRDA:153,19,0,1
BRDA:166,20,0,8
BRDA:166,20,1,46
BRDA:166,21,0,0
BRDA:166,21,1,54
BRDA:176,22,0,0
BRDA:176,22,1,54
BRDA:177,23,0,0
BRDA:177,23,1,54
BRDA:195,24,0,54
BRDA:195,24,1,54
BRDA:195,24,2,13
BRDA:205,25,0,54
BRDA:205,25,1,54
BRDA:205,25,2,48
BRDA:216,26,0,13
BRDA:216,26,1,143
BRDA:218,27,0,54
BRDA:218,27,1,89
BRDA:220,28,0,48
BRDA:220,28,1,41
BRDA:228,29,0,2
BRDA:242,30,0,156
BRDA:241,31,0,156
BRDA:241,31,1,156
BRDA:246,32,0,54
BRDA:246,32,1,102
BRDA:275,33,0,156
BRDA:282,34,0,0
BRDA:282,34,1,162
BRDA:306,35,0,54
BRDA:306,35,1,102
BRF:58
BRH:39
end_of_record
TN:
SF:components/client/PropertyModal.tsx
FN:16,(anonymous_4)
FN:41,(anonymous_5)
FN:51,(anonymous_6)
FN:57,(anonymous_7)
FN:62,(anonymous_8)
FN:74,(anonymous_9)
FN:75,(anonymous_10)
FN:83,(anonymous_11)
FN:88,(anonymous_12)
FN:91,(anonymous_13)
FN:92,(anonymous_14)
FN:160,(anonymous_15)
FN:169,(anonymous_16)
FN:193,(anonymous_17)
FN:205,(anonymous_18)
FN:205,(anonymous_19)
FN:213,(anonymous_20)
FN:213,(anonymous_21)
FN:238,(anonymous_22)
FN:242,(anonymous_23)
FN:282,(anonymous_24)
FN:341,(anonymous_25)
FN:345,(anonymous_26)
FN:358,(anonymous_27)
FNF:24
FNH:20
FNDA:92,(anonymous_4)
FNDA:44,(anonymous_5)
FNDA:3,(anonymous_6)
FNDA:1,(anonymous_7)
FNDA:0,(anonymous_8)
FNDA:44,(anonymous_9)
FNDA:5,(anonymous_10)
FNDA:43,(anonymous_11)
FNDA:44,(anonymous_12)
FNDA:0,(anonymous_13)
FNDA:42,(anonymous_14)
FNDA:1,(anonymous_15)
FNDA:1,(anonymous_16)
FNDA:1,(anonymous_17)
FNDA:0,(anonymous_18)
FNDA:0,(anonymous_19)
FNDA:1,(anonymous_20)
FNDA:1,(anonymous_21)
FNDA:340,(anonymous_22)
FNDA:1,(anonymous_23)
FNDA:1,(anonymous_24)
FNDA:356,(anonymous_25)
FNDA:1,(anonymous_26)
FNDA:1,(anonymous_27)
DA:1,1
DA:16,1
DA:27,92
DA:28,92
DA:29,92
DA:30,92
DA:31,92
DA:32,92
DA:35,92
DA:41,92
DA:42,44
DA:43,43
DA:44,43
DA:45,43
DA:46,43
DA:51,92
DA:52,3
DA:53,0
DA:54,3
DA:56,1
DA:57,1
DA:59,2
DA:61,0
DA:62,0
DA:64,2
DA:66,1
DA:67,1
DA:69,0
DA:74,92
DA:75,44
DA:76,5
DA:77,1
DA:81,44
DA:82,43
DA:83,43
DA:88,92
DA:89,44
DA:90,42
DA:91,42
DA:92,42
DA:97,92
DA:105,92
DA:106,92
DA:109,92
DA:160,1
DA:169,1
DA:193,1
DA:205,0
DA:213,1
DA:239,340
DA:242,1
DA:282,1
DA:342,356
DA:345,1
DA:358,1
DA:371,44
LF:56
LH:51
BRDA:35,0,0,91
BRDA:35,0,1,1
BRDA:37,1,0,91
BRDA:37,1,1,2
BRDA:42,2,0,43
BRDA:52,3,0,0
BRDA:52,3,1,3
BRDA:54,4,0,1
BRDA:54,4,1,2
BRDA:54,5,0,3
BRDA:54,5,1,2
BRDA:56,6,0,1
BRDA:59,7,0,0
BRDA:59,7,1,2
BRDA:59,8,0,2
BRDA:59,8,1,0
BRDA:61,9,0,0
BRDA:64,10,0,1
BRDA:64,10,1,1
BRDA:64,11,0,2
BRDA:64,11,1,2
BRDA:64,11,2,1
BRDA:67,12,0,0
BRDA:67,13,0,1
BRDA:67,13,1,1
BRDA:67,13,2,0
BRDA:76,14,0,1
BRDA:76,15,0,5
BRDA:76,15,1,1
BRDA:81,16,0,43
BRDA:89,17,0,42
BRDA:89,18,0,44
BRDA:89,18,1,43
BRDA:105,19,0,92
BRDA:105,19,1,92
BRDA:106,20,0,92
BRDA:106,20,1,92
BRDA:109,21,0,3
BRDA:109,22,0,92
BRDA:109,22,1,90
BRDA:125,23,0,4
BRDA:125,23,1,85
BRDA:180,24,0,4
BRDA:180,24,1,85
BRDA:183,25,0,4
BRDA:183,25,1,85
BRDA:187,26,0,84
BRDA:186,27,0,89
BRDA:186,27,1,85
BRDA:221,28,0,1
BRDA:236,29,0,89
BRDA:244,30,0,85
BRDA:244,30,1,255
BRDA:263,31,0,1
BRDA:263,31,1,88
BRDA:267,32,0,89
BRDA:277,33,0,89
BRDA:277,33,1,2
BRDA:285,34,0,1
BRDA:285,34,1,88
BRDA:292,35,0,4
BRDA:292,35,1,85
BRDA:315,36,0,89
BRDA:321,37,0,89
BRDA:327,38,0,89
BRDA:347,39,0,2
BRDA:347,39,1,354
BRF:67
BRH:61
end_of_record
TN:
SF:components/client/VisitBooking.tsx
FN:82,(anonymous_4)
FN:129,(anonymous_5)
FN:136,(anonymous_6)
FN:143,(anonymous_7)
FN:144,(anonymous_8)
FN:152,(anonymous_9)
FN:156,(anonymous_10)
FN:178,(anonymous_11)
FN:196,(anonymous_12)
FN:205,(anonymous_13)
FN:229,(anonymous_14)
FN:253,(anonymous_15)
FN:255,(anonymous_16)
FN:260,(anonymous_17)
FN:262,(anonymous_18)
FN:267,(anonymous_19)
FN:276,(anonymous_20)
FN:288,(anonymous_21)
FN:298,(anonymous_22)
FN:303,(anonymous_23)
FN:361,(anonymous_24)
FN:385,(anonymous_25)
FN:398,(anonymous_26)
FN:499,(anonymous_27)
FN:514,(anonymous_28)
FN:515,(anonymous_29)
FN:543,(anonymous_30)
FN:552,(anonymous_31)
FN:553,(anonymous_32)
FN:559,(anonymous_33)
FN:561,(anonymous_34)
FN:563,(anonymous_35)
FN:563,(anonymous_36)
FN:611,(anonymous_37)
FN:629,(anonymous_38)
FN:630,(anonymous_39)
FN:632,(anonymous_40)
FN:652,(anonymous_41)
FN:653,(anonymous_42)
FN:655,(anonymous_43)
FN:675,(anonymous_44)
FN:697,(anonymous_45)
FN:716,(anonymous_46)
FN:727,(anonymous_47)
FN:738,(anonymous_48)
FN:756,(anonymous_49)
FN:767,(anonymous_50)
FN:778,(anonymous_51)
FN:791,(anonymous_52)
FNF:49
FNH:36
FNDA:781,(anonymous_4)
FNDA:48,(anonymous_5)
FNDA:48,(anonymous_6)
FNDA:48,(anonymous_7)
FNDA:801,(anonymous_8)
FNDA:47,(anonymous_9)
FNDA:44,(anonymous_10)
FNDA:18,(anonymous_11)
FNDA:53,(anonymous_12)
FNDA:2,(anonymous_13)
FNDA:3,(anonymous_14)
FNDA:662,(anonymous_15)
FNDA:162,(anonymous_16)
FNDA:500,(anonymous_17)
FNDA:0,(anonymous_18)
FNDA:0,(anonymous_19)
FNDA:1,(anonymous_20)
FNDA:3082,(anonymous_21)
FNDA:3082,(anonymous_22)
FNDA:3082,(anonymous_23)
FNDA:0,(anonymous_24)
FNDA:1,(anonymous_25)
FNDA:43,(anonymous_26)
FNDA:3082,(anonymous_27)
FNDA:18,(anonymous_28)
FNDA:1,(anonymous_29)
FNDA:2,(anonymous_30)
FNDA:8,(anonymous_31)
FNDA:4,(anonymous_32)
FNDA:2,(anonymous_33)
FNDA:2,(anonymous_34)
FNDA:0,(anonymous_35)
FNDA:0,(anonymous_36)
FNDA:32,(anonymous_37)
FNDA:77,(anonymous_38)
FNDA:5,(anonymous_39)
FNDA:1,(anonymous_40)
FNDA:53,(anonymous_41)
FNDA:4,(anonymous_42)
FNDA:1,(anonymous_43)
FNDA:0,(anonymous_44)
FNDA:500,(anonymous_45)
FNDA:0,(anonymous_46)
FNDA:0,(anonymous_47)
FNDA:0,(anonymous_48)
FNDA:0,(anonymous_49)
FNDA:0,(anonymous_50)
FNDA:0,(anonymous_51)
FNDA:0,(anonymous_52)
DA:1,1
DA:82,1
DA:100,781
DA:101,781
DA:102,781
DA:108,781
DA:114,781
DA:120,781
DA:121,781
DA:122,781
DA:125,781
DA:126,781
DA:129,781
DA:130,48
DA:131,44
DA:136,781
DA:137,48
DA:138,47
DA:143,781
DA:144,48
DA:145,801
DA:146,1
DA:150,48
DA:151,47
DA:152,47
DA:156,781
DA:157,44
DA:158,44
DA:159,44
DA:160,44
DA:166,44
DA:172,44
DA:173,44
DA:174,44
DA:178,781
DA:179,18
DA:180,18
DA:181,18
DA:184,18
DA:185,18
DA:186,18
DA:191,18
DA:196,781
DA:197,53
DA:198,53
DA:199,4
DA:201,49
DA:205,781
DA:206,2
DA:208,2
DA:209,1
DA:212,2
DA:213,1
DA:214,1
DA:215,0
DA:218,2
DA:219,1
DA:220,1
DA:221,0
DA:224,2
DA:225,2
DA:229,781
DA:230,3
DA:232,1
DA:238,2
DA:240,1
DA:248,1
DA:253,781
DA:254,662
DA:255,162
DA:259,500
DA:260,500
DA:261,0
DA:262,0
DA:266,662
DA:267,0
DA:268,0
DA:269,0
DA:270,0
DA:276,781
DA:277,1
DA:279,1
DA:280,1
DA:282,1
DA:284,1
DA:288,781
DA:289,3082
DA:290,3082
DA:291,2310
DA:292,1540
DA:293,770
DA:294,0
DA:298,781
DA:299,3082
DA:303,781
DA:304,3082
DA:307,781
DA:308,1
DA:312,780
DA:361,0
DA:386,1
DA:387,1
DA:398,43
DA:500,3082
DA:501,3082
DA:502,3082
DA:504,3082
DA:514,18
DA:516,1
DA:517,1
DA:518,1
DA:519,1
DA:520,0
DA:521,0
DA:522,0
DA:523,0
DA:543,2
DA:552,8
DA:554,4
DA:560,2
DA:561,2
DA:563,0
DA:611,32
DA:629,77
DA:631,5
DA:632,1
DA:652,53
DA:654,4
DA:655,1
DA:675,0
DA:698,500
DA:699,500
DA:716,0
DA:727,0
DA:738,0
DA:756,0
DA:767,0
DA:778,0
DA:792,0
DA:793,0
DA:846,49
LF:141
LH:117
BRDA:86,0,0,771
BRDA:87,1,0,771
BRDA:89,2,0,771
BRDA:92,3,0,777
BRDA:93,4,0,0
BRDA:130,5,0,44
BRDA:130,6,0,48
BRDA:130,6,1,47
BRDA:137,7,0,47
BRDA:145,8,0,1
BRDA:150,9,0,47
BRDA:185,10,0,18
BRDA:198,11,0,4
BRDA:208,12,0,1
BRDA:212,13,0,1
BRDA:212,13,1,1
BRDA:214,14,0,0
BRDA:218,15,0,1
BRDA:218,15,1,1
BRDA:220,16,0,0
BRDA:230,17,0,1
BRDA:230,17,1,2
BRDA:230,18,0,3
BRDA:230,18,1,1
BRDA:230,18,2,1
BRDA:238,19,0,1
BRDA:253,20,0,162
BRDA:254,21,0,162
BRDA:254,21,1,500
BRDA:257,22,0,53
BRDA:257,22,1,109
BRDA:259,23,0,500
BRDA:259,23,1,0
BRDA:261,24,0,0
BRDA:266,25,0,0
BRDA:277,26,0,0
BRDA:290,27,0,772
BRDA:291,28,0,770
BRDA:292,29,0,770
BRDA:293,30,0,770
BRDA:304,31,0,3082
BRDA:304,31,1,8
BRDA:307,32,0,1
BRDA:312,33,0,10
BRDA:312,34,0,780
BRDA:312,34,1,10
BRDA:386,35,0,1
BRDA:406,36,0,4
BRDA:406,36,1,766
BRDA:420,37,0,770
BRDA:430,38,0,770
BRDA:430,38,1,4
BRDA:435,39,0,4
BRDA:443,40,0,770
BRDA:443,40,1,2
BRDA:447,41,0,770
BRDA:447,41,1,2
BRDA:448,42,0,770
BRDA:448,42,1,2
BRDA:450,43,0,770
BRDA:450,43,1,0
BRDA:450,44,0,770
BRDA:450,44,1,0
BRDA:450,45,0,770
BRDA:450,45,1,0
BRDA:457,46,0,768
BRDA:475,47,0,770
BRDA:475,47,1,4
BRDA:479,48,0,4
BRDA:502,49,0,3082
BRDA:502,49,1,1368
BRDA:509,50,0,770
BRDA:509,50,1,2312
BRDA:510,51,0,2
BRDA:510,51,1,3080
BRDA:511,52,0,4
BRDA:511,52,1,3078
BRDA:512,53,0,684
BRDA:512,53,1,2398
BRDA:513,54,0,3082
BRDA:513,54,1,2312
BRDA:513,54,2,2310
BRDA:516,55,0,1
BRDA:516,55,1,0
BRDA:520,56,0,0
BRDA:536,57,0,770
BRDA:536,57,1,10
BRDA:549,58,0,10
BRDA:560,59,0,2
BRDA:560,59,1,0
BRDA:572,60,0,4
BRDA:576,61,0,4
BRDA:576,61,1,4
BRDA:585,62,0,770
BRDA:585,62,1,684
BRDA:591,63,0,684
BRDA:596,64,0,770
BRDA:596,64,1,684
BRDA:613,65,0,1
BRDA:613,65,1,683
BRDA:615,66,0,684
BRDA:631,67,0,1
BRDA:631,68,0,5
BRDA:631,68,1,5
BRDA:636,69,0,2
BRDA:636,69,1,682
BRDA:638,70,0,684
BRDA:654,71,0,1
BRDA:654,72,0,4
BRDA:654,72,1,4
BRDA:660,73,0,2
BRDA:660,73,1,682
BRDA:662,74,0,684
BRDA:819,75,0,4
BRDA:819,75,1,766
BRDA:822,76,0,770
BRDA:822,76,1,767
BRDA:822,76,2,684
BRDA:824,77,0,770
BRDA:825,78,0,3
BRDA:825,78,1,767
BRDA:827,79,0,4
BRDA:827,79,1,763
BRF:123
BRH:110
end_of_record
TN:
SF:components/client/index.ts
FNF:0
FNH:0
DA:4,0
DA:5,0
DA:6,0
DA:7,0
DA:8,0
DA:11,0
LF:6
LH:0
BRF:0
BRH:0
end_of_record
TN:
SF:components/client/types.ts
FN:23,(anonymous_5)
FN:32,(anonymous_6)
FN:139,(anonymous_7)
FN:182,(anonymous_8)
FNF:4
FNH:0
FNDA:0,(anonymous_5)
FNDA:0,(anonymous_6)
FNDA:0,(anonymous_7)
FNDA:0,(anonymous_8)
DA:23,0
DA:32,0
DA:139,0
DA:182,0
LF:4
LH:0
BRDA:23,0,0,0
BRDA:23,0,1,0
BRDA:32,1,0,0
BRDA:32,1,1,0
BRDA:139,2,0,0
BRDA:139,2,1,0
BRDA:182,3,0,0
BRDA:182,3,1,0
BRF:8
BRH:0
end_of_record
TN:
SF:components/crm/client.service.ts
FN:16,(anonymous_1)
FN:30,(anonymous_2)
FN:58,(anonymous_3)
FN:91,(anonymous_4)
FN:103,(anonymous_5)
FN:104,(anonymous_6)
FN:108,(anonymous_7)
FN:116,(anonymous_8)
FN:122,(anonymous_9)
FN:128,(anonymous_10)
FN:136,(anonymous_11)
FN:147,(anonymous_12)
FN:163,(anonymous_13)
FN:173,(anonymous_14)
FN:207,(anonymous_15)
FN:222,(anonymous_16)
FN:240,(anonymous_17)
FN:246,(anonymous_18)
FN:260,(anonymous_19)
FN:291,(anonymous_20)
FN:324,(anonymous_21)
FN:352,(anonymous_22)
FN:366,(anonymous_23)
FNF:23
FNH:0
FNDA:0,(anonymous_1)
FNDA:0,(anonymous_2)
FNDA:0,(anonymous_3)
FNDA:0,(anonymous_4)
FNDA:0,(anonymous_5)
FNDA:0,(anonymous_6)
FNDA:0,(anonymous_7)
FNDA:0,(anonymous_8)
FNDA:0,(anonymous_9)
FNDA:0,(anonymous_10)
FNDA:0,(anonymous_11)
FNDA:0,(anonymous_12)
FNDA:0,(anonymous_13)
FNDA:0,(anonymous_14)
FNDA:0,(anonymous_15)
FNDA:0,(anonymous_16)
FNDA:0,(anonymous_17)
FNDA:0,(anonymous_18)
FNDA:0,(anonymous_19)
FNDA:0,(anonymous_20)
FNDA:0,(anonymous_21)
FNDA:0,(anonymous_22)
FNDA:0,(anonymous_23)
DA:3,0
DA:11,0
DA:20,0
DA:22,0
DA:24,0
DA:44,0
DA:46,0
DA:48,0
DA:52,0
DA:65,0
DA:67,0
DA:68,0
DA:76,0
DA:77,0
DA:78,0
DA:80,0
DA:100,0
DA:102,0
DA:103,0
DA:104,0
DA:108,0
DA:119,0
DA:128,0
DA:129,0
DA:132,0
DA:133,0
DA:136,0
DA:137,0
DA:139,0
DA:147,0
DA:163,0
DA:178,0
DA:215,0
DA:232,0
DA:246,0
DA:247,0
DA:250,0
DA:251,0
DA:253,0
DA:261,0
DA:264,0
DA:265,0
DA:266,0
DA:267,0
DA:269,0
DA:273,0
DA:274,0
DA:275,0
DA:276,0
DA:280,0
DA:281,0
DA:284,0
DA:285,0
DA:288,0
DA:292,0
DA:295,0
DA:297,0
DA:298,0
DA:299,0
DA:301,0
DA:302,0
DA:303,0
DA:305,0
DA:306,0
DA:307,0
DA:311,0
DA:312,0
DA:313,0
DA:317,0
DA:318,0
DA:321,0
DA:325,0
DA:328,0
DA:329,0
DA:330,0
DA:331,0
DA:332,0
DA:333,0
DA:334,0
DA:336,0
DA:337,0
DA:341,0
DA:342,0
DA:345,0
DA:346,0
DA:349,0
DA:353,0
DA:356,0
DA:357,0
DA:360,0
DA:362,0
DA:363,0
DA:366,0
DA:367,0
DA:369,0
DA:371,0
LF:96
LH:0
BRDA:22,0,0,0
BRDA:46,1,0,0
BRDA:67,2,0,0
BRDA:93,3,0,0
BRDA:129,4,0,0
BRDA:129,4,1,0
BRDA:136,5,0,0
BRDA:136,5,1,0
BRDA:136,6,0,0
BRDA:136,6,1,0
BRDA:137,7,0,0
BRDA:137,7,1,0
BRDA:141,8,0,0
BRDA:141,8,1,0
BRDA:142,9,0,0
BRDA:142,9,1,0
BRDA:143,10,0,0
BRDA:143,10,1,0
BRDA:147,11,0,0
BRDA:147,11,1,0
BRDA:147,11,2,0
BRDA:163,12,0,0
BRDA:163,12,1,0
BRDA:164,13,0,0
BRDA:164,13,1,0
BRDA:247,14,0,0
BRDA:247,14,1,0
BRDA:251,15,0,0
BRDA:251,15,1,0
BRDA:251,16,0,0
BRDA:251,16,1,0
BRDA:264,17,0,0
BRDA:264,17,1,0
BRDA:266,18,0,0
BRDA:266,18,1,0
BRDA:273,19,0,0
BRDA:273,19,1,0
BRDA:275,20,0,0
BRDA:280,21,0,0
BRDA:284,22,0,0
BRDA:295,23,0,0
BRDA:295,23,1,0
BRDA:295,23,2,0
BRDA:311,24,0,0
BRDA:317,25,0,0
BRDA:317,26,0,0
BRDA:317,26,1,0
BRDA:328,27,0,0
BRDA:328,27,1,0
BRDA:332,28,0,0
BRDA:332,28,1,0
BRDA:341,29,0,0
BRDA:345,30,0,0
BRDA:360,31,0,0
BRF:54
BRH:0
end_of_record
TN:
SF:components/crm/crm.service.ts
FN:25,(anonymous_1)
FN:32,(anonymous_2)
FN:51,(anonymous_3)
FN:58,(anonymous_4)
FN:106,(anonymous_5)
FN:134,(anonymous_6)
FN:147,(anonymous_7)
FN:158,(anonymous_8)
FN:170,(anonymous_9)
FN:189,(anonymous_10)
FNF:10
FNH:0
FNDA:0,(anonymous_1)
FNDA:0,(anonymous_2)
FNDA:0,(anonymous_3)
FNDA:0,(anonymous_4)
FNDA:0,(anonymous_5)
FNDA:0,(anonymous_6)
FNDA:0,(anonymous_7)
FNDA:0,(anonymous_8)
FNDA:0,(anonymous_9)
FNDA:0,(anonymous_10)
DA:8,0
DA:9,0
DA:10,0
DA:11,0
DA:12,0
DA:20,0
DA:26,0
DA:45,0
DA:52,0
DA:63,0
DA:67,0
DA:68,0
DA:71,0
DA:72,0
DA:74,0
DA:75,0
DA:76,0
DA:77,0
DA:78,0
DA:79,0
DA:82,0
DA:83,0
DA:84,0
DA:87,0
DA:88,0
DA:91,0
DA:92,0
DA:93,0
DA:96,0
DA:112,0
DA:116,0
DA:117,0
DA:119,0
DA:120,0
DA:121,0
DA:123,0
DA:141,0
DA:152,0
DA:159,0
DA:163,0
DA:164,0
DA:178,0
DA:182,0
DA:183,0
DA:194,0
DA:198,0
DA:199,0
LF:47
LH:0
BRDA:64,0,0,0
BRDA:64,0,1,0
BRDA:74,1,0,0
BRDA:74,1,1,0
BRDA:77,2,0,0
BRDA:82,3,0,0
BRDA:83,4,0,0
BRDA:87,5,0,0
BRDA:91,6,0,0
BRDA:91,7,0,0
BRDA:91,7,1,0
BRDA:113,8,0,0
BRDA:113,8,1,0
BRDA:160,9,0,0
BRDA:160,9,1,0
BRDA:179,10,0,0
BRDA:179,10,1,0
BRDA:195,11,0,0
BRDA:195,11,1,0
BRF:19
BRH:0
end_of_record
TN:
SF:components/crm/deal.service.ts
FN:25,(anonymous_1)
FN:86,(anonymous_2)
FN:124,(anonymous_3)
FN:162,(anonymous_4)
FN:185,(anonymous_5)
FN:192,(anonymous_6)
FN:199,(anonymous_7)
FN:210,(anonymous_8)
FN:211,(anonymous_9)
FN:219,(anonymous_10)
FN:242,(anonymous_11)
FNF:11
FNH:7
FNDA:4,(anonymous_1)
FNDA:2,(anonymous_2)
FNDA:0,(anonymous_3)
FNDA:0,(anonymous_4)
FNDA:1,(anonymous_5)
FNDA:1,(anonymous_6)
FNDA:2,(anonymous_7)
FNDA:4,(anonymous_8)
FNDA:8,(anonymous_9)
FNDA:0,(anonymous_10)
FNDA:0,(anonymous_11)
DA:1,1
DA:2,1
DA:3,1
DA:19,8
DA:36,4
DA:39,4
DA:40,4
DA:42,4
DA:80,4
DA:92,2
DA:93,2
DA:102,2
DA:103,0
DA:106,2
DA:107,0
DA:113,2
DA:114,2
DA:116,2
DA:120,2
DA:123,2
DA:125,0
DA:126,0
DA:128,0
DA:132,2
DA:142,0
DA:145,0
DA:147,0
DA:163,0
DA:164,0
DA:170,0
DA:172,0
DA:173,0
DA:175,0
DA:177,0
DA:178,0
DA:186,1
DA:193,1
DA:200,2
DA:201,2
DA:203,2
DA:204,2
DA:211,4
DA:212,8
DA:216,4
DA:220,0
DA:226,0
DA:228,0
DA:229,0
DA:231,0
DA:236,0
DA:243,0
DA:245,0
LF:52
LH:28
BRDA:48,0,0,4
BRDA:48,0,1,0
BRDA:55,1,0,4
BRDA:55,1,1,3
BRDA:56,2,0,4
BRDA:56,2,1,3
BRDA:57,3,0,4
BRDA:57,3,1,3
BRDA:61,4,0,4
BRDA:61,4,1,0
BRDA:87,5,0,0
BRDA:88,6,0,0
BRDA:89,7,0,0
BRDA:102,8,0,0
BRDA:106,9,0,0
BRDA:120,10,0,0
BRDA:124,11,0,2
BRDA:124,11,1,0
BRDA:137,12,0,2
BRDA:137,12,1,2
BRDA:138,13,0,2
BRDA:138,13,1,2
BRDA:170,14,0,0
BRDA:170,15,0,0
BRDA:170,15,1,0
BRDA:201,16,0,1
BRDA:212,17,0,8
BRDA:212,17,1,0
BRDA:226,18,0,0
BRDA:228,19,0,0
BRDA:228,19,1,0
BRDA:229,20,0,0
BRDA:236,21,0,0
BRDA:236,21,1,0
BRF:34
BRH:15
end_of_record
TN:
SF:components/crm/scoring.service.ts
FN:17,(anonymous_1)
FN:41,(anonymous_2)
FN:69,(anonymous_3)
FN:92,(anonymous_4)
FN:125,(anonymous_5)
FN:151,(anonymous_6)
FN:165,(anonymous_7)
FN:173,(anonymous_8)
FN:180,(anonymous_9)
FN:209,(anonymous_10)
FN:224,(anonymous_11)
FN:286,(anonymous_12)
FN:292,(anonymous_13)
FN:310,(anonymous_14)
FNF:14
FNH:9
FNDA:16,(anonymous_1)
FNDA:16,(anonymous_2)
FNDA:16,(anonymous_3)
FNDA:16,(anonymous_4)
FNDA:16,(anonymous_5)
FNDA:11,(anonymous_6)
FNDA:11,(anonymous_7)
FNDA:5,(anonymous_8)
FNDA:0,(anonymous_9)
FNDA:0,(anonymous_10)
FNDA:0,(anonymous_11)
FNDA:16,(anonymous_12)
FNDA:0,(anonymous_13)
FNDA:0,(anonymous_14)
DA:12,27
DA:19,16
DA:20,16
DA:21,16
DA:22,16
DA:24,16
DA:28,16
DA:42,16
DA:44,15
DA:46,15
DA:49,15
DA:53,8
DA:58,15
DA:62,15
DA:70,16
DA:73,16
DA:76,16
DA:79,16
DA:82,16
DA:83,16
DA:85,16
DA:93,16
DA:96,16
DA:97,2
DA:101,16
DA:102,11
DA:106,16
DA:107,14
DA:108,14
DA:109,5
DA:114,16
DA:115,2
DA:118,16
DA:126,16
DA:127,16
DA:128,16
DA:131,16
DA:132,1
DA:135,15
DA:136,0
DA:139,15
DA:140,0
DA:144,15
DA:152,11
DA:154,7
DA:166,11
DA:174,5
DA:184,0
DA:185,0
DA:195,0
DA:196,0
DA:198,0
DA:199,0
DA:200,0
DA:202,0
DA:203,0
DA:206,0
DA:209,0
DA:210,0
DA:213,0
DA:215,0
DA:229,0
DA:230,0
DA:231,0
DA:234,0
DA:235,0
DA:236,0
DA:237,0
DA:238,0
DA:239,0
DA:241,0
DA:242,0
DA:246,0
DA:247,0
DA:248,0
DA:249,0
DA:250,0
DA:251,0
DA:255,0
DA:256,0
DA:257,0
DA:258,0
DA:259,0
DA:260,0
DA:264,0
DA:265,0
DA:266,0
DA:267,0
DA:268,0
DA:269,0
DA:271,0
DA:272,0
DA:275,0
DA:289,16
DA:294,0
DA:297,0
DA:300,0
DA:303,0
DA:319,0
DA:338,0
LF:100
LH:46
BRDA:42,0,0,1
BRDA:49,1,0,7
BRDA:49,1,1,8
BRDA:49,2,0,15
BRDA:49,2,1,14
BRDA:53,3,0,7
BRDA:58,4,0,2
BRDA:96,5,0,2
BRDA:101,6,0,11
BRDA:106,7,0,14
BRDA:108,8,0,5
BRDA:114,9,0,2
BRDA:127,10,0,14
BRDA:127,10,1,2
BRDA:131,11,0,1
BRDA:131,11,1,15
BRDA:135,12,0,0
BRDA:135,12,1,15
BRDA:139,13,0,0
BRDA:139,13,1,15
BRDA:152,14,0,4
BRDA:152,14,1,7
BRDA:154,15,0,3
BRDA:154,15,1,4
BRDA:184,16,0,0
BRDA:206,17,0,0
BRDA:206,17,1,0
BRDA:210,18,0,0
BRDA:210,18,1,0
BRDA:234,19,0,0
BRDA:234,19,1,0
BRDA:237,20,0,0
BRDA:237,20,1,0
BRDA:246,21,0,0
BRDA:246,21,1,0
BRDA:249,22,0,0
BRDA:255,23,0,0
BRDA:255,23,1,0
BRDA:258,24,0,0
BRDA:264,25,0,0
BRDA:264,25,1,0
BRDA:267,26,0,0
BRDA:267,26,1,0
BRDA:300,27,0,0
BRDA:327,28,0,0
BRDA:327,28,1,0
BRDA:328,29,0,0
BRDA:328,29,1,0
BRDA:329,30,0,0
BRDA:329,30,1,0
BRDA:330,31,0,0
BRDA:330,31,1,0
BRF:52
BRH:22
end_of_record
TN:
SF:components/crm/task.service.ts
FN:23,(anonymous_1)
FN:30,(anonymous_2)
FN:63,(anonymous_3)
FN:85,(anonymous_4)
FN:145,(anonymous_5)
FN:163,(anonymous_6)
FN:170,(anonymous_7)
FN:178,(anonymous_8)
FN:191,(anonymous_9)
FN:203,(anonymous_10)
FN:225,(anonymous_11)
FN:229,(anonymous_12)
FNF:12
FNH:2
FNDA:6,(anonymous_1)
FNDA:3,(anonymous_2)
FNDA:0,(anonymous_3)
FNDA:0,(anonymous_4)
FNDA:0,(anonymous_5)
FNDA:0,(anonymous_6)
FNDA:0,(anonymous_7)
FNDA:0,(anonymous_8)
FNDA:0,(anonymous_9)
FNDA:0,(anonymous_10)
FNDA:0,(anonymous_11)
FNDA:0,(anonymous_12)
DA:1,1
DA:2,1
DA:18,9
DA:24,6
DA:32,3
DA:33,3
DA:36,0
DA:56,0
DA:57,0
DA:68,0
DA:69,0
DA:71,0
DA:78,0
DA:79,0
DA:91,0
DA:97,0
DA:98,0
DA:101,0
DA:102,0
DA:105,0
DA:106,0
DA:109,0
DA:110,0
DA:113,0
DA:114,0
DA:120,0
DA:121,0
DA:123,0
DA:127,0
DA:129,0
DA:131,0
DA:146,0
DA:148,0
DA:157,0
DA:164,0
DA:169,0
DA:170,0
DA:171,0
DA:179,0
DA:188,0
DA:192,0
DA:199,0
DA:200,0
DA:204,0
DA:226,0
DA:230,0
DA:231,0
DA:232,0
LF:48
LH:6
BRDA:32,0,0,3
BRDA:32,1,0,3
BRDA:32,1,1,1
BRDA:39,2,0,0
BRDA:39,2,1,0
BRDA:41,3,0,0
BRDA:41,3,1,0
BRDA:42,4,0,0
BRDA:42,4,1,0
BRDA:43,5,0,0
BRDA:43,5,1,0
BRDA:44,6,0,0
BRDA:44,6,1,0
BRDA:45,7,0,0
BRDA:45,7,1,0
BRDA:46,8,0,0
BRDA:46,8,1,0
BRDA:47,9,0,0
BRDA:47,9,1,0
BRDA:48,10,0,0
BRDA:48,10,1,0
BRDA:51,11,0,0
BRDA:51,11,1,0
BRDA:52,12,0,0
BRDA:52,12,1,0
BRDA:53,13,0,0
BRDA:53,13,1,0
BRDA:69,14,0,0
BRDA:74,15,0,0
BRDA:74,15,1,0
BRDA:75,16,0,0
BRDA:75,16,1,0
BRDA:86,17,0,0
BRDA:87,18,0,0
BRDA:88,19,0,0
BRDA:97,20,0,0
BRDA:101,21,0,0
BRDA:105,22,0,0
BRDA:109,23,0,0
BRDA:113,24,0,0
BRDA:127,25,0,0
BRDA:129,26,0,0
BRDA:129,26,1,0
BRDA:136,27,0,0
BRDA:136,27,1,0
BRDA:137,28,0,0
BRDA:137,28,1,0
BRDA:145,29,0,0
BRDA:171,30,0,0
BRDA:171,30,1,0
BRDA:188,31,0,0
BRDA:199,32,0,0
BRDA:220,33,0,0
BRDA:220,33,1,0
BRF:54
BRH:3
end_of_record
TN:
SF:components/crm/components/CRMAnalytics.tsx
FN:16,(anonymous_4)
FN:22,(anonymous_5)
FN:26,(anonymous_6)
FN:48,(anonymous_7)
FN:99,(anonymous_8)
FN:216,(anonymous_11)
FN:364,(anonymous_16)
FN:378,(anonymous_17)
FN:398,(anonymous_19)
FN:427,(anonymous_20)
FNF:10
FNH:0
FNDA:0,(anonymous_4)
FNDA:0,(anonymous_5)
FNDA:0,(anonymous_6)
FNDA:0,(anonymous_7)
FNDA:0,(anonymous_8)
FNDA:0,(anonymous_11)
FNDA:0,(anonymous_16)
FNDA:0,(anonymous_17)
FNDA:0,(anonymous_19)
FNDA:0,(anonymous_20)
DA:3,0
DA:5,0
DA:16,0
DA:17,0
DA:18,0
DA:19,0
DA:20,0
DA:22,0
DA:23,0
DA:26,0
DA:27,0
DA:28,0
DA:29,0
DA:31,0
DA:32,0
DA:35,0
DA:36,0
DA:38,0
DA:42,0
DA:49,0
DA:58,0
DA:75,0
DA:85,0
DA:99,0
DA:217,0
DA:365,0
DA:379,0
DA:399,0
DA:427,0
DA:428,0
DA:430,0
DA:431,0
DA:437,0
LF:33
LH:0
BRDA:42,0,0,0
BRDA:58,1,0,0
BRDA:75,2,0,0
BRDA:195,3,0,0
BRDA:196,4,0,0
BRDA:196,4,1,0
BRDA:198,5,0,0
BRDA:198,5,1,0
BRDA:360,6,0,0
BRDA:374,7,0,0
BRDA:395,8,0,0
BRDA:395,8,1,0
BRDA:406,9,0,0
BRDA:406,9,1,0
BRDA:407,10,0,0
BRDA:407,10,1,0
BRDA:412,11,0,0
BRDA:428,12,0,0
BRDA:432,13,0,0
BRDA:432,13,1,0
BRF:20
BRH:0
end_of_record
TN:
SF:components/crm/components/ClientProfile.tsx
FN:19,(anonymous_4)
FN:30,(anonymous_5)
FN:34,(anonymous_6)
FN:127,(anonymous_7)
FN:130,(anonymous_8)
FNF:5
FNH:0
FNDA:0,(anonymous_4)
FNDA:0,(anonymous_5)
FNDA:0,(anonymous_6)
FNDA:0,(anonymous_7)
FNDA:0,(anonymous_8)
DA:3,0
DA:5,0
DA:6,0
DA:7,0
DA:8,0
DA:9,0
DA:10,0
DA:11,0
DA:12,0
DA:19,0
DA:20,0
DA:21,0
DA:26,0
DA:27,0
DA:28,0
DA:30,0
DA:31,0
DA:34,0
DA:35,0
DA:36,0
DA:37,0
DA:39,0
DA:40,0
DA:41,0
DA:48,0
DA:49,0
DA:51,0
DA:55,0
DA:59,0
DA:128,0
DA:130,0
DA:157,0
LF:32
LH:0
BRDA:55,0,0,0
BRDA:59,1,0,0
BRDA:59,2,0,0
BRDA:59,2,1,0
BRDA:64,3,0,0
BRDA:77,4,0,0
BRDA:77,4,1,0
BRDA:97,5,0,0
BRDA:97,5,1,0
BRDA:107,6,0,0
BRDA:133,7,0,0
BRDA:133,7,1,0
BRDA:148,8,0,0
BRDA:149,9,0,0
BRDA:150,10,0,0
BRDA:151,11,0,0
BRDA:151,11,1,0
BRF:17
BRH:0
end_of_record
TN:
SF:components/crm/components/DealCard.tsx
FN:20,(anonymous_5)
FN:28,(anonymous_6)
FN:37,(anonymous_7)
FN:48,(anonymous_8)
FN:54,(anonymous_9)
FN:168,(anonymous_10)
FN:189,(anonymous_11)
FN:195,(anonymous_12)
FN:201,(anonymous_13)
FN:212,(anonymous_14)
FN:222,(anonymous_15)
FN:247,(anonymous_17)
FN:274,(anonymous_18)
FN:285,(anonymous_19)
FN:305,(anonymous_20)
FN:309,(anonymous_21)
FN:310,(anonymous_22)
FN:326,(anonymous_23)
FN:344,(anonymous_24)
FN:364,(anonymous_25)
FN:368,(anonymous_26)
FN:369,(anonymous_27)
FN:379,(anonymous_28)
FNF:23
FNH:0
FNDA:0,(anonymous_5)
FNDA:0,(anonymous_6)
FNDA:0,(anonymous_7)
FNDA:0,(anonymous_8)
FNDA:0,(anonymous_9)
FNDA:0,(anonymous_10)
FNDA:0,(anonymous_11)
FNDA:0,(anonymous_12)
FNDA:0,(anonymous_13)
FNDA:0,(anonymous_14)
FNDA:0,(anonymous_15)
FNDA:0,(anonymous_17)
FNDA:0,(anonymous_18)
FNDA:0,(anonymous_19)
FNDA:0,(anonymous_20)
FNDA:0,(anonymous_21)
FNDA:0,(anonymous_22)
FNDA:0,(anonymous_23)
FNDA:0,(anonymous_24)
FNDA:0,(anonymous_25)
FNDA:0,(anonymous_26)
FNDA:0,(anonymous_27)
FNDA:0,(anonymous_28)
DA:3,0
DA:20,0
DA:28,0
DA:29,0
DA:34,0
DA:37,0
DA:38,0
DA:45,0
DA:48,0
DA:49,0
DA:50,0
DA:51,0
DA:54,0
DA:55,0
DA:57,0
DA:58,0
DA:59,0
DA:60,0
DA:61,0
DA:62,0
DA:64,0
DA:65,0
DA:66,0
DA:67,0
DA:169,0
DA:189,0
DA:195,0
DA:201,0
DA:213,0
DA:214,0
DA:223,0
DA:224,0
DA:248,0
DA:249,0
DA:268,0
DA:274,0
DA:282,0
DA:286,0
DA:294,0
DA:306,0
DA:309,0
DA:310,0
DA:320,0
DA:326,0
DA:334,0
DA:341,0
DA:345,0
DA:353,0
DA:365,0
DA:368,0
DA:369,0
DA:379,0
DA:380,0
DA:389,0
DA:392,0
LF:55
LH:0
BRDA:24,0,0,0
BRDA:25,1,0,0
BRDA:49,2,0,0
BRDA:50,3,0,0
BRDA:55,4,0,0
BRDA:64,5,0,0
BRDA:65,6,0,0
BRDA:66,7,0,0
BRDA:74,8,0,0
BRDA:74,8,1,0
BRDA:76,9,0,0
BRDA:76,9,1,0
BRDA:83,10,0,0
BRDA:83,10,1,0
BRDA:86,11,0,0
BRDA:97,12,0,0
BRDA:106,13,0,0
BRDA:106,13,1,0
BRDA:119,14,0,0
BRDA:135,15,0,0
BRDA:165,16,0,0
BRDA:173,17,0,0
BRDA:183,18,0,0
BRDA:183,18,1,0
BRDA:209,19,0,0
BRDA:209,19,1,0
BRDA:254,20,0,0
BRDA:254,20,1,0
BRDA:278,21,0,0
BRDA:279,22,0,0
BRDA:282,23,0,0
BRDA:294,24,0,0
BRDA:330,25,0,0
BRDA:331,26,0,0
BRDA:341,27,0,0
BRDA:353,28,0,0
BRDA:389,29,0,0
BRDA:389,29,1,0
BRF:38
BRH:0
end_of_record
TN:
SF:components/crm/components/DealPipeline.tsx
FN:16,(anonymous_4)
FN:26,(anonymous_5)
FN:30,(anonymous_6)
FN:46,(anonymous_7)
FN:50,(anonymous_8)
FN:50,(anonymous_9)
FN:60,(anonymous_10)
FN:64,(anonymous_11)
FN:64,(anonymous_12)
FN:74,(anonymous_13)
FN:75,(anonymous_14)
FN:78,(anonymous_15)
FN:119,(anonymous_16)
FN:150,(anonymous_17)
FN:166,(anonymous_18)
FN:168,(anonymous_19)
FN:191,(anonymous_20)
FNF:17
FNH:0
FNDA:0,(anonymous_4)
FNDA:0,(anonymous_5)
FNDA:0,(anonymous_6)
FNDA:0,(anonymous_7)
FNDA:0,(anonymous_8)
FNDA:0,(anonymous_9)
FNDA:0,(anonymous_10)
FNDA:0,(anonymous_11)
FNDA:0,(anonymous_12)
FNDA:0,(anonymous_13)
FNDA:0,(anonymous_14)
FNDA:0,(anonymous_15)
FNDA:0,(anonymous_16)
FNDA:0,(anonymous_17)
FNDA:0,(anonymous_18)
FNDA:0,(anonymous_19)
FNDA:0,(anonymous_20)
DA:3,0
DA:5,0
DA:6,0
DA:7,0
DA:8,0
DA:16,0
DA:17,0
DA:18,0
DA:19,0
DA:20,0
DA:21,0
DA:22,0
DA:24,0
DA:26,0
DA:27,0
DA:30,0
DA:31,0
DA:32,0
DA:33,0
DA:35,0
DA:36,0
DA:39,0
DA:40,0
DA:42,0
DA:46,0
DA:47,0
DA:48,0
DA:49,0
DA:50,0
DA:51,0
DA:53,0
DA:56,0
DA:60,0
DA:61,0
DA:62,0
DA:63,0
DA:64,0
DA:65,0
DA:67,0
DA:70,0
DA:74,0
DA:75,0
DA:78,0
DA:79,0
DA:80,0
DA:83,0
DA:92,0
DA:119,0
DA:151,0
DA:167,0
DA:168,0
DA:170,0
DA:191,0
DA:197,0
LF:54
LH:0
BRDA:49,0,0,0
BRDA:51,1,0,0
BRDA:51,1,1,0
BRDA:63,2,0,0
BRDA:65,3,0,0
BRDA:65,3,1,0
BRDA:83,4,0,0
BRDA:92,5,0,0
BRDA:121,6,0,0
BRDA:121,6,1,0
BRDA:139,7,0,0
BRDA:168,8,0,0
BRDA:168,8,1,0
BRDA:176,9,0,0
BRF:14
BRH:0
end_of_record
TN:
SF:components/crm/components/TaskAutomation.tsx
FN:13,(anonymous_4)
FN:20,(anonymous_5)
FN:24,(anonymous_6)
FN:48,(anonymous_7)
FN:52,(anonymous_8)
FN:52,(anonymous_9)
FN:61,(anonymous_10)
FN:63,(anonymous_11)
FN:68,(anonymous_12)
FN:70,(anonymous_13)
FN:71,(anonymous_14)
FN:72,(anonymous_15)
FN:104,(anonymous_16)
FN:107,(anonymous_17)
FN:157,(anonymous_18)
FN:170,(anonymous_19)
FN:187,(anonymous_20)
FN:189,(anonymous_21)
FN:198,(anonymous_22)
FN:211,(anonymous_23)
FN:215,(anonymous_24)
FN:297,(anonymous_25)
FN:304,(anonymous_26)
FN:336,(anonymous_27)
FN:343,(anonymous_28)
FN:361,(anonymous_29)
FN:386,(anonymous_31)
FNF:27
FNH:0
FNDA:0,(anonymous_4)
FNDA:0,(anonymous_5)
FNDA:0,(anonymous_6)
FNDA:0,(anonymous_7)
FNDA:0,(anonymous_8)
FNDA:0,(anonymous_9)
FNDA:0,(anonymous_10)
FNDA:0,(anonymous_11)
FNDA:0,(anonymous_12)
FNDA:0,(anonymous_13)
FNDA:0,(anonymous_14)
FNDA:0,(anonymous_15)
FNDA:0,(anonymous_16)
FNDA:0,(anonymous_17)
FNDA:0,(anonymous_18)
FNDA:0,(anonymous_19)
FNDA:0,(anonymous_20)
FNDA:0,(anonymous_21)
FNDA:0,(anonymous_22)
FNDA:0,(anonymous_23)
FNDA:0,(anonymous_24)
FNDA:0,(anonymous_25)
FNDA:0,(anonymous_26)
FNDA:0,(anonymous_27)
FNDA:0,(anonymous_28)
FNDA:0,(anonymous_29)
FNDA:0,(anonymous_31)
DA:3,0
DA:5,0
DA:13,0
DA:14,0
DA:15,0
DA:16,0
DA:17,0
DA:18,0
DA:20,0
DA:21,0
DA:24,0
DA:25,0
DA:26,0
DA:27,0
DA:29,0
DA:37,0
DA:38,0
DA:41,0
DA:42,0
DA:44,0
DA:48,0
DA:49,0
DA:50,0
DA:51,0
DA:52,0
DA:53,0
DA:57,0
DA:61,0
DA:62,0
DA:63,0
DA:64,0
DA:68,0
DA:69,0
DA:70,0
DA:71,0
DA:72,0
DA:76,0
DA:105,0
DA:107,0
DA:157,0
DA:159,0
DA:171,0
DA:187,0
DA:189,0
DA:190,0
DA:195,0
DA:198,0
DA:199,0
DA:208,0
DA:211,0
DA:212,0
DA:215,0
DA:216,0
DA:218,0
DA:219,0
DA:220,0
DA:221,0
DA:223,0
DA:224,0
DA:225,0
DA:226,0
DA:297,0
DA:304,0
DA:336,0
DA:344,0
DA:345,0
DA:362,0
DA:363,0
DA:387,0
DA:411,0
LF:70
LH:0
BRDA:31,0,0,0
BRDA:31,0,1,0
BRDA:32,1,0,0
BRDA:32,1,1,0
BRDA:51,2,0,0
BRDA:53,3,0,0
BRDA:53,3,1,0
BRDA:72,4,0,0
BRDA:72,4,1,0
BRDA:72,4,2,0
BRDA:110,5,0,0
BRDA:110,5,1,0
BRDA:119,6,0,0
BRDA:119,6,1,0
BRDA:130,7,0,0
BRDA:138,8,0,0
BRDA:157,9,0,0
BRDA:159,10,0,0
BRDA:208,11,0,0
BRDA:208,11,1,0
BRDA:212,12,0,0
BRDA:212,12,1,0
BRDA:212,12,2,0
BRDA:216,13,0,0
BRDA:223,14,0,0
BRDA:224,15,0,0
BRDA:225,16,0,0
BRDA:232,17,0,0
BRDA:232,17,1,0
BRDA:233,18,0,0
BRDA:233,18,1,0
BRDA:234,19,0,0
BRDA:234,19,1,0
BRDA:237,20,0,0
BRDA:237,20,1,0
BRDA:245,21,0,0
BRDA:245,21,1,0
BRDA:248,22,0,0
BRDA:265,23,0,0
BRDA:266,24,0,0
BRDA:266,24,1,0
BRDA:279,25,0,0
BRDA:294,26,0,0
BRDA:313,27,0,0
BRDA:313,27,1,0
BRDA:319,28,0,0
BRDA:342,29,0,0
BRDA:342,29,1,0
BRDA:347,30,0,0
BRDA:347,30,1,0
BRDA:360,31,0,0
BRDA:360,31,1,0
BRDA:365,32,0,0
BRDA:365,32,1,0
BRF:54
BRH:0
end_of_record
TN:
SF:components/crm/components/pipeline/DealModal.tsx
FN:10,(anonymous_2)
FN:151,(anonymous_3)
FN:171,(anonymous_4)
FNF:3
FNH:0
FNDA:0,(anonymous_2)
FNDA:0,(anonymous_3)
FNDA:0,(anonymous_4)
DA:1,0
DA:10,0
DA:11,0
DA:152,0
DA:173,0
LF:5
LH:0
BRDA:11,0,0,0
BRDA:11,1,0,0
BRDA:11,1,1,0
BRDA:57,2,0,0
BRDA:57,2,1,0
BRDA:57,3,0,0
BRDA:57,3,1,0
BRDA:64,4,0,0
BRDA:64,4,1,0
BRDA:64,4,2,0
BRDA:68,5,0,0
BRDA:74,6,0,0
BRDA:80,7,0,0
BRDA:99,8,0,0
BRDA:111,9,0,0
BRDA:137,10,0,0
BRDA:147,11,0,0
BRF:17
BRH:0
end_of_record
TN:
SF:components/crm/components/pipeline/PipelineDealCard.tsx
FN:11,(anonymous_2)
FN:17,(anonymous_3)
FN:26,(anonymous_4)
FN:89,(anonymous_5)
FN:99,(anonymous_6)
FNF:5
FNH:0
FNDA:0,(anonymous_2)
FNDA:0,(anonymous_3)
FNDA:0,(anonymous_4)
FNDA:0,(anonymous_5)
FNDA:0,(anonymous_6)
DA:1,0
DA:11,0
DA:17,0
DA:18,0
DA:23,0
DA:26,0
DA:27,0
DA:34,0
DA:90,0
DA:100,0
LF:10
LH:0
BRDA:64,0,0,0
BRDA:78,1,0,0
BRF:2
BRH:0
end_of_record
TN:
SF:components/crm/components/pipeline/PipelineFilters.tsx
FN:10,(anonymous_2)
FN:15,(anonymous_3)
FN:18,(anonymous_4)
FN:24,(anonymous_5)
FN:54,(anonymous_6)
FN:63,(anonymous_7)
FN:66,(anonymous_8)
FN:83,(anonymous_9)
FN:86,(anonymous_10)
FN:125,(anonymous_11)
FNF:10
FNH:0
FNDA:0,(anonymous_2)
FNDA:0,(anonymous_3)
FNDA:0,(anonymous_4)
FNDA:0,(anonymous_5)
FNDA:0,(anonymous_6)
FNDA:0,(anonymous_7)
FNDA:0,(anonymous_8)
FNDA:0,(anonymous_9)
FNDA:0,(anonymous_10)
FNDA:0,(anonymous_11)
DA:1,0
DA:10,0
DA:15,0
DA:16,0
DA:17,0
DA:18,0
DA:21,0
DA:24,0
DA:25,0
DA:54,0
DA:64,0
DA:66,0
DA:84,0
DA:86,0
DA:125,0
LF:15
LH:0
BRDA:16,0,0,0
BRDA:16,0,1,0
BRDA:17,1,0,0
BRDA:17,1,1,0
BRDA:27,2,0,0
BRDA:27,2,1,0
BRDA:53,3,0,0
BRDA:53,3,1,0
BRDA:68,4,0,0
BRDA:68,4,1,0
BRDA:88,5,0,0
BRDA:88,5,1,0
BRDA:93,6,0,0
BRDA:93,6,1,0
BRDA:93,7,0,0
BRDA:93,7,1,0
BRDA:102,8,0,0
BRDA:102,8,1,0
BRDA:102,8,2,0
BRDA:107,9,0,0
BRDA:112,10,0,0
BRDA:117,11,0,0
BRF:22
BRH:0
end_of_record
TN:
SF:components/crm/components/pipeline/PipelineStage.tsx
FN:13,(anonymous_2)
FN:20,(anonymous_3)
FN:33,(anonymous_4)
FN:46,(anonymous_5)
FN:74,(anonymous_6)
FN:80,(anonymous_7)
FNF:6
FNH:0
FNDA:0,(anonymous_2)
FNDA:0,(anonymous_3)
FNDA:0,(anonymous_4)
FNDA:0,(anonymous_5)
FNDA:0,(anonymous_6)
FNDA:0,(anonymous_7)
DA:1,0
DA:3,0
DA:13,0
DA:20,0
DA:21,0
DA:30,0
DA:33,0
DA:34,0
DA:43,0
DA:46,0
DA:47,0
DA:56,0
DA:75,0
DA:80,0
LF:14
LH:0
BRDA:84,0,0,0
BRF:1
BRH:0
end_of_record
TN:
SF:components/crm/components/profile/ClientAvatar.tsx
FNF:0
FNH:0
DA:1,0
DA:8,0
LF:2
LH:0
BRDA:10,0,0,0
BRDA:10,0,1,0
BRF:2
BRH:0
end_of_record
TN:
SF:components/crm/components/profile/ClientProfileSkeleton.tsx
FN:28,(anonymous_3)
FNF:1
FNH:0
FNDA:0,(anonymous_3)
DA:1,0
DA:7,0
DA:29,0
LF:3
LH:0
BRDA:17,0,0,0
BRF:1
BRH:0
end_of_record
TN:
SF:components/crm/components/profile/ClientTemperatureBadge.tsx
FN:9,(anonymous_2)
FNF:1
FNH:0
FNDA:0,(anonymous_2)
DA:1,0
DA:9,0
DA:13,0
DA:19,0
LF:4
LH:0
BRDA:11,0,0,0
BRDA:25,1,0,0
BRDA:25,1,1,0
BRF:3
BRH:0
end_of_record
TN:
SF:components/crm/components/profile/InfoCard.tsx
FNF:0
FNH:0
DA:1,0
DA:9,0
LF:2
LH:0
BRF:0
BRH:0
end_of_record
TN:
SF:components/crm/components/profile/MetricCard.tsx
FN:9,(anonymous_2)
FNF:1
FNH:0
FNDA:0,(anonymous_2)
DA:1,0
DA:9,0
DA:10,0
LF:3
LH:0
BRF:0
BRH:0
end_of_record
TN:
SF:components/crm/components/profile/tabs/BehaviorTab.tsx
FN:59,(anonymous_3)
FNF:1
FNH:0
FNDA:0,(anonymous_3)
DA:1,0
DA:8,0
DA:60,0
LF:3
LH:0
BRDA:16,0,0,0
BRDA:16,0,1,0
BRDA:20,1,0,0
BRDA:20,1,1,0
BRDA:24,2,0,0
BRDA:24,2,1,0
BRDA:28,3,0,0
BRDA:28,3,1,0
BRDA:39,4,0,0
BRDA:39,4,1,0
BRDA:43,5,0,0
BRDA:43,5,1,0
BRDA:47,6,0,0
BRDA:47,6,1,0
BRDA:59,7,0,0
BRF:15
BRH:0
end_of_record
TN:
SF:components/crm/components/profile/tabs/InsightsTab.tsx
FN:20,(anonymous_3)
FN:36,(anonymous_4)
FN:52,(anonymous_5)
FNF:3
FNH:0
FNDA:0,(anonymous_3)
FNDA:0,(anonymous_4)
FNDA:0,(anonymous_5)
DA:1,0
DA:11,0
DA:21,0
DA:37,0
DA:53,0
LF:5
LH:0
BRF:0
BRH:0
end_of_record
TN:
SF:components/crm/components/profile/tabs/OverviewTab.tsx
FN:69,(anonymous_3)
FNF:1
FNH:0
FNDA:0,(anonymous_3)
DA:1,0
DA:3,0
DA:4,0
DA:10,0
DA:70,0
LF:5
LH:0
BRDA:16,0,0,0
BRDA:16,0,1,0
BRDA:17,1,0,0
BRDA:17,1,1,0
BRDA:18,2,0,0
BRDA:18,2,1,0
BRDA:19,3,0,0
BRDA:19,3,1,0
BRDA:54,4,0,0
BRDA:65,5,0,0
BRF:10
BRH:0
end_of_record
TN:
SF:components/crm/components/profile/tabs/PreferencesTab.tsx
FN:15,(anonymous_3)
FN:45,(anonymous_4)
FN:62,(anonymous_5)
FNF:3
FNH:0
FNDA:0,(anonymous_3)
FNDA:0,(anonymous_4)
FNDA:0,(anonymous_5)
DA:1,0
DA:8,0
DA:16,0
DA:46,0
DA:63,0
LF:5
LH:0
BRDA:14,0,0,0
BRDA:31,1,0,0
BRDA:30,2,0,0
BRDA:30,2,1,0
BRDA:32,3,0,0
BRDA:32,3,1,0
BRDA:32,4,0,0
BRDA:32,4,1,0
BRDA:44,5,0,0
BRDA:61,6,0,0
BRF:10
BRH:0
end_of_record
TN:
SF:components/crm/hooks/useCRMDashboard.ts
FN:11,(anonymous_3)
FN:20,(anonymous_4)
FN:34,(anonymous_5)
FN:39,(anonymous_6)
FN:44,(anonymous_7)
FN:48,(anonymous_8)
FN:63,(anonymous_9)
FN:97,(anonymous_10)
FNF:8
FNH:0
FNDA:0,(anonymous_3)
FNDA:0,(anonymous_4)
FNDA:0,(anonymous_5)
FNDA:0,(anonymous_6)
FNDA:0,(anonymous_7)
FNDA:0,(anonymous_8)
FNDA:0,(anonymous_9)
FNDA:0,(anonymous_10)
DA:1,0
DA:3,0
DA:11,0
DA:15,0
DA:16,0
DA:17,0
DA:18,0
DA:20,0
DA:21,0
DA:22,0
DA:23,0
DA:24,0
DA:25,0
DA:27,0
DA:28,0
DA:30,0
DA:34,0
DA:35,0
DA:36,0
DA:39,0
DA:40,0
DA:44,0
DA:45,0
DA:47,0
DA:48,0
DA:51,0
DA:63,0
DA:64,0
DA:66,0
DA:90,0
DA:97,0
DA:98,0
DA:99,0
LF:33
LH:0
BRDA:28,0,0,0
BRDA:28,0,1,0
BRDA:45,1,0,0
BRDA:66,2,0,0
BRDA:66,2,1,0
BRDA:98,3,0,0
BRF:6
BRH:0
end_of_record
TN:
SF:components/crm/hooks/useClientInsights.ts
FN:11,(anonymous_7)
FN:19,(anonymous_8)
FN:38,(anonymous_9)
FN:42,(anonymous_10)
FN:62,(anonymous_11)
FN:67,(anonymous_12)
FN:83,(anonymous_13)
FN:104,(anonymous_14)
FN:122,(anonymous_15)
FN:127,(anonymous_16)
FN:146,(anonymous_17)
FN:163,(anonymous_18)
FN:169,(anonymous_19)
FN:193,(anonymous_20)
FN:214,(anonymous_21)
FN:241,(anonymous_22)
FN:263,(anonymous_23)
FN:273,(anonymous_24)
FN:281,(anonymous_25)
FNF:19
FNH:0
FNDA:0,(anonymous_7)
FNDA:0,(anonymous_8)
FNDA:0,(anonymous_9)
FNDA:0,(anonymous_10)
FNDA:0,(anonymous_11)
FNDA:0,(anonymous_12)
FNDA:0,(anonymous_13)
FNDA:0,(anonymous_14)
FNDA:0,(anonymous_15)
FNDA:0,(anonymous_16)
FNDA:0,(anonymous_17)
FNDA:0,(anonymous_18)
FNDA:0,(anonymous_19)
FNDA:0,(anonymous_20)
FNDA:0,(anonymous_21)
FNDA:0,(anonymous_22)
FNDA:0,(anonymous_23)
FNDA:0,(anonymous_24)
FNDA:0,(anonymous_25)
DA:1,0
DA:3,0
DA:11,0
DA:12,0
DA:13,0
DA:14,0
DA:15,0
DA:16,0
DA:17,0
DA:19,0
DA:20,0
DA:21,0
DA:22,0
DA:24,0
DA:25,0
DA:26,0
DA:27,0
DA:28,0
DA:31,0
DA:32,0
DA:34,0
DA:38,0
DA:39,0
DA:42,0
DA:43,0
DA:44,0
DA:48,0
DA:62,0
DA:63,0
DA:64,0
DA:65,0
DA:67,0
DA:68,0
DA:69,0
DA:70,0
DA:72,0
DA:73,0
DA:76,0
DA:77,0
DA:79,0
DA:83,0
DA:92,0
DA:93,0
DA:94,0
DA:95,0
DA:97,0
DA:99,0
DA:100,0
DA:104,0
DA:105,0
DA:106,0
DA:110,0
DA:122,0
DA:123,0
DA:124,0
DA:125,0
DA:127,0
DA:128,0
DA:129,0
DA:130,0
DA:132,0
DA:133,0
DA:134,0
DA:135,0
DA:139,0
DA:140,0
DA:142,0
DA:146,0
DA:147,0
DA:148,0
DA:152,0
DA:163,0
DA:164,0
DA:165,0
DA:166,0
DA:167,0
DA:169,0
DA:175,0
DA:176,0
DA:179,0
DA:180,0
DA:181,0
DA:182,0
DA:184,0
DA:188,0
DA:191,0
DA:193,0
DA:194,0
DA:195,0
DA:196,0
DA:197,0
DA:202,0
DA:214,0
DA:215,0
DA:217,0
DA:231,0
DA:241,0
DA:242,0
DA:244,0
DA:253,0
DA:263,0
DA:265,0
DA:266,0
DA:267,0
DA:268,0
DA:270,0
DA:273,0
DA:274,0
DA:276,0
DA:277,0
DA:278,0
DA:281,0
DA:286,0
DA:288,0
DA:289,0
DA:296,0
DA:297,0
DA:304,0
DA:305,0
DA:312,0
DA:313,0
DA:320,0
LF:122
LH:0
BRDA:32,0,0,0
BRDA:32,0,1,0
BRDA:43,1,0,0
BRDA:77,2,0,0
BRDA:77,2,1,0
BRDA:94,3,0,0
BRDA:105,4,0,0
BRDA:133,5,0,0
BRDA:140,6,0,0
BRDA:140,6,1,0
BRDA:147,7,0,0
BRDA:175,8,0,0
BRDA:179,9,0,0
BRDA:179,9,1,0
BRDA:181,10,0,0
BRDA:181,10,1,0
BRDA:194,11,0,0
BRDA:217,12,0,0
BRDA:217,12,1,0
BRDA:223,13,0,0
BRDA:223,13,1,0
BRDA:223,13,2,0
BRDA:223,13,3,0
BRDA:223,13,4,0
BRDA:244,14,0,0
BRDA:244,14,1,0
BRDA:265,15,0,0
BRDA:265,15,1,0
BRDA:265,16,0,0
BRDA:265,16,1,0
BRDA:267,17,0,0
BRDA:276,18,0,0
BRDA:277,19,0,0
BRDA:288,20,0,0
BRDA:296,21,0,0
BRDA:304,22,0,0
BRDA:312,23,0,0
BRF:37
BRH:0
end_of_record
TN:
SF:components/crm/hooks/useDeals.ts
FN:10,(anonymous_5)
FN:25,(anonymous_6)
FN:42,(anonymous_7)
FN:46,(anonymous_8)
FN:46,(anonymous_9)
FN:57,(anonymous_10)
FN:61,(anonymous_11)
FN:61,(anonymous_12)
FN:72,(anonymous_13)
FN:76,(anonymous_14)
FN:82,(anonymous_15)
FN:88,(anonymous_16)
FN:94,(anonymous_17)
FN:97,(anonymous_18)
FN:100,(anonymous_19)
FN:123,(anonymous_20)
FN:128,(anonymous_21)
FN:144,(anonymous_22)
FN:159,(anonymous_23)
FN:174,(anonymous_24)
FN:193,(anonymous_25)
FN:198,(anonymous_26)
FN:213,(anonymous_27)
FN:224,(anonymous_28)
FN:239,(anonymous_29)
FN:244,(anonymous_30)
FN:256,(anonymous_31)
FN:274,(anonymous_32)
FN:278,(anonymous_33)
FN:280,(anonymous_34)
FN:291,(anonymous_35)
FNF:31
FNH:0
FNDA:0,(anonymous_5)
FNDA:0,(anonymous_6)
FNDA:0,(anonymous_7)
FNDA:0,(anonymous_8)
FNDA:0,(anonymous_9)
FNDA:0,(anonymous_10)
FNDA:0,(anonymous_11)
FNDA:0,(anonymous_12)
FNDA:0,(anonymous_13)
FNDA:0,(anonymous_14)
FNDA:0,(anonymous_15)
FNDA:0,(anonymous_16)
FNDA:0,(anonymous_17)
FNDA:0,(anonymous_18)
FNDA:0,(anonymous_19)
FNDA:0,(anonymous_20)
FNDA:0,(anonymous_21)
FNDA:0,(anonymous_22)
FNDA:0,(anonymous_23)
FNDA:0,(anonymous_24)
FNDA:0,(anonymous_25)
FNDA:0,(anonymous_26)
FNDA:0,(anonymous_27)
FNDA:0,(anonymous_28)
FNDA:0,(anonymous_29)
FNDA:0,(anonymous_30)
FNDA:0,(anonymous_31)
FNDA:0,(anonymous_32)
FNDA:0,(anonymous_33)
FNDA:0,(anonymous_34)
FNDA:0,(anonymous_35)
DA:1,0
DA:3,0
DA:10,0
DA:14,0
DA:15,0
DA:16,0
DA:17,0
DA:18,0
DA:25,0
DA:26,0
DA:27,0
DA:28,0
DA:30,0
DA:31,0
DA:32,0
DA:35,0
DA:36,0
DA:38,0
DA:42,0
DA:43,0
DA:44,0
DA:45,0
DA:46,0
DA:47,0
DA:49,0
DA:52,0
DA:53,0
DA:57,0
DA:58,0
DA:59,0
DA:60,0
DA:61,0
DA:62,0
DA:64,0
DA:67,0
DA:68,0
DA:72,0
DA:73,0
DA:76,0
DA:77,0
DA:78,0
DA:82,0
DA:83,0
DA:84,0
DA:88,0
DA:89,0
DA:90,0
DA:94,0
DA:95,0
DA:97,0
DA:100,0
DA:101,0
DA:104,0
DA:123,0
DA:124,0
DA:125,0
DA:126,0
DA:128,0
DA:129,0
DA:130,0
DA:131,0
DA:133,0
DA:134,0
DA:137,0
DA:138,0
DA:140,0
DA:144,0
DA:145,0
DA:147,0
DA:148,0
DA:149,0
DA:150,0
DA:152,0
DA:154,0
DA:155,0
DA:159,0
DA:160,0
DA:162,0
DA:163,0
DA:164,0
DA:165,0
DA:167,0
DA:169,0
DA:170,0
DA:174,0
DA:175,0
DA:176,0
DA:180,0
DA:193,0
DA:194,0
DA:195,0
DA:196,0
DA:198,0
DA:199,0
DA:200,0
DA:201,0
DA:203,0
DA:213,0
DA:214,0
DA:217,0
DA:218,0
DA:220,0
DA:224,0
DA:225,0
DA:228,0
DA:239,0
DA:240,0
DA:241,0
DA:242,0
DA:244,0
DA:245,0
DA:246,0
DA:247,0
DA:249,0
DA:256,0
DA:257,0
DA:258,0
DA:260,0
DA:261,0
DA:264,0
DA:267,0
DA:268,0
DA:270,0
DA:274,0
DA:275,0
DA:276,0
DA:277,0
DA:278,0
DA:280,0
DA:284,0
DA:286,0
DA:287,0
DA:291,0
DA:292,0
DA:295,0
LF:135
LH:0
BRDA:11,0,0,0
BRDA:12,1,0,0
BRDA:25,2,0,0
BRDA:36,3,0,0
BRDA:36,3,1,0
BRDA:45,4,0,0
BRDA:47,5,0,0
BRDA:47,5,1,0
BRDA:60,6,0,0
BRDA:62,7,0,0
BRDA:62,7,1,0
BRDA:77,8,0,0
BRDA:83,9,0,0
BRDA:89,10,0,0
BRDA:89,11,0,0
BRDA:89,11,1,0
BRDA:138,12,0,0
BRDA:138,12,1,0
BRDA:145,13,0,0
BRDA:149,14,0,0
BRDA:160,15,0,0
BRDA:164,16,0,0
BRDA:175,17,0,0
BRDA:206,18,0,0
BRDA:206,18,1,0
BRDA:218,19,0,0
BRDA:218,19,1,0
BRDA:250,20,0,0
BRDA:250,20,1,0
BRDA:257,21,0,0
BRDA:268,22,0,0
BRDA:268,22,1,0
BRDA:277,23,0,0
BRDA:280,24,0,0
BRDA:280,24,1,0
BRDA:281,25,0,0
BRDA:281,25,1,0
BRF:37
BRH:0
end_of_record
TN:
SF:components/crm/hooks/useTasks.ts
FN:10,(anonymous_6)
FN:25,(anonymous_7)
FN:42,(anonymous_8)
FN:46,(anonymous_9)
FN:46,(anonymous_10)
FN:57,(anonymous_11)
FN:69,(anonymous_12)
FN:77,(anonymous_13)
FN:81,(anonymous_14)
FN:85,(anonymous_15)
FN:105,(anonymous_16)
FN:110,(anonymous_17)
FN:126,(anonymous_18)
FN:130,(anonymous_19)
FN:130,(anonymous_20)
FN:139,(anonymous_21)
FN:155,(anonymous_22)
FN:160,(anonymous_23)
FN:176,(anonymous_24)
FN:180,(anonymous_25)
FN:180,(anonymous_26)
FN:189,(anonymous_27)
FN:205,(anonymous_28)
FN:214,(anonymous_29)
FN:229,(anonymous_30)
FN:235,(anonymous_31)
FN:236,(anonymous_32)
FN:254,(anonymous_33)
FN:260,(anonymous_34)
FN:261,(anonymous_35)
FN:262,(anonymous_36)
FN:263,(anonymous_37)
FN:274,(anonymous_38)
FN:290,(anonymous_39)
FN:302,(anonymous_40)
FN:312,(anonymous_41)
FN:313,(anonymous_42)
FN:314,(anonymous_43)
FN:323,(anonymous_44)
FN:325,(anonymous_45)
FN:349,(anonymous_46)
FNF:41
FNH:0
FNDA:0,(anonymous_6)
FNDA:0,(anonymous_7)
FNDA:0,(anonymous_8)
FNDA:0,(anonymous_9)
FNDA:0,(anonymous_10)
FNDA:0,(anonymous_11)
FNDA:0,(anonymous_12)
FNDA:0,(anonymous_13)
FNDA:0,(anonymous_14)
FNDA:0,(anonymous_15)
FNDA:0,(anonymous_16)
FNDA:0,(anonymous_17)
FNDA:0,(anonymous_18)
FNDA:0,(anonymous_19)
FNDA:0,(anonymous_20)
FNDA:0,(anonymous_21)
FNDA:0,(anonymous_22)
FNDA:0,(anonymous_23)
FNDA:0,(anonymous_24)
FNDA:0,(anonymous_25)
FNDA:0,(anonymous_26)
FNDA:0,(anonymous_27)
FNDA:0,(anonymous_28)
FNDA:0,(anonymous_29)
FNDA:0,(anonymous_30)
FNDA:0,(anonymous_31)
FNDA:0,(anonymous_32)
FNDA:0,(anonymous_33)
FNDA:0,(anonymous_34)
FNDA:0,(anonymous_35)
FNDA:0,(anonymous_36)
FNDA:0,(anonymous_37)
FNDA:0,(anonymous_38)
FNDA:0,(anonymous_39)
FNDA:0,(anonymous_40)
FNDA:0,(anonymous_41)
FNDA:0,(anonymous_42)
FNDA:0,(anonymous_43)
FNDA:0,(anonymous_44)
FNDA:0,(anonymous_45)
FNDA:0,(anonymous_46)
DA:1,0
DA:3,0
DA:10,0
DA:14,0
DA:15,0
DA:16,0
DA:17,0
DA:18,0
DA:25,0
DA:26,0
DA:27,0
DA:28,0
DA:30,0
DA:31,0
DA:32,0
DA:35,0
DA:36,0
DA:38,0
DA:42,0
DA:43,0
DA:44,0
DA:45,0
DA:46,0
DA:47,0
DA:49,0
DA:52,0
DA:53,0
DA:57,0
DA:67,0
DA:68,0
DA:69,0
DA:70,0
DA:72,0
DA:73,0
DA:77,0
DA:78,0
DA:81,0
DA:82,0
DA:85,0
DA:86,0
DA:89,0
DA:105,0
DA:106,0
DA:107,0
DA:108,0
DA:110,0
DA:111,0
DA:112,0
DA:113,0
DA:115,0
DA:116,0
DA:119,0
DA:120,0
DA:122,0
DA:126,0
DA:127,0
DA:128,0
DA:129,0
DA:130,0
DA:132,0
DA:134,0
DA:135,0
DA:139,0
DA:140,0
DA:143,0
DA:155,0
DA:156,0
DA:157,0
DA:158,0
DA:160,0
DA:161,0
DA:162,0
DA:163,0
DA:165,0
DA:166,0
DA:169,0
DA:170,0
DA:172,0
DA:176,0
DA:177,0
DA:178,0
DA:179,0
DA:180,0
DA:182,0
DA:184,0
DA:185,0
DA:189,0
DA:190,0
DA:193,0
DA:205,0
DA:206,0
DA:211,0
DA:212,0
DA:214,0
DA:215,0
DA:216,0
DA:217,0
DA:219,0
DA:229,0
DA:230,0
DA:231,0
DA:235,0
DA:236,0
DA:237,0
DA:238,0
DA:239,0
DA:240,0
DA:244,0
DA:247,0
DA:248,0
DA:250,0
DA:254,0
DA:255,0
DA:256,0
DA:257,0
DA:259,0
DA:260,0
DA:261,0
DA:262,0
DA:263,0
DA:267,0
DA:269,0
DA:270,0
DA:274,0
DA:275,0
DA:278,0
DA:290,0
DA:291,0
DA:299,0
DA:300,0
DA:302,0
DA:303,0
DA:304,0
DA:305,0
DA:308,0
DA:309,0
DA:311,0
DA:312,0
DA:313,0
DA:314,0
DA:315,0
DA:320,0
DA:323,0
DA:324,0
DA:326,0
DA:327,0
DA:332,0
DA:342,0
DA:343,0
DA:345,0
DA:349,0
DA:350,0
DA:353,0
LF:153
LH:0
BRDA:11,0,0,0
BRDA:12,1,0,0
BRDA:25,2,0,0
BRDA:36,3,0,0
BRDA:36,3,1,0
BRDA:45,4,0,0
BRDA:47,5,0,0
BRDA:47,5,1,0
BRDA:105,6,0,0
BRDA:115,7,0,0
BRDA:115,7,1,0
BRDA:120,8,0,0
BRDA:120,8,1,0
BRDA:129,9,0,0
BRDA:165,10,0,0
BRDA:165,10,1,0
BRDA:170,11,0,0
BRDA:170,11,1,0
BRDA:179,12,0,0
BRDA:222,13,0,0
BRDA:222,13,1,0
BRDA:237,14,0,0
BRDA:237,15,0,0
BRDA:237,15,1,0
BRDA:238,16,0,0
BRDA:239,17,0,0
BRDA:248,18,0,0
BRDA:248,18,1,0
BRDA:257,19,0,0
BRDA:259,20,0,0
BRDA:259,21,0,0
BRDA:259,21,1,0
BRDA:315,22,0,0
BRDA:315,22,1,0
BRDA:315,22,2,0
BRDA:320,23,0,0
BRDA:320,23,1,0
BRDA:323,24,0,0
BRDA:323,24,1,0
BRDA:324,25,0,0
BRDA:324,25,1,0
BRDA:343,26,0,0
BRDA:343,26,1,0
BRF:43
BRH:0
end_of_record
TN:
SF:components/crm/services/crm-dashboard.service.ts
FN:22,(anonymous_1)
FN:60,(anonymous_2)
FN:61,(anonymous_3)
FN:62,(anonymous_4)
FN:66,(anonymous_5)
FN:68,(anonymous_6)
FN:69,(anonymous_7)
FN:82,(anonymous_8)
FN:88,(anonymous_9)
FN:93,(anonymous_10)
FN:98,(anonymous_11)
FN:111,(anonymous_12)
FNF:12
FNH:0
FNDA:0,(anonymous_1)
FNDA:0,(anonymous_2)
FNDA:0,(anonymous_3)
FNDA:0,(anonymous_4)
FNDA:0,(anonymous_5)
FNDA:0,(anonymous_6)
FNDA:0,(anonymous_7)
FNDA:0,(anonymous_8)
FNDA:0,(anonymous_9)
FNDA:0,(anonymous_10)
FNDA:0,(anonymous_11)
FNDA:0,(anonymous_12)
DA:6,0
DA:7,0
DA:8,0
DA:9,0
DA:17,0
DA:23,0
DA:25,0
DA:26,0
DA:29,0
DA:30,0
DA:33,0
DA:36,0
DA:39,0
DA:42,0
DA:44,0
DA:52,0
DA:53,0
DA:61,0
DA:62,0
DA:65,0
DA:66,0
DA:67,0
DA:68,0
DA:69,0
DA:71,0
DA:83,0
DA:84,0
DA:87,0
DA:88,0
DA:92,0
DA:93,0
DA:97,0
DA:98,0
DA:101,0
DA:112,0
LF:35
LH:0
BRDA:29,0,0,0
BRDA:29,0,1,0
BRDA:30,1,0,0
BRDA:30,1,1,0
BRDA:61,2,0,0
BRDA:61,2,1,0
BRDA:69,3,0,0
BRDA:69,3,1,0
BRDA:93,4,0,0
BRDA:93,4,1,0
BRDA:93,4,2,0
BRDA:98,5,0,0
BRDA:98,5,1,0
BRF:13
BRH:0
end_of_record
TN:
SF:components/crm/services/crm-engagement.service.ts
FN:17,(anonymous_1)
FN:84,(anonymous_2)
FN:93,(anonymous_3)
FN:98,(anonymous_4)
FN:105,(anonymous_5)
FN:126,(anonymous_6)
FN:152,(anonymous_7)
FN:190,(anonymous_8)
FN:205,(anonymous_9)
FN:212,(anonymous_10)
FN:218,(anonymous_11)
FN:225,(anonymous_12)
FN:244,(anonymous_13)
FN:252,(anonymous_14)
FN:273,(anonymous_15)
FN:293,(anonymous_16)
FNF:16
FNH:0
FNDA:0,(anonymous_1)
FNDA:0,(anonymous_2)
FNDA:0,(anonymous_3)
FNDA:0,(anonymous_4)
FNDA:0,(anonymous_5)
FNDA:0,(anonymous_6)
FNDA:0,(anonymous_7)
FNDA:0,(anonymous_8)
FNDA:0,(anonymous_9)
FNDA:0,(anonymous_10)
FNDA:0,(anonymous_11)
FNDA:0,(anonymous_12)
FNDA:0,(anonymous_13)
FNDA:0,(anonymous_14)
FNDA:0,(anonymous_15)
FNDA:0,(anonymous_16)
DA:2,0
DA:3,0
DA:4,0
DA:12,0
DA:32,0
DA:33,0
DA:34,0
DA:38,0
DA:45,0
DA:46,0
DA:48,0
DA:49,0
DA:50,0
DA:54,0
DA:55,0
DA:56,0
DA:58,0
DA:59,0
DA:70,0
DA:73,0
DA:85,0
DA:89,0
DA:92,0
DA:94,0
DA:98,0
DA:114,0
DA:133,0
DA:135,0
DA:136,0
DA:137,0
DA:139,0
DA:146,0
DA:157,0
DA:158,0
DA:159,0
DA:161,0
DA:163,0
DA:165,0
DA:166,0
DA:167,0
DA:168,0
DA:169,0
DA:170,0
DA:172,0
DA:175,0
DA:176,0
DA:180,0
DA:181,0
DA:184,0
DA:192,0
DA:194,0
DA:197,0
DA:199,0
DA:201,0
DA:206,0
DA:207,0
DA:208,0
DA:213,0
DA:214,0
[...]
FNDA:3,(anonymous_23)
FNDA:2,(anonymous_24)
FNDA:1,(anonymous_25)
FNDA:1,(anonymous_26)
FNDA:0,(anonymous_27)
FNDA:1,(anonymous_28)
FNDA:2,useApiErrorHandler
FNDA:2,(anonymous_30)
FNDA:1,(anonymous_31)
FNDA:1,(anonymous_32)
FNDA:0,useErrorBoundary
FNDA:0,(anonymous_34)
FNDA:0,(anonymous_35)
DA:6,4
DA:7,4
DA:8,4
DA:9,4
DA:29,111
DA:30,116
DA:31,116
DA:37,116
DA:38,116
DA:40,116
DA:41,4
DA:42,4
DA:44,4
DA:52,4
DA:53,3
DA:61,4
DA:64,116
DA:65,2
DA:67,1
DA:73,1
DA:74,1
DA:75,1
DA:79,1
DA:85,1
DA:86,1
DA:94,0
DA:98,116
DA:99,3
DA:105,3
DA:106,0
DA:111,116
DA:112,16
DA:113,0
DA:115,0
DA:116,0
DA:120,16
DA:121,16
DA:122,0
DA:127,116
DA:141,5
DA:146,5
DA:147,5
DA:148,5
DA:150,5
DA:151,2
DA:152,2
DA:154,2
DA:155,2
DA:160,1
DA:161,1
DA:163,0
DA:164,0
DA:166,1
DA:170,5
DA:171,0
DA:175,5
DA:179,5
DA:192,11
DA:193,11
DA:194,11
DA:196,11
DA:197,3
DA:203,3
DA:209,11
DA:210,2
DA:215,2
DA:218,11
DA:219,1
DA:220,1
DA:221,1
DA:222,1
DA:226,11
DA:227,0
DA:230,11
DA:231,1
DA:232,1
DA:235,11
DA:237,11
DA:252,2
DA:253,2
DA:255,2
DA:256,1
DA:262,1
DA:263,1
DA:265,1
DA:272,1
DA:275,2
DA:276,1
DA:281,1
DA:288,1
DA:291,2
DA:300,0
DA:301,0
DA:303,0
DA:304,0
DA:307,0
DA:308,0
DA:309,0
DA:316,0
DA:317,0
DA:320,0
LF:101
LH:81
BRDA:29,0,0,7
BRDA:30,1,0,114
BRDA:30,2,0,116
BRDA:30,3,0,113
BRDA:30,4,0,116
BRDA:42,5,0,4
BRDA:42,5,1,1
BRDA:52,6,0,3
BRDA:65,7,0,1
BRDA:65,8,0,2
BRDA:65,8,1,1
BRDA:74,9,0,1
BRDA:85,10,0,1
BRDA:105,11,0,0
BRDA:112,12,0,0
BRDA:112,13,0,16
BRDA:112,13,1,0
BRDA:112,13,2,0
BRDA:112,13,3,0
BRDA:121,14,0,0
BRDA:143,15,0,5
BRDA:144,16,0,5
BRDA:181,17,0,5
BRDA:181,17,1,3
BRDA:235,18,0,11
BRDA:235,18,1,8
BRDA:258,19,0,1
BRDA:258,19,1,0
BRDA:268,20,0,1
BRDA:268,20,1,0
BRDA:269,21,0,1
BRDA:269,21,1,0
BRDA:278,22,0,1
BRDA:278,22,1,0
BRDA:316,23,0,0
BRF:35
BRH:24
end_of_record
TN:
SF:lib/performance/PerformanceAnalyzer.ts
FN:18,(anonymous_3)
FN:28,(anonymous_4)
FN:50,(anonymous_5)
FN:72,(anonymous_6)
FN:91,(anonymous_7)
FN:97,(anonymous_8)
FN:104,(anonymous_9)
FN:124,(anonymous_10)
FN:125,(anonymous_11)
FN:132,(anonymous_12)
FN:147,(anonymous_13)
FN:194,(anonymous_14)
FN:206,(anonymous_15)
FN:219,measurePerformance
FN:220,(anonymous_17)
FN:224,(anonymous_18)
FN:255,(anonymous_19)
FNF:17
FNH:14
FNDA:10,(anonymous_3)
FNDA:9,(anonymous_4)
FNDA:2,(anonymous_5)
FNDA:12,(anonymous_6)
FNDA:4,(anonymous_7)
FNDA:17,(anonymous_8)
FNDA:6,(anonymous_9)
FNDA:4,(anonymous_10)
FNDA:2,(anonymous_11)
FNDA:4,(anonymous_12)
FNDA:4,(anonymous_13)
FNDA:1,(anonymous_14)
FNDA:1,(anonymous_15)
FNDA:1,measurePerformance
FNDA:0,(anonymous_17)
FNDA:0,(anonymous_18)
FNDA:0,(anonymous_19)
DA:5,3
DA:7,46
DA:8,3
DA:19,10
DA:29,9
DA:30,9
DA:31,2
DA:32,2
DA:35,7
DA:36,7
DA:38,7
DA:44,7
DA:56,2
DA:57,2
DA:58,1
DA:61,1
DA:79,12
DA:80,12
DA:81,8
DA:82,8
DA:91,4
DA:98,17
DA:119,6
DA:120,6
DA:123,6
DA:124,4
DA:125,2
DA:132,6
DA:133,6
DA:135,6
DA:155,4
DA:156,4
DA:158,4
DA:161,4
DA:162,1
DA:165,4
DA:166,1
DA:169,4
DA:170,1
DA:173,4
DA:174,2
DA:177,4
DA:181,4
DA:195,1
DA:197,1
DA:198,1
DA:199,1
DA:200,1
DA:201,1
DA:202,1
DA:204,1
DA:205,1
DA:206,1
DA:207,1
DA:209,1
DA:212,1
DA:219,3
DA:220,1
DA:221,0
DA:222,0
DA:224,0
DA:225,0
DA:227,0
DA:233,0
DA:234,0
DA:235,0
DA:237,0
DA:238,0
DA:241,0
DA:243,0
DA:244,0
DA:248,0
DA:253,3
DA:255,1
DA:256,0
DA:257,0
DA:258,0
LF:77
LH:60
BRDA:30,0,0,2
BRDA:57,1,0,1
BRDA:57,2,0,2
BRDA:57,2,1,2
BRDA:81,3,0,8
BRDA:133,4,0,2
BRDA:133,4,1,4
BRDA:161,5,0,1
BRDA:165,6,0,1
BRDA:169,7,0,1
BRDA:173,8,0,2
BRDA:177,9,0,3
BRDA:177,9,1,1
BRDA:204,10,0,1
BRDA:222,11,0,0
BRDA:222,11,1,0
BRDA:237,12,0,0
BRDA:237,13,0,0
BRDA:237,13,1,0
BRDA:253,14,0,1
BRDA:253,15,0,3
BRDA:253,15,1,3
BRDA:257,16,0,0
BRF:23
BRH:17
end_of_record
TN:
SF:lib/query/QueryProvider.tsx
FN:12,QueryProvider
FNF:1
FNH:1
FNDA:10,QueryProvider
DA:3,1
DA:4,1
DA:5,1
DA:6,1
DA:12,10
LF:5
LH:5
BRDA:16,0,0,10
BRF:1
BRH:1
end_of_record
TN:
SF:lib/query/queryClient.ts
FN:17,(anonymous_5)
FN:27,(anonymous_6)
FN:43,(anonymous_7)
FN:51,(anonymous_8)
FN:63,(anonymous_9)
FN:68,(anonymous_10)
FN:94,(anonymous_11)
FN:105,(anonymous_12)
FN:116,(anonymous_13)
FN:123,(anonymous_14)
FNF:10
FNH:2
FNDA:3,(anonymous_5)
FNDA:0,(anonymous_6)
FNDA:0,(anonymous_7)
FNDA:0,(anonymous_8)
FNDA:2,(anonymous_9)
FNDA:0,(anonymous_10)
FNDA:0,(anonymous_11)
FNDA:0,(anonymous_12)
FNDA:0,(anonymous_13)
FNDA:0,(anonymous_14)
DA:1,2
DA:2,2
DA:4,2
DA:5,2
DA:7,14
DA:19,3
DA:20,1
DA:23,2
DA:27,0
DA:44,0
DA:45,0
DA:47,0
DA:51,0
DA:62,0
DA:63,2
DA:69,0
DA:72,0
DA:74,0
DA:76,0
DA:78,0
DA:80,0
DA:81,0
DA:82,0
DA:83,0
DA:88,0
DA:95,0
DA:98,0
DA:99,0
DA:106,0
DA:109,0
DA:110,0
DA:117,0
DA:124,0
DA:129,0
DA:131,0
DA:139,2
DA:141,2
LF:37
LH:11
BRDA:19,0,0,1
BRDA:19,1,0,3
BRDA:19,1,1,3
BRDA:44,2,0,0
BRDA:44,3,0,0
BRDA:44,3,1,0
BRDA:74,4,0,0
BRDA:78,5,0,0
BRDA:78,6,0,0
BRDA:78,6,1,0
BRDA:81,7,0,0
BRF:11
BRH:3
end_of_record
TN:
SF:lib/query/queryKeys.ts
FN:10,(anonymous_3)
FN:13,(anonymous_4)
FN:16,(anonymous_5)
FN:19,(anonymous_6)
FN:22,(anonymous_7)
FN:28,(anonymous_8)
FN:31,(anonymous_9)
FN:34,(anonymous_10)
FN:37,(anonymous_11)
FN:43,(anonymous_12)
FN:46,(anonymous_13)
FN:49,(anonymous_14)
FN:55,(anonymous_15)
FN:58,(anonymous_16)
FN:61,(anonymous_17)
FN:64,(anonymous_18)
FN:67,(anonymous_19)
FN:70,(anonymous_20)
FNF:18
FNH:15
FNDA:16,(anonymous_3)
FNDA:8,(anonymous_4)
FNDA:5,(anonymous_5)
FNDA:1,(anonymous_6)
FNDA:0,(anonymous_7)
FNDA:24,(anonymous_8)
FNDA:16,(anonymous_9)
FNDA:5,(anonymous_10)
FNDA:1,(anonymous_11)
FNDA:10,(anonymous_12)
FNDA:7,(anonymous_13)
FNDA:3,(anonymous_14)
FNDA:118,(anonymous_15)
FNDA:86,(anonymous_16)
FNDA:5,(anonymous_17)
FNDA:27,(anonymous_18)
FNDA:0,(anonymous_19)
FNDA:0,(anonymous_20)
DA:6,169
DA:10,16
DA:13,8
DA:16,5
DA:19,1
DA:22,0
DA:28,24
DA:31,16
DA:34,5
DA:37,1
DA:43,10
DA:46,7
DA:49,3
DA:55,118
DA:58,86
DA:61,5
DA:64,27
DA:67,0
DA:70,0
DA:74,8
LF:20
LH:17
BRF:0
BRH:0
end_of_record
TN:
SF:lib/query/useAnalyticsQuery.ts
FN:20,useDashboardAnalytics
FN:28,(anonymous_11)
FN:34,(anonymous_12)
FN:43,useLinkAnalytics
FN:51,(anonymous_14)
FN:55,(anonymous_15)
FN:64,usePropertyAnalytics
FN:72,(anonymous_17)
FN:75,(anonymous_18)
FN:84,useTrackActivity
FN:91,(anonymous_20)
FN:98,(anonymous_21)
FN:115,(anonymous_22)
FN:124,useCreateSession
FN:130,(anonymous_24)
FN:135,(anonymous_25)
FN:144,useUpdateSessionActivity
FN:150,(anonymous_27)
FN:151,(anonymous_28)
FN:160,useTrackSwipe
FN:164,(anonymous_30)
FN:171,(anonymous_31)
FN:187,useTrackView
FN:191,(anonymous_33)
FN:197,(anonymous_34)
FN:214,useRealTimeAnalytics
FNF:26
FNH:11
FNDA:83,useDashboardAnalytics
FNDA:4,(anonymous_11)
FNDA:0,(anonymous_12)
FNDA:27,useLinkAnalytics
FNDA:1,(anonymous_14)
FNDA:0,(anonymous_15)
FNDA:3,usePropertyAnalytics
FNDA:1,(anonymous_17)
FNDA:0,(anonymous_18)
FNDA:6,useTrackActivity
FNDA:3,(anonymous_20)
FNDA:2,(anonymous_21)
FNDA:1,(anonymous_22)
FNDA:0,useCreateSession
FNDA:0,(anonymous_24)
FNDA:0,(anonymous_25)
FNDA:0,useUpdateSessionActivity
FNDA:0,(anonymous_27)
FNDA:0,(anonymous_28)
FNDA:0,useTrackSwipe
FNDA:0,(anonymous_30)
FNDA:0,(anonymous_31)
FNDA:0,useTrackView
FNDA:0,(anonymous_33)
FNDA:0,(anonymous_34)
FNDA:24,useRealTimeAnalytics
DA:6,4
DA:7,4
DA:8,4
DA:9,4
DA:20,83
DA:21,83
DA:22,83
DA:26,83
DA:28,4
DA:35,0
DA:43,3
DA:44,27
DA:45,27
DA:49,27
DA:51,1
DA:56,0
DA:64,3
DA:65,3
DA:66,3
DA:70,3
DA:72,1
DA:76,0
DA:84,6
DA:85,6
DA:86,6
DA:90,6
DA:97,3
DA:100,2
DA:101,0
DA:105,2
DA:106,2
DA:111,2
DA:116,1
DA:124,0
DA:125,0
DA:129,0
DA:134,0
DA:136,0
DA:144,0
DA:145,0
DA:149,0
DA:150,0
DA:152,0
DA:160,0
DA:161,0
DA:163,0
DA:170,0
DA:173,0
DA:187,0
DA:188,0
DA:190,0
DA:196,0
DA:199,0
DA:214,24
DA:215,24
DA:218,24
DA:225,0
DA:233,0
LF:58
LH:32
BRDA:20,0,0,81
BRDA:21,1,0,81
BRDA:21,2,0,82
BRDA:21,3,0,82
BRDA:43,4,0,3
BRDA:44,5,0,3
BRDA:44,6,0,3
BRDA:44,7,0,3
BRDA:52,8,0,27
BRDA:52,8,1,3
BRDA:64,9,0,3
BRDA:65,10,0,3
BRDA:65,11,0,3
BRDA:73,12,0,3
BRDA:73,12,1,3
BRDA:100,13,0,0
BRDA:105,14,0,2
BRDA:214,15,0,0
BRDA:215,16,0,24
BRDA:215,17,0,0
BRDA:218,18,0,24
BRDA:218,18,1,24
BRDA:220,19,0,24
BRDA:220,19,1,24
BRDA:227,20,0,0
BRDA:227,20,1,0
BRDA:233,21,0,0
BRDA:233,21,1,0
BRF:28
BRH:21
end_of_record
TN:
SF:lib/query/useLinksQuery.ts
FN:7,useLinksQuery
FN:10,(anonymous_7)
FN:16,useLinksQueryPaginated
FN:19,(anonymous_9)
FN:26,useLinkQuery
FN:29,(anonymous_11)
FN:36,useCreateLinkMutation
FN:40,(anonymous_13)
FN:42,(anonymous_14)
FN:58,useCopyLinkMutation
FN:60,(anonymous_16)
FNF:11
FNH:7
FNDA:15,useLinksQuery
FNDA:3,(anonymous_7)
FNDA:0,useLinksQueryPaginated
FNDA:0,(anonymous_9)
FNDA:3,useLinkQuery
FNDA:1,(anonymous_11)
FNDA:4,useCreateLinkMutation
FNDA:2,(anonymous_13)
FNDA:1,(anonymous_14)
FNDA:0,useCopyLinkMutation
FNDA:0,(anonymous_16)
DA:1,3
DA:2,3
DA:3,3
DA:7,15
DA:8,15
DA:10,3
DA:16,0
DA:17,0
DA:19,0
DA:26,3
DA:27,3
DA:29,1
DA:36,4
DA:37,4
DA:39,4
DA:41,2
DA:44,1
DA:49,1
DA:58,0
DA:59,0
DA:60,0
LF:21
LH:15
BRDA:16,0,0,0
BRDA:30,1,0,3
BRDA:30,1,1,2
BRF:3
BRH:2
end_of_record
TN:
SF:lib/query/usePropertiesQuery.ts
FN:7,usePropertiesQuery
FN:10,(anonymous_11)
FN:16,usePropertyQuery
FN:19,(anonymous_13)
FN:26,useCreatePropertyMutation
FN:30,(anonymous_15)
FN:31,(anonymous_16)
FN:47,useUpdatePropertyMutation
FN:51,(anonymous_18)
FN:53,(anonymous_19)
FN:69,useDeletePropertyMutation
FN:73,(anonymous_21)
FN:74,(anonymous_22)
FN:89,usePropertiesOptimizedQuery
FN:98,(anonymous_24)
FN:105,usePropertiesBatchQuery
FN:108,(anonymous_26)
FN:115,usePropertyStatsQuery
FN:118,(anonymous_28)
FN:124,useSearchPropertiesQuery
FN:127,(anonymous_30)
FNF:21
FNH:7
FNDA:7,usePropertiesQuery
FNDA:3,(anonymous_11)
FNDA:3,usePropertyQuery
FNDA:1,(anonymous_13)
FNDA:4,useCreatePropertyMutation
FNDA:2,(anonymous_15)
FNDA:1,(anonymous_16)
FNDA:0,useUpdatePropertyMutation
FNDA:0,(anonymous_18)
FNDA:0,(anonymous_19)
FNDA:0,useDeletePropertyMutation
FNDA:0,(anonymous_21)
FNDA:0,(anonymous_22)
FNDA:0,usePropertiesOptimizedQuery
FNDA:0,(anonymous_24)
FNDA:0,usePropertiesBatchQuery
FNDA:0,(anonymous_26)
FNDA:0,usePropertyStatsQuery
FNDA:0,(anonymous_28)
FNDA:0,useSearchPropertiesQuery
FNDA:0,(anonymous_30)
DA:1,3
DA:2,3
DA:3,3
DA:7,7
DA:8,7
DA:10,3
DA:16,3
DA:17,3
DA:19,1
DA:26,4
DA:27,4
DA:29,4
DA:30,2
DA:33,1
DA:38,1
DA:47,0
DA:48,0
DA:50,0
DA:52,0
DA:55,0
DA:61,0
DA:69,0
DA:70,0
DA:72,0
DA:73,0
DA:76,0
DA:81,0
DA:89,0
DA:96,0
DA:98,0
DA:105,0
DA:106,0
DA:108,0
DA:115,0
DA:116,0
DA:118,0
DA:124,0
DA:125,0
DA:127,0
LF:39
LH:15
BRDA:20,0,0,3
BRDA:20,0,1,2
BRDA:89,1,0,0
BRF:3
BRH:2
end_of_record
TN:
SF:lib/query/useSwipeQuery.ts
FN:7,(anonymous_5)
FN:23,(anonymous_6)
FN:38,(anonymous_7)
FN:48,(anonymous_8)
FN:59,useSwipeSessionQuery
FN:62,(anonymous_10)
FN:69,useCreateSwipeSessionMutation
FN:73,(anonymous_12)
FN:74,(anonymous_13)
FN:85,useSwipeStateMutation
FN:89,(anonymous_15)
FN:91,(anonymous_16)
FN:108,useSwipeAnalyticsQuery
FN:111,(anonymous_18)
FNF:14
FNH:7
FNDA:1,(anonymous_5)
FNDA:0,(anonymous_6)
FNDA:2,(anonymous_7)
FNDA:0,(anonymous_8)
FNDA:4,useSwipeSessionQuery
FNDA:1,(anonymous_10)
FNDA:0,useCreateSwipeSessionMutation
FNDA:0,(anonymous_12)
FNDA:0,(anonymous_13)
FNDA:4,useSwipeStateMutation
FNDA:2,(anonymous_15)
FNDA:2,(anonymous_16)
FNDA:0,useSwipeAnalyticsQuery
FNDA:0,(anonymous_18)
DA:1,1
DA:2,1
DA:6,1
DA:9,1
DA:24,0
DA:39,2
DA:49,0
DA:59,4
DA:60,4
DA:62,1
DA:69,0
DA:70,0
DA:72,0
DA:73,0
DA:76,0
DA:85,4
DA:86,4
DA:88,4
DA:90,2
DA:93,2
DA:99,2
DA:108,0
DA:109,0
DA:111,0
LF:24
LH:14
BRDA:63,0,0,4
BRDA:63,0,1,3
BRDA:112,1,0,0
BRDA:112,1,1,0
BRF:4
BRH:2
end_of_record
TN:
SF:lib/supabase/client.ts
FN:5,validateEnvironmentVariables
FN:23,createClient
FNF:2
FNH:0
FNDA:0,validateEnvironmentVariables
FNDA:0,createClient
DA:1,0
DA:6,0
DA:7,0
DA:9,0
DA:10,0
DA:13,0
DA:17,0
DA:20,0
DA:23,0
DA:24,0
DA:28,0
DA:29,0
LF:12
LH:0
BRDA:9,0,0,0
BRDA:9,1,0,0
BRDA:9,1,1,0
BRF:3
BRH:0
end_of_record
TN:
SF:lib/supabase/property.service.ts
FN:9,(anonymous_1)
FN:31,(anonymous_2)
FN:51,(anonymous_3)
FN:68,(anonymous_4)
FN:89,(anonymous_5)
FN:125,(anonymous_6)
FN:128,(anonymous_7)
FN:153,(anonymous_8)
FN:172,(anonymous_9)
FN:192,(anonymous_10)
FN:206,(anonymous_11)
FN:251,(anonymous_12)
FN:270,(anonymous_13)
FNF:13
FNH:9
FNDA:4,(anonymous_1)
FNDA:2,(anonymous_2)
FNDA:3,(anonymous_3)
FNDA:2,(anonymous_4)
FNDA:5,(anonymous_5)
FNDA:4,(anonymous_6)
FNDA:5,(anonymous_7)
FNDA:3,(anonymous_8)
FNDA:5,(anonymous_9)
FNDA:0,(anonymous_10)
FNDA:0,(anonymous_11)
FNDA:0,(anonymous_12)
FNDA:0,(anonymous_13)
DA:1,6
DA:3,6
DA:5,28
DA:10,4
DA:11,4
DA:17,4
DA:18,2
DA:21,2
DA:23,2
DA:24,2
DA:32,2
DA:38,2
DA:39,1
DA:40,0
DA:42,1
DA:45,1
DA:52,3
DA:58,3
DA:59,1
DA:62,2
DA:69,2
DA:76,2
DA:77,1
DA:78,0
DA:80,1
DA:83,1
DA:91,5
DA:97,5
DA:98,1
DA:99,0
DA:101,1
DA:105,4
DA:108,4
DA:115,4
DA:116,1
DA:119,3
DA:126,4
DA:128,3
DA:129,5
DA:131,5
DA:135,5
DA:136,1
DA:140,4
DA:144,4
DA:147,3
DA:154,3
DA:156,2
DA:162,2
DA:163,1
DA:166,1
DA:173,5
DA:175,5
DA:182,5
DA:183,1
DA:186,4
DA:193,0
DA:198,0
DA:199,0
DA:223,0
DA:225,0
DA:226,0
DA:228,0
DA:235,0
DA:237,0
DA:238,0
DA:241,0
DA:252,0
DA:254,0
DA:260,0
DA:261,0
DA:264,0
DA:276,0
DA:291,0
DA:292,0
DA:293,0
DA:296,0
DA:297,0
DA:298,0
DA:300,0
LF:79
LH:52
BRDA:17,0,0,2
BRDA:21,1,0,2
BRDA:21,1,1,0
BRDA:38,2,0,1
BRDA:39,3,0,0
BRDA:58,4,0,1
BRDA:76,5,0,1
BRDA:77,6,0,0
BRDA:97,7,0,1
BRDA:98,8,0,0
BRDA:105,9,0,3
BRDA:105,9,1,1
BRDA:115,10,0,1
BRDA:126,11,0,1
BRDA:135,12,0,1
BRDA:154,13,0,1
BRDA:162,14,0,1
BRDA:166,15,0,1
BRDA:166,15,1,0
BRDA:173,16,0,0
BRDA:182,17,0,1
BRDA:186,18,0,4
BRDA:186,18,1,0
BRDA:198,19,0,0
BRDA:206,20,0,0
BRDA:218,21,0,0
BRDA:219,22,0,0
BRDA:220,23,0,0
BRDA:221,24,0,0
BRDA:222,25,0,0
BRDA:237,26,0,0
BRDA:242,27,0,0
BRDA:242,27,1,0
BRDA:243,28,0,0
BRDA:243,28,1,0
BRDA:244,29,0,0
BRDA:244,29,1,0
BRDA:252,30,0,0
BRDA:260,31,0,0
BRDA:264,32,0,0
BRDA:264,32,1,0
BRDA:291,33,0,0
BRDA:291,34,0,0
BRDA:291,34,1,0
BRDA:291,34,2,0
BRDA:292,35,0,0
BRDA:292,35,1,0
BRDA:292,35,2,0
BRDA:296,36,0,0
BRDA:296,36,1,0
BRDA:297,37,0,0
BRDA:297,37,1,0
BRDA:298,38,0,0
BRDA:298,38,1,0
BRF:54
BRH:16
end_of_record
TN:
SF:lib/utils/formatters.ts
FN:4,formatPrice
FN:18,formatArea
FN:27,formatBedsBaths
FN:41,formatFeatures
FN:44,(anonymous_12)
FN:48,(anonymous_13)
FN:56,formatDate
FN:68,formatRelativeTime
FN:87,formatShortAddress
FNF:9
FNH:9
FNDA:236,formatPrice
FNDA:236,formatArea
FNDA:240,formatBedsBaths
FNDA:237,formatFeatures
FNDA:578,(anonymous_12)
FNDA:635,(anonymous_13)
FNDA:2,formatDate
FNDA:7,formatRelativeTime
FNDA:235,formatShortAddress
DA:4,236
DA:5,236
DA:7,232
DA:18,236
DA:19,236
DA:21,233
DA:27,240
DA:28,240
DA:29,240
DA:31,240
DA:32,234
DA:35,6
DA:41,237
DA:42,237
DA:44,235
DA:46,578
DA:48,635
DA:56,1
DA:57,2
DA:58,2
DA:68,7
DA:69,7
DA:70,7
DA:71,7
DA:72,7
DA:73,7
DA:74,7
DA:76,7
DA:77,6
DA:78,4
DA:79,2
DA:81,1
DA:87,235
DA:88,235
DA:89,235
DA:90,52
DA:92,183
LF:37
LH:37
BRDA:5,0,0,4
BRDA:19,1,0,3
BRDA:28,2,0,236
BRDA:28,2,1,4
BRDA:28,3,0,198
BRDA:28,3,1,38
BRDA:29,4,0,236
BRDA:29,4,1,4
BRDA:29,5,0,198
BRDA:29,5,1,38
BRDA:31,6,0,234
BRDA:31,7,0,240
BRDA:31,7,1,236
BRDA:35,8,0,6
BRDA:35,8,1,4
BRDA:35,8,2,2
BRDA:42,9,0,2
BRDA:42,10,0,237
BRDA:42,10,1,236
BRDA:76,11,0,1
BRDA:77,12,0,2
BRDA:77,13,0,1
BRDA:77,13,1,1
BRDA:78,14,0,2
BRDA:78,15,0,1
BRDA:78,15,1,1
BRDA:79,16,0,1
BRDA:79,17,0,1
BRDA:79,17,1,0
BRDA:89,18,0,52
BRF:30
BRH:29
end_of_record
TN:
SF:lib/utils/validators.ts
FN:6,validatePropertyData
FN:62,validateEmail
FN:70,validateLinkCode
FN:78,generateLinkCode
FN:90,validateImageFile
FNF:5
FNH:5
FNDA:12,validatePropertyData
FNDA:7,validateEmail
FNDA:8,validateLinkCode
FNDA:4,generateLinkCode
FNDA:4,validateImageFile
DA:6,12
DA:10,12
DA:13,12
DA:14,2
DA:18,12
DA:19,12
DA:20,2
DA:22,12
DA:23,1
DA:28,12
DA:29,12
DA:30,3
DA:35,12
DA:36,11
DA:37,2
DA:42,12
DA:43,11
DA:44,2
DA:49,12
DA:50,1
DA:53,12
DA:62,7
DA:63,7
DA:64,7
DA:70,8
DA:71,8
DA:72,8
DA:78,4
DA:79,4
DA:80,4
DA:81,4
DA:82,32
DA:84,4
DA:90,4
DA:94,4
DA:95,4
DA:97,4
DA:98,1
DA:104,3
DA:105,1
DA:111,2
LF:41
LH:41
BRDA:13,0,0,2
BRDA:13,1,0,12
BRDA:13,1,1,10
BRDA:18,2,0,12
BRDA:18,3,0,12
BRDA:18,3,1,12
BRDA:19,4,0,2
BRDA:22,5,0,1
BRDA:28,6,0,12
BRDA:28,7,0,12
BRDA:28,7,1,12
BRDA:29,8,0,3
BRDA:29,9,0,12
BRDA:29,9,1,11
BRDA:35,10,0,11
BRDA:35,11,0,12
BRDA:35,11,1,11
BRDA:36,12,0,2
BRDA:36,13,0,11
BRDA:36,13,1,10
BRDA:42,14,0,11
BRDA:42,15,0,12
BRDA:42,15,1,11
BRDA:43,16,0,2
BRDA:43,17,0,11
BRDA:43,17,1,10
BRDA:49,18,0,1
BRDA:49,19,0,12
BRDA:49,19,1,11
BRDA:97,20,0,1
BRDA:104,21,0,1
BRF:31
BRH:31
end_of_record
TN:
SF:stores/usePropertiesStore.ts
FN:44,(anonymous_1)
FN:48,(anonymous_2)
FN:52,(anonymous_3)
FN:54,(anonymous_4)
FN:62,(anonymous_5)
FN:64,(anonymous_6)
FN:65,(anonymous_7)
FN:76,(anonymous_8)
FN:78,(anonymous_9)
FN:79,(anonymous_10)
FN:80,(anonymous_11)
FN:87,(anonymous_12)
FN:89,(anonymous_13)
FN:91,(anonymous_14)
FN:99,(anonymous_15)
FN:103,(anonymous_16)
FN:107,(anonymous_17)
FN:111,(anonymous_18)
FN:115,(anonymous_19)
FN:117,(anonymous_20)
FN:121,(anonymous_21)
FN:123,(anonymous_22)
FN:127,(anonymous_23)
FNF:23
FNH:16
FNDA:1,(anonymous_1)
FNDA:8,(anonymous_2)
FNDA:1,(anonymous_3)
FNDA:1,(anonymous_4)
FNDA:1,(anonymous_5)
FNDA:1,(anonymous_6)
FNDA:2,(anonymous_7)
FNDA:0,(anonymous_8)
FNDA:0,(anonymous_9)
FNDA:0,(anonymous_10)
FNDA:0,(anonymous_11)
FNDA:7,(anonymous_12)
FNDA:7,(anonymous_13)
FNDA:1,(anonymous_14)
FNDA:1,(anonymous_15)
FNDA:0,(anonymous_16)
FNDA:3,(anonymous_17)
FNDA:3,(anonymous_18)
FNDA:2,(anonymous_19)
FNDA:3,(anonymous_20)
FNDA:0,(anonymous_21)
FNDA:0,(anonymous_22)
FNDA:12,(anonymous_23)
DA:1,1
DA:2,1
DA:35,1
DA:42,41
DA:44,1
DA:49,8
DA:53,1
DA:54,1
DA:63,1
DA:64,1
DA:66,2
DA:77,0
DA:78,0
DA:79,0
DA:80,0
DA:88,7
DA:89,7
DA:91,1
DA:100,1
DA:104,0
DA:108,3
DA:112,3
DA:116,2
DA:117,3
DA:122,0
DA:123,0
DA:128,12
LF:27
LH:20
BRDA:66,0,0,1
BRDA:66,0,1,1
BRDA:90,1,0,1
BRDA:90,1,1,6
BRF:4
BRH:4
end_of_record
TN:
SF:stores/useSwipeStore.ts
FN:53,(anonymous_1)
FN:57,(anonymous_2)
FN:69,(anonymous_3)
FN:73,(anonymous_4)
FN:77,(anonymous_5)
FN:79,(anonymous_6)
FN:119,(anonymous_7)
FN:121,(anonymous_8)
FN:125,(anonymous_9)
FN:126,(anonymous_10)
FN:127,(anonymous_11)
FN:128,(anonymous_12)
FN:140,(anonymous_13)
FN:144,(anonymous_14)
FN:148,(anonymous_15)
FN:158,(anonymous_16)
FN:164,(anonymous_17)
FNF:17
FNH:16
FNDA:1,(anonymous_1)
FNDA:5,(anonymous_2)
FNDA:3,(anonymous_3)
FNDA:2,(anonymous_4)
FNDA:6,(anonymous_5)
FNDA:6,(anonymous_6)
FNDA:1,(anonymous_7)
FNDA:1,(anonymous_8)
FNDA:1,(anonymous_9)
FNDA:1,(anonymous_10)
FNDA:0,(anonymous_11)
FNDA:2,(anonymous_12)
FNDA:3,(anonymous_13)
FNDA:3,(anonymous_14)
FNDA:1,(anonymous_15)
FNDA:2,(anonymous_16)
FNDA:12,(anonymous_17)
DA:1,1
DA:2,1
DA:38,1
DA:51,40
DA:53,1
DA:58,5
DA:70,3
DA:74,2
DA:78,6
DA:80,6
DA:83,6
DA:85,3
DA:86,3
DA:88,3
DA:90,2
DA:91,2
DA:93,2
DA:95,1
DA:96,1
DA:98,1
DA:101,0
DA:105,6
DA:106,6
DA:109,6
DA:120,1
DA:122,1
DA:125,1
DA:126,1
DA:127,1
DA:128,2
DA:130,1
DA:141,3
DA:145,3
DA:149,1
DA:150,1
DA:159,2
DA:160,2
DA:165,12
LF:38
LH:37
BRDA:83,0,0,3
BRDA:83,0,1,2
BRDA:83,0,2,1
BRDA:83,0,3,0
BRDA:85,1,0,3
BRDA:90,2,0,2
BRDA:95,3,0,1
BRDA:105,4,0,6
BRF:8
BRH:7
end_of_record
TN:
SF:stores/useUIStore.ts
FN:61,(anonymous_1)
FN:65,(anonymous_2)
FN:68,(anonymous_3)
FN:70,(anonymous_4)
FN:78,(anonymous_5)
FN:81,(anonymous_6)
FN:83,(anonymous_7)
FN:91,(anonymous_8)
FN:93,(anonymous_9)
FN:103,(anonymous_10)
FN:105,(anonymous_11)
FN:115,(anonymous_12)
FN:129,(anonymous_13)
FN:131,(anonymous_14)
FN:138,(anonymous_15)
FN:140,(anonymous_16)
FN:142,(anonymous_17)
FN:149,(anonymous_18)
FN:153,(anonymous_19)
FN:161,(anonymous_20)
FNF:20
FNH:20
FNDA:4,(anonymous_1)
FNDA:2,(anonymous_2)
FNDA:2,(anonymous_3)
FNDA:2,(anonymous_4)
FNDA:2,(anonymous_5)
FNDA:2,(anonymous_6)
FNDA:2,(anonymous_7)
FNDA:7,(anonymous_8)
FNDA:7,(anonymous_9)
FNDA:1,(anonymous_10)
FNDA:1,(anonymous_11)
FNDA:1,(anonymous_12)
FNDA:7,(anonymous_13)
FNDA:7,(anonymous_14)
FNDA:1,(anonymous_15)
FNDA:1,(anonymous_16)
FNDA:2,(anonymous_17)
FNDA:1,(anonymous_18)
FNDA:12,(anonymous_19)
FNDA:38,(anonymous_20)
DA:1,4
DA:2,4
DA:47,4
DA:58,140
DA:61,4
DA:66,2
DA:69,2
DA:70,2
DA:79,2
DA:82,2
DA:83,2
DA:92,7
DA:93,7
DA:104,1
DA:105,1
DA:116,1
DA:130,7
DA:131,7
DA:139,1
DA:140,1
DA:142,2
DA:150,1
DA:154,12
DA:155,12
DA:161,38
LF:25
LH:25
BRDA:71,0,0,1
BRDA:71,0,1,1
BRF:2
BRH:2
end_of_record
